<?xml version='1.0' encoding='UTF-8'?>
<testsuite name="JUnit Jupiter" tests="218" skipped="2" failures="10" errors="6" time="13.438" hostname="DESKTOP-JJM3BL5" timestamp="2021-12-27T19:39:27">
<properties>
<property name="CONSOLE_LOG_CHARSET" value="UTF-8"/>
<property name="FILE_LOG_CHARSET" value="UTF-8"/>
<property name="PID" value="1872"/>
<property name="awt.toolkit" value="sun.awt.windows.WToolkit"/>
<property name="file.encoding" value="UTF-8"/>
<property name="file.encoding.pkg" value="sun.io"/>
<property name="file.separator" value="\"/>
<property name="java.awt.graphicsenv" value="sun.awt.Win32GraphicsEnvironment"/>
<property name="java.awt.headless" value="true"/>
<property name="java.awt.printerjob" value="sun.awt.windows.WPrinterJob"/>
<property name="java.class.path" value="C:\Program Files\Java\jdk1.8.0_251\jre\lib\charsets.jar;C:\Program Files\Java\jdk1.8.0_251\jre\lib\deploy.jar;C:\Program Files\Java\jdk1.8.0_251\jre\lib\ext\access-bridge-64.jar;C:\Program Files\Java\jdk1.8.0_251\jre\lib\ext\cldrdata.jar;C:\Program Files\Java\jdk1.8.0_251\jre\lib\ext\dnsns.jar;C:\Program Files\Java\jdk1.8.0_251\jre\lib\ext\jaccess.jar;C:\Program Files\Java\jdk1.8.0_251\jre\lib\ext\jfxrt.jar;C:\Program Files\Java\jdk1.8.0_251\jre\lib\ext\localedata.jar;C:\Program Files\Java\jdk1.8.0_251\jre\lib\ext\nashorn.jar;C:\Program Files\Java\jdk1.8.0_251\jre\lib\ext\sunec.jar;C:\Program Files\Java\jdk1.8.0_251\jre\lib\ext\sunjce_provider.jar;C:\Program Files\Java\jdk1.8.0_251\jre\lib\ext\sunmscapi.jar;C:\Program Files\Java\jdk1.8.0_251\jre\lib\ext\sunpkcs11.jar;C:\Program Files\Java\jdk1.8.0_251\jre\lib\ext\zipfs.jar;C:\Program Files\Java\jdk1.8.0_251\jre\lib\javaws.jar;C:\Program Files\Java\jdk1.8.0_251\jre\lib\jce.jar;C:\Program Files\Java\jdk1.8.0_251\jre\lib\jfr.jar;C:\Program Files\Java\jdk1.8.0_251\jre\lib\jfxswt.jar;C:\Program Files\Java\jdk1.8.0_251\jre\lib\jsse.jar;C:\Program Files\Java\jdk1.8.0_251\jre\lib\management-agent.jar;C:\Program Files\Java\jdk1.8.0_251\jre\lib\plugin.jar;C:\Program Files\Java\jdk1.8.0_251\jre\lib\resources.jar;C:\Program Files\Java\jdk1.8.0_251\jre\lib\rt.jar;C:\Program Files\Java\jdk1.8.0_251\lib\tools.jar;C:\Project\autotest-sutdy\target\classes;D:\.m2\repository\org\springframework\boot\spring-boot-starter-web\2.5.5\spring-boot-starter-web-2.5.5.jar;D:\.m2\repository\org\springframework\boot\spring-boot-starter\2.5.5\spring-boot-starter-2.5.5.jar;D:\.m2\repository\org\springframework\boot\spring-boot\2.5.5\spring-boot-2.5.5.jar;D:\.m2\repository\org\springframework\boot\spring-boot-starter-logging\2.5.5\spring-boot-starter-logging-2.5.5.jar;D:\.m2\repository\ch\qos\logback\logback-classic\1.2.6\logback-classic-1.2.6.jar;D:\.m2\repository\ch\qos\logback\logback-core\1.2.6\logback-core-1.2.6.jar;D:\.m2\repository\org\apache\logging\log4j\log4j-to-slf4j\2.14.1\log4j-to-slf4j-2.14.1.jar;D:\.m2\repository\org\apache\logging\log4j\log4j-api\2.14.1\log4j-api-2.14.1.jar;D:\.m2\repository\org\slf4j\jul-to-slf4j\1.7.32\jul-to-slf4j-1.7.32.jar;D:\.m2\repository\jakarta\annotation\jakarta.annotation-api\1.3.5\jakarta.annotation-api-1.3.5.jar;D:\.m2\repository\org\springframework\boot\spring-boot-starter-json\2.5.5\spring-boot-starter-json-2.5.5.jar;D:\.m2\repository\com\fasterxml\jackson\datatype\jackson-datatype-jdk8\2.12.5\jackson-datatype-jdk8-2.12.5.jar;D:\.m2\repository\com\fasterxml\jackson\module\jackson-module-parameter-names\2.12.5\jackson-module-parameter-names-2.12.5.jar;D:\.m2\repository\org\springframework\spring-web\5.3.10\spring-web-5.3.10.jar;D:\.m2\repository\org\springframework\spring-beans\5.3.10\spring-beans-5.3.10.jar;D:\.m2\repository\org\springframework\spring-webmvc\5.3.10\spring-webmvc-5.3.10.jar;D:\.m2\repository\org\springframework\spring-expression\5.3.10\spring-expression-5.3.10.jar;D:\.m2\repository\org\springframework\cloud\spring-cloud-openfeign-core\3.0.1\spring-cloud-openfeign-core-3.0.1.jar;D:\.m2\repository\org\springframework\boot\spring-boot-autoconfigure\2.5.5\spring-boot-autoconfigure-2.5.5.jar;D:\.m2\repository\io\github\openfeign\form\feign-form-spring\3.8.0\feign-form-spring-3.8.0.jar;D:\.m2\repository\io\github\openfeign\form\feign-form\3.8.0\feign-form-3.8.0.jar;D:\.m2\repository\commons-fileupload\commons-fileupload\1.4\commons-fileupload-1.4.jar;D:\.m2\repository\org\springframework\cloud\spring-cloud-starter-openfeign\3.0.4\spring-cloud-starter-openfeign-3.0.4.jar;D:\.m2\repository\org\springframework\cloud\spring-cloud-starter\3.0.4\spring-cloud-starter-3.0.4.jar;D:\.m2\repository\org\springframework\cloud\spring-cloud-context\3.0.4\spring-cloud-context-3.0.4.jar;D:\.m2\repository\org\springframework\security\spring-security-rsa\1.0.10.RELEASE\spring-security-rsa-1.0.10.RELEASE.jar;D:\.m2\repository\org\bouncycastle\bcpkix-jdk15on\1.68\bcpkix-jdk15on-1.68.jar;D:\.m2\repository\org\bouncycastle\bcprov-jdk15on\1.68\bcprov-jdk15on-1.68.jar;D:\.m2\repository\org\springframework\cloud\spring-cloud-commons\3.0.4\spring-cloud-commons-3.0.4.jar;D:\.m2\repository\org\springframework\security\spring-security-crypto\5.5.2\spring-security-crypto-5.5.2.jar;D:\.m2\repository\io\github\openfeign\feign-core\10.12\feign-core-10.12.jar;D:\.m2\repository\io\github\openfeign\feign-slf4j\10.12\feign-slf4j-10.12.jar;D:\.m2\repository\org\springframework\boot\spring-boot-starter-aop\2.5.5\spring-boot-starter-aop-2.5.5.jar;D:\.m2\repository\org\springframework\spring-aop\5.3.10\spring-aop-5.3.10.jar;D:\.m2\repository\org\aspectj\aspectjweaver\1.9.7\aspectjweaver-1.9.7.jar;D:\.m2\repository\org\springframework\boot\spring-boot-starter-undertow\2.5.5\spring-boot-starter-undertow-2.5.5.jar;D:\.m2\repository\io\undertow\undertow-core\2.2.10.Final\undertow-core-2.2.10.Final.jar;D:\.m2\repository\org\jboss\logging\jboss-logging\3.4.2.Final\jboss-logging-3.4.2.Final.jar;D:\.m2\repository\org\jboss\xnio\xnio-api\3.8.4.Final\xnio-api-3.8.4.Final.jar;D:\.m2\repository\org\wildfly\common\wildfly-common\1.5.2.Final\wildfly-common-1.5.2.Final.jar;D:\.m2\repository\org\wildfly\client\wildfly-client-config\1.0.1.Final\wildfly-client-config-1.0.1.Final.jar;D:\.m2\repository\org\jboss\xnio\xnio-nio\3.8.4.Final\xnio-nio-3.8.4.Final.jar;D:\.m2\repository\org\jboss\threads\jboss-threads\3.1.0.Final\jboss-threads-3.1.0.Final.jar;D:\.m2\repository\io\undertow\undertow-servlet\2.2.10.Final\undertow-servlet-2.2.10.Final.jar;D:\.m2\repository\org\jboss\spec\javax\annotation\jboss-annotations-api_1.3_spec\2.0.1.Final\jboss-annotations-api_1.3_spec-2.0.1.Final.jar;D:\.m2\repository\io\undertow\undertow-websockets-jsr\2.2.10.Final\undertow-websockets-jsr-2.2.10.Final.jar;D:\.m2\repository\org\jboss\spec\javax\websocket\jboss-websocket-api_1.1_spec\2.0.0.Final\jboss-websocket-api_1.1_spec-2.0.0.Final.jar;D:\.m2\repository\jakarta\servlet\jakarta.servlet-api\4.0.4\jakarta.servlet-api-4.0.4.jar;D:\.m2\repository\org\apache\tomcat\embed\tomcat-embed-el\9.0.53\tomcat-embed-el-9.0.53.jar;D:\.m2\repository\org\springframework\boot\spring-boot-starter-test\2.5.5\spring-boot-starter-test-2.5.5.jar;D:\.m2\repository\org\springframework\boot\spring-boot-test\2.5.5\spring-boot-test-2.5.5.jar;D:\.m2\repository\org\springframework\boot\spring-boot-test-autoconfigure\2.5.5\spring-boot-test-autoconfigure-2.5.5.jar;D:\.m2\repository\com\jayway\jsonpath\json-path\2.5.0\json-path-2.5.0.jar;D:\.m2\repository\net\minidev\json-smart\2.4.7\json-smart-2.4.7.jar;D:\.m2\repository\net\minidev\accessors-smart\2.4.7\accessors-smart-2.4.7.jar;D:\.m2\repository\jakarta\xml\bind\jakarta.xml.bind-api\2.3.3\jakarta.xml.bind-api-2.3.3.jar;D:\.m2\repository\jakarta\activation\jakarta.activation-api\1.2.2\jakarta.activation-api-1.2.2.jar;D:\.m2\repository\org\assertj\assertj-core\3.19.0\assertj-core-3.19.0.jar;D:\.m2\repository\org\hamcrest\hamcrest\2.2\hamcrest-2.2.jar;D:\.m2\repository\org\mockito\mockito-core\3.9.0\mockito-core-3.9.0.jar;D:\.m2\repository\net\bytebuddy\byte-buddy-agent\1.10.22\byte-buddy-agent-1.10.22.jar;D:\.m2\repository\org\objenesis\objenesis\3.2\objenesis-3.2.jar;D:\.m2\repository\org\skyscreamer\jsonassert\1.5.0\jsonassert-1.5.0.jar;D:\.m2\repository\com\vaadin\external\google\android-json\0.0.20131108.vaadin1\android-json-0.0.20131108.vaadin1.jar;D:\.m2\repository\org\springframework\spring-core\5.3.10\spring-core-5.3.10.jar;D:\.m2\repository\org\springframework\spring-jcl\5.3.10\spring-jcl-5.3.10.jar;D:\.m2\repository\org\springframework\spring-test\5.3.10\spring-test-5.3.10.jar;D:\.m2\repository\org\xmlunit\xmlunit-core\2.8.2\xmlunit-core-2.8.2.jar;D:\.m2\repository\io\springfox\springfox-boot-starter\3.0.0\springfox-boot-starter-3.0.0.jar;D:\.m2\repository\io\springfox\springfox-oas\3.0.0\springfox-oas-3.0.0.jar;D:\.m2\repository\io\swagger\core\v3\swagger-annotations\2.1.2\swagger-annotations-2.1.2.jar;D:\.m2\repository\io\swagger\core\v3\swagger-models\2.1.2\swagger-models-2.1.2.jar;D:\.m2\repository\io\springfox\springfox-spi\3.0.0\springfox-spi-3.0.0.jar;D:\.m2\repository\io\springfox\springfox-schema\3.0.0\springfox-schema-3.0.0.jar;D:\.m2\repository\io\springfox\springfox-core\3.0.0\springfox-core-3.0.0.jar;D:\.m2\repository\io\springfox\springfox-spring-web\3.0.0\springfox-spring-web-3.0.0.jar;D:\.m2\repository\io\github\classgraph\classgraph\4.8.83\classgraph-4.8.83.jar;D:\.m2\repository\io\springfox\springfox-spring-webmvc\3.0.0\springfox-spring-webmvc-3.0.0.jar;D:\.m2\repository\io\springfox\springfox-spring-webflux\3.0.0\springfox-spring-webflux-3.0.0.jar;D:\.m2\repository\io\springfox\springfox-swagger-common\3.0.0\springfox-swagger-common-3.0.0.jar;D:\.m2\repository\org\mapstruct\mapstruct\1.3.1.Final\mapstruct-1.3.1.Final.jar;D:\.m2\repository\io\springfox\springfox-data-rest\3.0.0\springfox-data-rest-3.0.0.jar;D:\.m2\repository\io\springfox\springfox-bean-validators\3.0.0\springfox-bean-validators-3.0.0.jar;D:\.m2\repository\io\springfox\springfox-swagger2\3.0.0\springfox-swagger2-3.0.0.jar;D:\.m2\repository\io\swagger\swagger-annotations\1.5.20\swagger-annotations-1.5.20.jar;D:\.m2\repository\io\swagger\swagger-models\1.5.20\swagger-models-1.5.20.jar;D:\.m2\repository\io\springfox\springfox-swagger-ui\3.0.0\springfox-swagger-ui-3.0.0.jar;D:\.m2\repository\com\fasterxml\classmate\1.5.1\classmate-1.5.1.jar;D:\.m2\repository\org\slf4j\slf4j-api\1.7.32\slf4j-api-1.7.32.jar;D:\.m2\repository\org\springframework\plugin\spring-plugin-core\2.0.0.RELEASE\spring-plugin-core-2.0.0.RELEASE.jar;D:\.m2\repository\org\springframework\plugin\spring-plugin-metadata\2.0.0.RELEASE\spring-plugin-metadata-2.0.0.RELEASE.jar;D:\.m2\repository\com\squareup\okhttp3\okhttp\3.14.9\okhttp-3.14.9.jar;D:\.m2\repository\com\squareup\okio\okio\1.17.2\okio-1.17.2.jar;D:\.m2\repository\org\junit\jupiter\junit-jupiter\5.8.1\junit-jupiter-5.8.1.jar;D:\.m2\repository\org\junit\jupiter\junit-jupiter-api\5.8.1\junit-jupiter-api-5.8.1.jar;D:\.m2\repository\org\opentest4j\opentest4j\1.2.0\opentest4j-1.2.0.jar;D:\.m2\repository\org\junit\jupiter\junit-jupiter-params\5.8.1\junit-jupiter-params-5.8.1.jar;D:\.m2\repository\org\junit\jupiter\junit-jupiter-engine\5.8.1\junit-jupiter-engine-5.8.1.jar;D:\.m2\repository\org\junit\vintage\junit-vintage-engine\5.8.1\junit-vintage-engine-5.8.1.jar;D:\.m2\repository\org\junit\platform\junit-platform-engine\1.8.1\junit-platform-engine-1.8.1.jar;D:\.m2\repository\junit\junit\4.13.2\junit-4.13.2.jar;D:\.m2\repository\org\hamcrest\hamcrest-core\2.2\hamcrest-core-2.2.jar;D:\.m2\repository\org\apiguardian\apiguardian-api\1.1.2\apiguardian-api-1.1.2.jar;D:\.m2\repository\org\junit\platform\junit-platform-runner\1.8.2\junit-platform-runner-1.8.2.jar;D:\.m2\repository\org\junit\platform\junit-platform-launcher\1.8.1\junit-platform-launcher-1.8.1.jar;D:\.m2\repository\org\junit\platform\junit-platform-suite-commons\1.8.1\junit-platform-suite-commons-1.8.1.jar;D:\.m2\repository\org\junit\platform\junit-platform-suite-api\1.8.2\junit-platform-suite-api-1.8.2.jar;D:\.m2\repository\org\junit\platform\junit-platform-commons\1.8.1\junit-platform-commons-1.8.1.jar;D:\.m2\repository\org\junit\platform\junit-platform-reporting\1.8.2\junit-platform-reporting-1.8.2.jar;D:\.m2\repository\com\fasterxml\jackson\core\jackson-databind\2.12.5\jackson-databind-2.12.5.jar;D:\.m2\repository\com\fasterxml\jackson\core\jackson-core\2.12.5\jackson-core-2.12.5.jar;D:\.m2\repository\com\fasterxml\jackson\core\jackson-annotations\2.12.5\jackson-annotations-2.12.5.jar;D:\.m2\repository\com\fasterxml\jackson\datatype\jackson-datatype-jsr310\2.12.5\jackson-datatype-jsr310-2.12.5.jar;D:\.m2\repository\com\fasterxml\jackson\module\jackson-module-paranamer\2.12.5\jackson-module-paranamer-2.12.5.jar;D:\.m2\repository\com\thoughtworks\paranamer\paranamer\2.8\paranamer-2.8.jar;D:\.m2\repository\com\fasterxml\jackson\dataformat\jackson-dataformat-csv\2.12.5\jackson-dataformat-csv-2.12.5.jar;D:\.m2\repository\com\fasterxml\jackson\dataformat\jackson-dataformat-xml\2.12.5\jackson-dataformat-xml-2.12.5.jar;D:\.m2\repository\com\fasterxml\jackson\module\jackson-module-jaxb-annotations\2.12.5\jackson-module-jaxb-annotations-2.12.5.jar;D:\.m2\repository\org\codehaus\woodstox\stax2-api\4.2.1\stax2-api-4.2.1.jar;D:\.m2\repository\com\fasterxml\woodstox\woodstox-core\6.2.4\woodstox-core-6.2.4.jar;D:\.m2\repository\org\yaml\snakeyaml\1.28\snakeyaml-1.28.jar;D:\.m2\repository\com\alibaba\fastjson\1.2.76\fastjson-1.2.76.jar;D:\.m2\repository\com\massisframework\j-text-utils\0.3.4\j-text-utils-0.3.4.jar;D:\.m2\repository\commons-lang\commons-lang\2.6\commons-lang-2.6.jar;D:\.m2\repository\au\com\bytecode\opencsv\2.4\opencsv-2.4.jar;D:\.m2\repository\org\openjdk\jmh\jmh-core\1.29\jmh-core-1.29.jar;D:\.m2\repository\net\sf\jopt-simple\jopt-simple\4.6\jopt-simple-4.6.jar;D:\.m2\repository\org\apache\commons\commons-math3\3.2\commons-math3-3.2.jar;D:\.m2\repository\org\openjdk\jmh\jmh-generator-annprocess\1.29\jmh-generator-annprocess-1.29.jar;D:\.m2\repository\cn\hutool\hutool-all\5.6.5\hutool-all-5.6.5.jar;D:\.m2\repository\io\appium\java-client\7.5.1\java-client-7.5.1.jar;D:\.m2\repository\org\seleniumhq\selenium\selenium-support\3.141.59\selenium-support-3.141.59.jar;D:\.m2\repository\org\seleniumhq\selenium\selenium-api\3.141.59\selenium-api-3.141.59.jar;D:\.m2\repository\org\apache\httpcomponents\httpclient\4.5.13\httpclient-4.5.13.jar;D:\.m2\repository\org\apache\httpcomponents\httpcore\4.4.14\httpcore-4.4.14.jar;D:\.m2\repository\commons-codec\commons-codec\1.15\commons-codec-1.15.jar;D:\.m2\repository\cglib\cglib\3.3.0\cglib-3.3.0.jar;D:\.m2\repository\org\ow2\asm\asm\7.1\asm-7.1.jar;D:\.m2\repository\commons-validator\commons-validator\1.7\commons-validator-1.7.jar;D:\.m2\repository\commons-beanutils\commons-beanutils\1.9.4\commons-beanutils-1.9.4.jar;D:\.m2\repository\commons-digester\commons-digester\2.1\commons-digester-2.1.jar;D:\.m2\repository\commons-logging\commons-logging\1.2\commons-logging-1.2.jar;D:\.m2\repository\commons-collections\commons-collections\3.2.2\commons-collections-3.2.2.jar;D:\.m2\repository\org\apache\commons\commons-lang3\3.12.0\commons-lang3-3.12.0.jar;D:\.m2\repository\commons-io\commons-io\2.8.0\commons-io-2.8.0.jar;D:\.m2\repository\org\springframework\spring-context\5.3.10\spring-context-5.3.10.jar;D:\.m2\repository\com\microsoft\playwright\playwright\1.11.0\playwright-1.11.0.jar;D:\.m2\repository\org\java-websocket\Java-WebSocket\1.5.1\Java-WebSocket-1.5.1.jar;D:\.m2\repository\com\microsoft\playwright\driver\1.11.0\driver-1.11.0.jar;D:\.m2\repository\com\microsoft\playwright\driver-bundle\1.11.0\driver-bundle-1.11.0.jar;D:\.m2\repository\com\github\spullara\mustache\java\compiler\0.9.7\compiler-0.9.7.jar;D:\.m2\repository\org\seleniumhq\selenium\selenium-java\3.141.59\selenium-java-3.141.59.jar;D:\.m2\repository\org\seleniumhq\selenium\selenium-chrome-driver\3.141.59\selenium-chrome-driver-3.141.59.jar;D:\.m2\repository\org\seleniumhq\selenium\selenium-firefox-driver\3.141.59\selenium-firefox-driver-3.141.59.jar;D:\.m2\repository\org\seleniumhq\selenium\selenium-ie-driver\3.141.59\selenium-ie-driver-3.141.59.jar;D:\.m2\repository\org\seleniumhq\selenium\selenium-opera-driver\3.141.59\selenium-opera-driver-3.141.59.jar;D:\.m2\repository\org\seleniumhq\selenium\selenium-remote-driver\3.141.59\selenium-remote-driver-3.141.59.jar;D:\.m2\repository\org\seleniumhq\selenium\selenium-safari-driver\3.141.59\selenium-safari-driver-3.141.59.jar;D:\.m2\repository\net\bytebuddy\byte-buddy\1.10.22\byte-buddy-1.10.22.jar;D:\.m2\repository\org\apache\commons\commons-exec\1.3\commons-exec-1.3.jar;D:\.m2\repository\com\google\guava\guava\30.1.1-jre\guava-30.1.1-jre.jar;D:\.m2\repository\com\google\guava\failureaccess\1.0.1\failureaccess-1.0.1.jar;D:\.m2\repository\com\google\guava\listenablefuture\9999.0-empty-to-avoid-conflict-with-guava\listenablefuture-9999.0-empty-to-avoid-conflict-with-guava.jar;D:\.m2\repository\com\google\code\findbugs\jsr305\3.0.2\jsr305-3.0.2.jar;D:\.m2\repository\org\checkerframework\checker-qual\3.8.0\checker-qual-3.8.0.jar;D:\.m2\repository\com\google\errorprone\error_prone_annotations\2.5.1\error_prone_annotations-2.5.1.jar;D:\.m2\repository\com\google\j2objc\j2objc-annotations\1.3\j2objc-annotations-1.3.jar;D:\.m2\repository\com\google\code\gson\gson\2.8.8\gson-2.8.8.jar;D:\.m2\repository\org\projectlombok\lombok\1.18.20\lombok-1.18.20.jar;C:\Program Files\JetBrains\IntelliJ IDEA Community Edition 2021.1\lib\idea_rt.jar"/>
<property name="java.class.version" value="52.0"/>
<property name="java.endorsed.dirs" value="C:\Program Files\Java\jdk1.8.0_251\jre\lib\endorsed"/>
<property name="java.ext.dirs" value="C:\Program Files\Java\jdk1.8.0_251\jre\lib\ext;C:\Windows\Sun\Java\lib\ext"/>
<property name="java.home" value="C:\Program Files\Java\jdk1.8.0_251\jre"/>
<property name="java.io.tmpdir" value="C:\Users\renyiwei\AppData\Local\Temp\"/>
<property name="java.library.path" value="C:\Program Files\Java\jdk1.8.0_251\bin;C:\Windows\Sun\Java\bin;C:\Windows\system32;C:\Windows;C:\Python39\Scripts\;C:\Python39\;C:\Program Files (x86)\Common Files\Oracle\Java\javapath;C:\Windows\system32;C:\Windows;C:\Windows\System32\Wbem;C:\Windows\System32\WindowsPowerShell\v1.0\;C:\Windows\System32\OpenSSH\;C:\Program Files\Java\jdk1.8.0_251\bin;C:\Program Files\maven\apache-maven-3.6.3-bin\apache-maven-3.6.3\bin;C:\Program Files\maven\apache-maven-3.6.3-bin\apache-maven-3.6.3\bin;C:\Users\任一伟\AppData\Local\Programs\Python\Python37\Scripts\;C:;Users\任一伟\AppData\Local\Programs\Python\Python37\;C:;Anaconda;C:\Anaconda\Scripts;C:\ProgramData\chocolatey\bin;C:\Program Files (x86)\Gow\bin;C:\Program Files\Git\cmd;C:\Program Files\nodejs\;C:\Program Files\dotnet\;C:\Program Files\Docker\Docker\resources\bin;C:\ProgramData\DockerDesktop\version-bin;C:\Users\任一伟\AppData\Local\Programs\Python\Python37\Scripts\;C:\Users\任一伟\AppData\Local\Programs\Python\Python37\;C:\Users\renyiwei\AppData\Local\Microsoft\WindowsApps;C:\Program Files\JetBrains\IntelliJ IDEA Community Edition 2021.1\bin;;C:\Program Files\JetBrains\PyCharm Community Edition 2020.3.2\bin;;C:\Users\renyiwei\AppData\Roaming\npm;C:\Users\renyiwei\AppData\Local\Programs\Microsoft VS Code\bin;."/>
<property name="java.runtime.name" value="Java(TM) SE Runtime Environment"/>
<property name="java.runtime.version" value="1.8.0_251-b08"/>
<property name="java.specification.name" value="Java Platform API Specification"/>
<property name="java.specification.vendor" value="Oracle Corporation"/>
<property name="java.specification.version" value="1.8"/>
<property name="java.vendor" value="Oracle Corporation"/>
<property name="java.vendor.url" value="http://java.oracle.com/"/>
<property name="java.vendor.url.bug" value="http://bugreport.sun.com/bugreport/"/>
<property name="java.version" value="1.8.0_251"/>
<property name="java.vm.info" value="mixed mode"/>
<property name="java.vm.name" value="Java HotSpot(TM) 64-Bit Server VM"/>
<property name="java.vm.specification.name" value="Java Virtual Machine Specification"/>
<property name="java.vm.specification.vendor" value="Oracle Corporation"/>
<property name="java.vm.specification.version" value="1.8"/>
<property name="java.vm.vendor" value="Oracle Corporation"/>
<property name="java.vm.version" value="25.251-b08"/>
<property name="line.separator" value="&#xd;&#xa;"/>
<property name="os.arch" value="amd64"/>
<property name="os.name" value="Windows 10"/>
<property name="os.version" value="10.0"/>
<property name="path.separator" value=";"/>
<property name="spring.beaninfo.ignore" value="true"/>
<property name="sun.arch.data.model" value="64"/>
<property name="sun.boot.class.path" value="C:\Program Files\Java\jdk1.8.0_251\jre\lib\resources.jar;C:\Program Files\Java\jdk1.8.0_251\jre\lib\rt.jar;C:\Program Files\Java\jdk1.8.0_251\jre\lib\sunrsasign.jar;C:\Program Files\Java\jdk1.8.0_251\jre\lib\jsse.jar;C:\Program Files\Java\jdk1.8.0_251\jre\lib\jce.jar;C:\Program Files\Java\jdk1.8.0_251\jre\lib\charsets.jar;C:\Program Files\Java\jdk1.8.0_251\jre\lib\jfr.jar;C:\Program Files\Java\jdk1.8.0_251\jre\classes"/>
<property name="sun.boot.library.path" value="C:\Program Files\Java\jdk1.8.0_251\jre\bin"/>
<property name="sun.cpu.endian" value="little"/>
<property name="sun.cpu.isalist" value="amd64"/>
<property name="sun.desktop" value="windows"/>
<property name="sun.io.unicode.encoding" value="UnicodeLittle"/>
<property name="sun.java.command" value="com.evie.autotest.AutotestApplication"/>
<property name="sun.java.launcher" value="SUN_STANDARD"/>
<property name="sun.jnu.encoding" value="GBK"/>
<property name="sun.management.compiler" value="HotSpot 64-Bit Tiered Compilers"/>
<property name="sun.nio.ch.bugLevel" value=""/>
<property name="sun.os.patch.level" value=""/>
<property name="user.country" value="CN"/>
<property name="user.dir" value="C:\Project\autotest-sutdy"/>
<property name="user.home" value="C:\Users\renyiwei"/>
<property name="user.language" value="zh"/>
<property name="user.name" value="renyiwei"/>
<property name="user.script" value=""/>
<property name="user.timezone" value="Asia/Shanghai"/>
<property name="user.variant" value=""/>
</properties>
<testcase name="test_123718()" classname="com.evie.autotest.platform.testcase.example.xUnit0410.TestJunit5Example" time="0.25">
<system-out><![CDATA[
unique-id: [engine:junit-jupiter]/[class:com.evie.autotest.platform.testcase.example.xUnit0410.TestJunit5Example]/[method:test_123718()]
display-name: test 123718
]]></system-out>
</testcase>
<testcase name="test_1273917()[10]" classname="com.evie.autotest.platform.testcase.example.xUnit0410.TestJunit5Example" time="0.001">
<system-out><![CDATA[
unique-id: [engine:junit-jupiter]/[class:com.evie.autotest.platform.testcase.example.xUnit0410.TestJunit5Example]/[test-template:test_1273917()]/[test-template-invocation:#10]
display-name: repetition 10 of 10
]]></system-out>
</testcase>
<testcase name="test_12989(String)[1]" classname="com.evie.autotest.platform.testcase.example.xUnit0410.TestJunit5Example" time="0">
<system-out><![CDATA[
unique-id: [engine:junit-jupiter]/[class:com.evie.autotest.platform.testcase.example.xUnit0410.TestJunit5Example]/[test-template:test_12989(java.lang.String)]/[test-template-invocation:#1]
display-name: [1] test=test
]]></system-out>
</testcase>
<testcase name="test_a_1_a_1()" classname="com.evie.autotest.platform.testcase.example.xUnit0410.TestJunit5Example" time="0">
<skipped><![CDATA[void com.evie.autotest.platform.testcase.example.xUnit0410.TestJunit5Example.test_a_1_a_1() is @Disabled]]></skipped>
<system-out><![CDATA[
unique-id: [engine:junit-jupiter]/[class:com.evie.autotest.platform.testcase.example.xUnit0410.TestJunit5Example]/[method:test_a_1_a_1()]
display-name: test a 1 a 1
]]></system-out>
</testcase>
<testcase name="testWithExplicitJavaTimeConverter(LocalDate)[2]" classname="com.evie.autotest.platform.testcase.example.xUnit0410.TestJunit5Example" time="0.001">
<system-out><![CDATA[
unique-id: [engine:junit-jupiter]/[class:com.evie.autotest.platform.testcase.example.xUnit0410.TestJunit5Example]/[test-template:testWithExplicitJavaTimeConverter(java.time.LocalDate)]/[test-template-invocation:#2]
display-name: [2] argument=2017.12.31
]]></system-out>
</testcase>
<testcase name="testWithExplicitJavaTimeConverter(LocalDate)[1]" classname="com.evie.autotest.platform.testcase.example.xUnit0410.TestJunit5Example" time="0.004">
<system-out><![CDATA[
unique-id: [engine:junit-jupiter]/[class:com.evie.autotest.platform.testcase.example.xUnit0410.TestJunit5Example]/[test-template:testWithExplicitJavaTimeConverter(java.time.LocalDate)]/[test-template-invocation:#1]
display-name: [1] argument=2017.01.01
]]></system-out>
</testcase>
<testcase name="test_127389172()" classname="com.evie.autotest.platform.testcase.example.xUnit0410.TestJunit5Example" time="0.001">
<system-out><![CDATA[
unique-id: [engine:junit-jupiter]/[class:com.evie.autotest.platform.testcase.example.xUnit0410.TestJunit5Example]/[method:test_127389172()]
display-name: test 127389172
]]></system-out>
</testcase>
<testcase name="returnElementWhenPopped()" classname="com.evie.autotest.platform.testcase.example.xUnit0410.TestJunit5Example$WhenNew$AfterPushing" time="0.001">
<system-out><![CDATA[
unique-id: [engine:junit-jupiter]/[class:com.evie.autotest.platform.testcase.example.xUnit0410.TestJunit5Example]/[nested-class:WhenNew]/[nested-class:AfterPushing]/[method:returnElementWhenPopped()]
display-name: returns the element when popped and is empty
]]></system-out>
</testcase>
<testcase name="test_12739172(List)[1]" classname="com.evie.autotest.platform.testcase.example.xUnit0410.TestJunit5Example" time="0.003">
<system-out><![CDATA[
unique-id: [engine:junit-jupiter]/[class:com.evie.autotest.platform.testcase.example.xUnit0410.TestJunit5Example]/[test-template:test_12739172(java.util.List)]/[test-template-invocation:#1]
display-name: [1] jsonObject=[1,2]
]]></system-out>
</testcase>
<testcase name="test_12738(Object)[1]" classname="com.evie.autotest.platform.testcase.example.xUnit0410.TestJunit5Example" time="0.001">
<error message="syntax error, expect {, actual [, pos 1, line 1, column 2[&#xd;&#xa;  {&#xd;&#xa;    &quot;name&quot;: &quot;wwrtx.i18n_lan&quot;,&#xd;&#xa;    &quot;value&quot;: &quot;en&quot;,&#xd;&#xa;    &quot;url&quot;: null,&#xd;&#xa;    &quot;domain&quot;: &quot;.work.weixin.qq.com&quot;,&#xd;&#xa;    &quot;path&quot;: &quot;/&quot;,&#xd;&#xa;    &quot;expires&quot;: 1.625136792921994E9,&#xd;&#xa;    &quot;httpOnly&quot;: false,&#xd;&#xa;    &quot;secure&quot;: false,&#xd;&#xa;    &quot;sameSite&quot;: &quot;NONE&quot;&#xd;&#xa;  },&#xd;&#xa;  {&#xd;&#xa;    &quot;name&quot;: &quot;wwrtx.c_gdpr&quot;,&#xd;&#xa;    &quot;value&quot;: &quot;0&quot;,&#xd;&#xa;    &quot;url&quot;: null,&#xd;&#xa;    &quot;domain&quot;: &quot;.work.weixin.qq.com&quot;,&#xd;&#xa;    &quot;path&quot;: &quot;/&quot;,&#xd;&#xa;    &quot;expires&quot;: 1.654080789224214E9,&#xd;&#xa;    &quot;httpOnly&quot;: false,&#xd;&#xa;    &quot;secure&quot;: false,&#xd;&#xa;    &quot;sameSite&quot;: &quot;NONE&quot;&#xd;&#xa;  },&#xd;&#xa;  {&#xd;&#xa;    &quot;name&quot;: &quot;ww_rtkey&quot;,&#xd;&#xa;    &quot;value&quot;: &quot;f82juj&quot;,&#xd;&#xa;    &quot;url&quot;: null,&#xd;&#xa;    &quot;domain&quot;: &quot;work.weixin.qq.com&quot;,&#xd;&#xa;    &quot;path&quot;: &quot;/&quot;,&#xd;&#xa;    &quot;expires&quot;: 1.622576325224188E9,&#xd;&#xa;    &quot;httpOnly&quot;: true,&#xd;&#xa;    &quot;secure&quot;: false,&#xd;&#xa;    &quot;sameSite&quot;: &quot;NONE&quot;&#xd;&#xa;  },&#xd;&#xa;  {&#xd;&#xa;    &quot;name&quot;: &quot;wwrtx.ref&quot;,&#xd;&#xa;    &quot;value&quot;: &quot;direct&quot;,&#xd;&#xa;    &quot;url&quot;: null,&#xd;&#xa;    &quot;domain&quot;: &quot;.work.weixin.qq.com&quot;,&#xd;&#xa;    &quot;path&quot;: &quot;/&quot;,&#xd;&#xa;    &quot;expires&quot;: -1.0,&#xd;&#xa;    &quot;httpOnly&quot;: true,&#xd;&#xa;    &quot;secure&quot;: false,&#xd;&#xa;    &quot;sameSite&quot;: &quot;NONE&quot;&#xd;&#xa;  },&#xd;&#xa;  {&#xd;&#xa;    &quot;name&quot;: &quot;wwrtx.refid&quot;,&#xd;&#xa;    &quot;value&quot;: &quot;32092631463189568&quot;,&#xd;&#xa;    &quot;url&quot;: null,&#xd;&#xa;    &quot;domain&quot;: &quot;.work.weixin.qq.com&quot;,&#xd;&#xa;    &quot;path&quot;: &quot;/&quot;,&#xd;&#xa;    &quot;expires&quot;: -1.0,&#xd;&#xa;    &quot;httpOnly&quot;: true,&#xd;&#xa;    &quot;secure&quot;: false,&#xd;&#xa;    &quot;sameSite&quot;: &quot;NONE&quot;&#xd;&#xa;  },&#xd;&#xa;  {&#xd;&#xa;    &quot;name&quot;: &quot;_ga&quot;,&#xd;&#xa;    &quot;value&quot;: &quot;GA1.2.352916521.1622544791&quot;,&#xd;&#xa;    &quot;url&quot;: null,&#xd;&#xa;    &quot;domain&quot;: &quot;.qq.com&quot;,&#xd;&#xa;    &quot;path&quot;: &quot;/&quot;,&#xd;&#xa;    &quot;expires&quot;: 1.68561679E9,&#xd;&#xa;    &quot;httpOnly&quot;: false,&#xd;&#xa;    &quot;secure&quot;: false,&#xd;&#xa;    &quot;sameSite&quot;: &quot;NONE&quot;&#xd;&#xa;  },&#xd;&#xa;  {&#xd;&#xa;    &quot;name&quot;: &quot;_gid&quot;,&#xd;&#xa;    &quot;value&quot;: &quot;GA1.2.387479121.1622544791&quot;,&#xd;&#xa;    &quot;url&quot;: null,&#xd;&#xa;    &quot;domain&quot;: &quot;.qq.com&quot;,&#xd;&#xa;    &quot;path&quot;: &quot;/&quot;,&#xd;&#xa;    &quot;expires&quot;: 1.62263119E9,&#xd;&#xa;    &quot;httpOnly&quot;: false,&#xd;&#xa;    &quot;secure&quot;: false,&#xd;&#xa;    &quot;sameSite&quot;: &quot;NONE&quot;&#xd;&#xa;  },&#xd;&#xa;  {&#xd;&#xa;    &quot;name&quot;: &quot;_gat&quot;,&#xd;&#xa;    &quot;value&quot;: &quot;1&quot;,&#xd;&#xa;    &quot;url&quot;: null,&#xd;&#xa;    &quot;domain&quot;: &quot;.qq.com&quot;,&#xd;&#xa;    &quot;path&quot;: &quot;/&quot;,&#xd;&#xa;    &quot;expires&quot;: 1.62254485E9,&#xd;&#xa;    &quot;httpOnly&quot;: false,&#xd;&#xa;    &quot;secure&quot;: false,&#xd;&#xa;    &quot;sameSite&quot;: &quot;NONE&quot;&#xd;&#xa;  }&#xd;&#xa;]" type="com.alibaba.fastjson.JSONException"><![CDATA[com.alibaba.fastjson.JSONException: syntax error, expect {, actual [, pos 1, line 1, column 2[
  {
    "name": "wwrtx.i18n_lan",
    "value": "en",
    "url": null,
    "domain": ".work.weixin.qq.com",
    "path": "/",
    "expires": 1.625136792921994E9,
    "httpOnly": false,
    "secure": false,
    "sameSite": "NONE"
  },
  {
    "name": "wwrtx.c_gdpr",
    "value": "0",
    "url": null,
    "domain": ".work.weixin.qq.com",
    "path": "/",
    "expires": 1.654080789224214E9,
    "httpOnly": false,
    "secure": false,
    "sameSite": "NONE"
  },
  {
    "name": "ww_rtkey",
    "value": "f82juj",
    "url": null,
    "domain": "work.weixin.qq.com",
    "path": "/",
    "expires": 1.622576325224188E9,
    "httpOnly": true,
    "secure": false,
    "sameSite": "NONE"
  },
  {
    "name": "wwrtx.ref",
    "value": "direct",
    "url": null,
    "domain": ".work.weixin.qq.com",
    "path": "/",
    "expires": -1.0,
    "httpOnly": true,
    "secure": false,
    "sameSite": "NONE"
  },
  {
    "name": "wwrtx.refid",
    "value": "32092631463189568",
    "url": null,
    "domain": ".work.weixin.qq.com",
    "path": "/",
    "expires": -1.0,
    "httpOnly": true,
    "secure": false,
    "sameSite": "NONE"
  },
  {
    "name": "_ga",
    "value": "GA1.2.352916521.1622544791",
    "url": null,
    "domain": ".qq.com",
    "path": "/",
    "expires": 1.68561679E9,
    "httpOnly": false,
    "secure": false,
    "sameSite": "NONE"
  },
  {
    "name": "_gid",
    "value": "GA1.2.387479121.1622544791",
    "url": null,
    "domain": ".qq.com",
    "path": "/",
    "expires": 1.62263119E9,
    "httpOnly": false,
    "secure": false,
    "sameSite": "NONE"
  },
  {
    "name": "_gat",
    "value": "1",
    "url": null,
    "domain": ".qq.com",
    "path": "/",
    "expires": 1.62254485E9,
    "httpOnly": false,
    "secure": false,
    "sameSite": "NONE"
  }
]
	at com.alibaba.fastjson.parser.DefaultJSONParser.parseObject(DefaultJSONParser.java:208)
	at com.alibaba.fastjson.parser.DefaultJSONParser.parseObject(DefaultJSONParser.java:1152)
	at com.alibaba.fastjson.parser.DefaultJSONParser.parseObject(DefaultJSONParser.java:1157)
	at com.alibaba.fastjson.parser.deserializer.MapDeserializer.deserialze(MapDeserializer.java:23)
	at com.alibaba.fastjson.parser.deserializer.ContextObjectDeserializer.deserialze(ContextObjectDeserializer.java:9)
	at com.alibaba.fastjson.parser.DefaultJSONParser.parseObject(DefaultJSONParser.java:708)
	at com.alibaba.fastjson.JSON.parseObject(JSON.java:394)
	at com.alibaba.fastjson.JSON.parseObject(JSON.java:476)
	at com.alibaba.fastjson.JSON.parseObject(JSON.java:584)
	at com.alibaba.fastjson.JSON.parseObject(JSON.java:551)
	at com.alibaba.fastjson.JSON.parseObject(JSON.java:539)
	at com.alibaba.fastjson.JSON.parseObject(JSON.java:528)
	at com.evie.autotest.platform.provider.JsonFileArgumentsProvider.objectValues(JsonFileArgumentsProvider.java:50)
	at com.evie.autotest.platform.provider.JsonFileArgumentsProvider.lambda$provideArguments$1(JsonFileArgumentsProvider.java:80)
	at java.util.stream.ReferencePipeline$7$1.accept(ReferencePipeline.java:267)
	at java.util.stream.ReferencePipeline$3$1.accept(ReferencePipeline.java:193)
	at java.util.Spliterators$ArraySpliterator.forEachRemaining(Spliterators.java:948)
	at java.util.stream.AbstractPipeline.copyInto(AbstractPipeline.java:482)
	at java.util.stream.AbstractPipeline.wrapAndCopyInto(AbstractPipeline.java:472)
	at java.util.stream.ForEachOps$ForEachOp.evaluateSequential(ForEachOps.java:151)
	at java.util.stream.ForEachOps$ForEachOp$OfRef.evaluateSequential(ForEachOps.java:174)
	at java.util.stream.AbstractPipeline.evaluate(AbstractPipeline.java:234)
	at java.util.stream.ReferencePipeline.forEach(ReferencePipeline.java:418)
	at java.util.stream.ReferencePipeline$7$1.accept(ReferencePipeline.java:270)
	at java.util.stream.ReferencePipeline$3$1.accept(ReferencePipeline.java:193)
	at java.util.stream.ReferencePipeline$3$1.accept(ReferencePipeline.java:193)
	at java.util.stream.ReferencePipeline$3$1.accept(ReferencePipeline.java:193)
	at java.util.ArrayList$ArrayListSpliterator.forEachRemaining(ArrayList.java:1382)
	at java.util.stream.AbstractPipeline.copyInto(AbstractPipeline.java:482)
	at java.util.stream.AbstractPipeline.wrapAndCopyInto(AbstractPipeline.java:472)
	at java.util.stream.ForEachOps$ForEachOp.evaluateSequential(ForEachOps.java:151)
	at java.util.stream.ForEachOps$ForEachOp$OfRef.evaluateSequential(ForEachOps.java:174)
	at java.util.stream.AbstractPipeline.evaluate(AbstractPipeline.java:234)
	at java.util.stream.ReferencePipeline.forEach(ReferencePipeline.java:418)
	at java.util.stream.ReferencePipeline$7$1.accept(ReferencePipeline.java:270)
	at java.util.ArrayList$ArrayListSpliterator.forEachRemaining(ArrayList.java:1382)
	at java.util.stream.AbstractPipeline.copyInto(AbstractPipeline.java:482)
	at java.util.stream.AbstractPipeline.wrapAndCopyInto(AbstractPipeline.java:472)
	at java.util.stream.ForEachOps$ForEachOp.evaluateSequential(ForEachOps.java:151)
	at java.util.stream.ForEachOps$ForEachOp$OfRef.evaluateSequential(ForEachOps.java:174)
	at java.util.stream.AbstractPipeline.evaluate(AbstractPipeline.java:234)
	at java.util.stream.ReferencePipeline.forEach(ReferencePipeline.java:418)
	at org.junit.jupiter.engine.descriptor.TestTemplateTestDescriptor.execute(TestTemplateTestDescriptor.java:107)
	at org.junit.jupiter.engine.descriptor.TestTemplateTestDescriptor.execute(TestTemplateTestDescriptor.java:42)
	at org.junit.platform.engine.support.hierarchical.NodeTestTask.lambda$executeRecursively$6(NodeTestTask.java:151)
	at org.junit.platform.engine.support.hierarchical.ThrowableCollector.execute(ThrowableCollector.java:73)
	at org.junit.platform.engine.support.hierarchical.NodeTestTask.lambda$executeRecursively$8(NodeTestTask.java:141)
	at org.junit.platform.engine.support.hierarchical.Node.around(Node.java:137)
	at org.junit.platform.engine.support.hierarchical.NodeTestTask.lambda$executeRecursively$9(NodeTestTask.java:139)
	at org.junit.platform.engine.support.hierarchical.ThrowableCollector.execute(ThrowableCollector.java:73)
	at org.junit.platform.engine.support.hierarchical.NodeTestTask.executeRecursively(NodeTestTask.java:138)
	at org.junit.platform.engine.support.hierarchical.NodeTestTask.execute(NodeTestTask.java:95)
	at org.junit.platform.engine.support.hierarchical.ForkJoinPoolHierarchicalTestExecutorService$ExclusiveTask.compute(ForkJoinPoolHierarchicalTestExecutorService.java:185)
	at org.junit.platform.engine.support.hierarchical.ForkJoinPoolHierarchicalTestExecutorService.executeNonConcurrentTasks(ForkJoinPoolHierarchicalTestExecutorService.java:155)
	at org.junit.platform.engine.support.hierarchical.ForkJoinPoolHierarchicalTestExecutorService.invokeAll(ForkJoinPoolHierarchicalTestExecutorService.java:135)
	at org.junit.platform.engine.support.hierarchical.NodeTestTask.lambda$executeRecursively$6(NodeTestTask.java:155)
	at org.junit.platform.engine.support.hierarchical.ThrowableCollector.execute(ThrowableCollector.java:73)
	at org.junit.platform.engine.support.hierarchical.NodeTestTask.lambda$executeRecursively$8(NodeTestTask.java:141)
	at org.junit.platform.engine.support.hierarchical.Node.around(Node.java:137)
	at org.junit.platform.engine.support.hierarchical.NodeTestTask.lambda$executeRecursively$9(NodeTestTask.java:139)
	at org.junit.platform.engine.support.hierarchical.ThrowableCollector.execute(ThrowableCollector.java:73)
	at org.junit.platform.engine.support.hierarchical.NodeTestTask.executeRecursively(NodeTestTask.java:138)
	at org.junit.platform.engine.support.hierarchical.NodeTestTask.execute(NodeTestTask.java:95)
	at org.junit.platform.engine.support.hierarchical.ForkJoinPoolHierarchicalTestExecutorService$ExclusiveTask.compute(ForkJoinPoolHierarchicalTestExecutorService.java:185)
	at org.junit.platform.engine.support.hierarchical.ForkJoinPoolHierarchicalTestExecutorService.invokeAll(ForkJoinPoolHierarchicalTestExecutorService.java:129)
	at org.junit.platform.engine.support.hierarchical.NodeTestTask.lambda$executeRecursively$6(NodeTestTask.java:155)
	at org.junit.platform.engine.support.hierarchical.ThrowableCollector.execute(ThrowableCollector.java:73)
	at org.junit.platform.engine.support.hierarchical.NodeTestTask.lambda$executeRecursively$8(NodeTestTask.java:141)
	at org.junit.platform.engine.support.hierarchical.Node.around(Node.java:137)
	at org.junit.platform.engine.support.hierarchical.NodeTestTask.lambda$executeRecursively$9(NodeTestTask.java:139)
	at org.junit.platform.engine.support.hierarchical.ThrowableCollector.execute(ThrowableCollector.java:73)
	at org.junit.platform.engine.support.hierarchical.NodeTestTask.executeRecursively(NodeTestTask.java:138)
	at org.junit.platform.engine.support.hierarchical.NodeTestTask.execute(NodeTestTask.java:95)
	at org.junit.platform.engine.support.hierarchical.ForkJoinPoolHierarchicalTestExecutorService$ExclusiveTask.compute(ForkJoinPoolHierarchicalTestExecutorService.java:185)
	at java.util.concurrent.RecursiveAction.exec(RecursiveAction.java:189)
	at java.util.concurrent.ForkJoinTask.doExec(ForkJoinTask.java:289)
	at java.util.concurrent.ForkJoinPool$WorkQueue.runTask(ForkJoinPool.java:1056)
	at java.util.concurrent.ForkJoinPool.runWorker(ForkJoinPool.java:1692)
	at java.util.concurrent.ForkJoinWorkerThread.run(ForkJoinWorkerThread.java:157)
]]></error>
<system-out><![CDATA[
unique-id: [engine:junit-jupiter]/[class:com.evie.autotest.platform.testcase.example.xUnit0410.TestJunit5Example]/[test-template:test_12738(java.lang.Object)]/[test-template-invocation:#1]
display-name: [1] o={booleans=[true, false], floats=[3.14, 685230.15], ints=[123, 685230], nulls={nodeName=node, parent=null}, string=[哈哈, Hello world, newline newline2], date=[Sat Feb 17 08:00:00 CST 2018], datetime=[Sat Feb 17 15:02:31 CST 2018]}
]]></system-out>
</testcase>
<testcase name="test_127381273987(Map)[1]" classname="com.evie.autotest.platform.testcase.example.xUnit0410.TestJunit5Example" time="0.056">
<system-out><![CDATA[
unique-id: [engine:junit-jupiter]/[class:com.evie.autotest.platform.testcase.example.xUnit0410.TestJunit5Example]/[test-template:test_127381273987(java.util.Map)]/[test-template-invocation:#1]
display-name: [1] test={"test":12312,"string":"qweqoweu","boolean1111":true}
]]></system-out>
</testcase>
<testcase name="test_127381273987(Map)[2]" classname="com.evie.autotest.platform.testcase.example.xUnit0410.TestJunit5Example" time="0">
<system-out><![CDATA[
unique-id: [engine:junit-jupiter]/[class:com.evie.autotest.platform.testcase.example.xUnit0410.TestJunit5Example]/[test-template:test_127381273987(java.util.Map)]/[test-template-invocation:#2]
display-name: [2] test={"test":12312,"uweiqweu":"qweqoweu","ywuyq":true}
]]></system-out>
</testcase>
<testcase name="test_127812279(ArgumentsAccessor)" classname="com.evie.autotest.platform.testcase.example.xUnit0410.TestJunit5Example" time="0.001">
<error message="File [src/test/resources/test/test5.csv] could not be read" type="org.junit.platform.commons.JUnitException"><![CDATA[org.junit.platform.commons.JUnitException: File [src/test/resources/test/test5.csv] could not be read
	at org.junit.jupiter.params.provider.CsvFileArgumentsProvider$DefaultInputStreamProvider.openFile(CsvFileArgumentsProvider.java:204)
	at org.junit.jupiter.params.provider.CsvFileArgumentsProvider$InputStreamProvider.lambda$file$1(CsvFileArgumentsProvider.java:181)
	at org.junit.jupiter.params.provider.CsvFileArgumentsProvider.lambda$provideArguments$0(CsvFileArgumentsProvider.java:87)
	at java.util.stream.ReferencePipeline$3$1.accept(ReferencePipeline.java:193)
	at java.util.ArrayList$ArrayListSpliterator.forEachRemaining(ArrayList.java:1382)
	at java.util.stream.AbstractPipeline.copyInto(AbstractPipeline.java:482)
	at java.util.stream.AbstractPipeline.wrapAndCopyInto(AbstractPipeline.java:472)
	at java.util.stream.ForEachOps$ForEachOp.evaluateSequential(ForEachOps.java:151)
	at java.util.stream.ForEachOps$ForEachOp$OfRef.evaluateSequential(ForEachOps.java:174)
	at java.util.stream.AbstractPipeline.evaluate(AbstractPipeline.java:234)
	at java.util.stream.ReferencePipeline.forEach(ReferencePipeline.java:418)
	at java.util.stream.ReferencePipeline$7$1.accept(ReferencePipeline.java:270)
	at java.util.stream.ReferencePipeline$3$1.accept(ReferencePipeline.java:193)
	at java.util.stream.ReferencePipeline$3$1.accept(ReferencePipeline.java:193)
	at java.util.stream.ReferencePipeline$3$1.accept(ReferencePipeline.java:193)
	at java.util.ArrayList$ArrayListSpliterator.forEachRemaining(ArrayList.java:1382)
	at java.util.stream.AbstractPipeline.copyInto(AbstractPipeline.java:482)
	at java.util.stream.AbstractPipeline.wrapAndCopyInto(AbstractPipeline.java:472)
	at java.util.stream.ForEachOps$ForEachOp.evaluateSequential(ForEachOps.java:151)
	at java.util.stream.ForEachOps$ForEachOp$OfRef.evaluateSequential(ForEachOps.java:174)
	at java.util.stream.AbstractPipeline.evaluate(AbstractPipeline.java:234)
	at java.util.stream.ReferencePipeline.forEach(ReferencePipeline.java:418)
	at java.util.stream.ReferencePipeline$7$1.accept(ReferencePipeline.java:270)
	at java.util.ArrayList$ArrayListSpliterator.forEachRemaining(ArrayList.java:1382)
	at java.util.stream.AbstractPipeline.copyInto(AbstractPipeline.java:482)
	at java.util.stream.AbstractPipeline.wrapAndCopyInto(AbstractPipeline.java:472)
	at java.util.stream.ForEachOps$ForEachOp.evaluateSequential(ForEachOps.java:151)
	at java.util.stream.ForEachOps$ForEachOp$OfRef.evaluateSequential(ForEachOps.java:174)
	at java.util.stream.AbstractPipeline.evaluate(AbstractPipeline.java:234)
	at java.util.stream.ReferencePipeline.forEach(ReferencePipeline.java:418)
	at org.junit.jupiter.engine.descriptor.TestTemplateTestDescriptor.execute(TestTemplateTestDescriptor.java:107)
	at org.junit.jupiter.engine.descriptor.TestTemplateTestDescriptor.execute(TestTemplateTestDescriptor.java:42)
	at org.junit.platform.engine.support.hierarchical.NodeTestTask.lambda$executeRecursively$6(NodeTestTask.java:151)
	at org.junit.platform.engine.support.hierarchical.ThrowableCollector.execute(ThrowableCollector.java:73)
	at org.junit.platform.engine.support.hierarchical.NodeTestTask.lambda$executeRecursively$8(NodeTestTask.java:141)
	at org.junit.platform.engine.support.hierarchical.Node.around(Node.java:137)
	at org.junit.platform.engine.support.hierarchical.NodeTestTask.lambda$executeRecursively$9(NodeTestTask.java:139)
	at org.junit.platform.engine.support.hierarchical.ThrowableCollector.execute(ThrowableCollector.java:73)
	at org.junit.platform.engine.support.hierarchical.NodeTestTask.executeRecursively(NodeTestTask.java:138)
	at org.junit.platform.engine.support.hierarchical.NodeTestTask.execute(NodeTestTask.java:95)
	at org.junit.platform.engine.support.hierarchical.ForkJoinPoolHierarchicalTestExecutorService$ExclusiveTask.compute(ForkJoinPoolHierarchicalTestExecutorService.java:185)
	at org.junit.platform.engine.support.hierarchical.ForkJoinPoolHierarchicalTestExecutorService.executeNonConcurrentTasks(ForkJoinPoolHierarchicalTestExecutorService.java:155)
	at org.junit.platform.engine.support.hierarchical.ForkJoinPoolHierarchicalTestExecutorService.invokeAll(ForkJoinPoolHierarchicalTestExecutorService.java:135)
	at org.junit.platform.engine.support.hierarchical.NodeTestTask.lambda$executeRecursively$6(NodeTestTask.java:155)
	at org.junit.platform.engine.support.hierarchical.ThrowableCollector.execute(ThrowableCollector.java:73)
	at org.junit.platform.engine.support.hierarchical.NodeTestTask.lambda$executeRecursively$8(NodeTestTask.java:141)
	at org.junit.platform.engine.support.hierarchical.Node.around(Node.java:137)
	at org.junit.platform.engine.support.hierarchical.NodeTestTask.lambda$executeRecursively$9(NodeTestTask.java:139)
	at org.junit.platform.engine.support.hierarchical.ThrowableCollector.execute(ThrowableCollector.java:73)
	at org.junit.platform.engine.support.hierarchical.NodeTestTask.executeRecursively(NodeTestTask.java:138)
	at org.junit.platform.engine.support.hierarchical.NodeTestTask.execute(NodeTestTask.java:95)
	at org.junit.platform.engine.support.hierarchical.ForkJoinPoolHierarchicalTestExecutorService$ExclusiveTask.compute(ForkJoinPoolHierarchicalTestExecutorService.java:185)
	at org.junit.platform.engine.support.hierarchical.ForkJoinPoolHierarchicalTestExecutorService.invokeAll(ForkJoinPoolHierarchicalTestExecutorService.java:129)
	at org.junit.platform.engine.support.hierarchical.NodeTestTask.lambda$executeRecursively$6(NodeTestTask.java:155)
	at org.junit.platform.engine.support.hierarchical.ThrowableCollector.execute(ThrowableCollector.java:73)
	at org.junit.platform.engine.support.hierarchical.NodeTestTask.lambda$executeRecursively$8(NodeTestTask.java:141)
	at org.junit.platform.engine.support.hierarchical.Node.around(Node.java:137)
	at org.junit.platform.engine.support.hierarchical.NodeTestTask.lambda$executeRecursively$9(NodeTestTask.java:139)
	at org.junit.platform.engine.support.hierarchical.ThrowableCollector.execute(ThrowableCollector.java:73)
	at org.junit.platform.engine.support.hierarchical.NodeTestTask.executeRecursively(NodeTestTask.java:138)
	at org.junit.platform.engine.support.hierarchical.NodeTestTask.execute(NodeTestTask.java:95)
	at org.junit.platform.engine.support.hierarchical.ForkJoinPoolHierarchicalTestExecutorService$ExclusiveTask.compute(ForkJoinPoolHierarchicalTestExecutorService.java:185)
	at java.util.concurrent.RecursiveAction.exec(RecursiveAction.java:189)
	at java.util.concurrent.ForkJoinTask.doExec(ForkJoinTask.java:289)
	at java.util.concurrent.ForkJoinPool$WorkQueue.runTask(ForkJoinPool.java:1056)
	at java.util.concurrent.ForkJoinPool.runWorker(ForkJoinPool.java:1692)
	at java.util.concurrent.ForkJoinWorkerThread.run(ForkJoinWorkerThread.java:157)
	Suppressed: org.junit.platform.commons.PreconditionViolationException: Configuration error: You must configure at least one set of arguments for this @ParameterizedTest
		at org.junit.platform.commons.util.Preconditions.condition(Preconditions.java:281)
		at org.junit.jupiter.params.ParameterizedTestExtension.lambda$provideTestTemplateInvocationContexts$5(ParameterizedTestExtension.java:98)
		at java.util.stream.AbstractPipeline.close(AbstractPipeline.java:323)
		at java.util.stream.ReferencePipeline$7$1.accept(ReferencePipeline.java:271)
		... 44 more
Caused by: java.nio.file.NoSuchFileException: src\test\resources\test\test5.csv
	at sun.nio.fs.WindowsException.translateToIOException(WindowsException.java:79)
	at sun.nio.fs.WindowsException.rethrowAsIOException(WindowsException.java:97)
	at sun.nio.fs.WindowsException.rethrowAsIOException(WindowsException.java:102)
	at sun.nio.fs.WindowsFileSystemProvider.newByteChannel(WindowsFileSystemProvider.java:230)
	at java.nio.file.Files.newByteChannel(Files.java:361)
	at java.nio.file.Files.newByteChannel(Files.java:407)
	at java.nio.file.spi.FileSystemProvider.newInputStream(FileSystemProvider.java:384)
	at java.nio.file.Files.newInputStream(Files.java:152)
	at org.junit.jupiter.params.provider.CsvFileArgumentsProvider$DefaultInputStreamProvider.openFile(CsvFileArgumentsProvider.java:201)
	... 66 more
]]></error>
<system-out><![CDATA[
unique-id: [engine:junit-jupiter]/[class:com.evie.autotest.platform.testcase.example.xUnit0410.TestJunit5Example]/[test-template:test_127812279(org.junit.jupiter.params.aggregator.ArgumentsAccessor)]
display-name: test 127812279 (ArgumentsAccessor)
]]></system-out>
</testcase>
<testcase name="test_a_1_b_3(EnumCase)[2]" classname="com.evie.autotest.platform.testcase.example.xUnit0410.TestJunit5Example" time="0">
<system-out><![CDATA[
unique-id: [engine:junit-jupiter]/[class:com.evie.autotest.platform.testcase.example.xUnit0410.TestJunit5Example]/[test-template:test_a_1_b_3(com.evie.autotest.platform.testcase.example.xUnit0410.TestJunit5Example$EnumCase)]/[test-template-invocation:#2]
display-name: [2] o=FALL
]]></system-out>
</testcase>
<testcase name="test_a_1_b_3(EnumCase)[3]" classname="com.evie.autotest.platform.testcase.example.xUnit0410.TestJunit5Example" time="0.001">
<system-out><![CDATA[
unique-id: [engine:junit-jupiter]/[class:com.evie.autotest.platform.testcase.example.xUnit0410.TestJunit5Example]/[test-template:test_a_1_b_3(com.evie.autotest.platform.testcase.example.xUnit0410.TestJunit5Example$EnumCase)]/[test-template-invocation:#3]
display-name: [3] o=WINTER
]]></system-out>
</testcase>
<testcase name="test_a_1_b_3(EnumCase)[1]" classname="com.evie.autotest.platform.testcase.example.xUnit0410.TestJunit5Example" time="0">
<system-out><![CDATA[
unique-id: [engine:junit-jupiter]/[class:com.evie.autotest.platform.testcase.example.xUnit0410.TestJunit5Example]/[test-template:test_a_1_b_3(com.evie.autotest.platform.testcase.example.xUnit0410.TestJunit5Example$EnumCase)]/[test-template-invocation:#1]
display-name: [1] o=SUMMER
]]></system-out>
</testcase>
<testcase name="test_a_2_a_1()" classname="com.evie.autotest.platform.testcase.example.xUnit0410.TestJunit5Example" time="0.003">
<failure message="校验数据失败！ ==> expected: &lt;true> but was: &lt;false>" type="org.opentest4j.AssertionFailedError"><![CDATA[org.opentest4j.AssertionFailedError: 校验数据失败！ ==> expected: <true> but was: <false>
	at org.junit.jupiter.api.AssertionUtils.fail(AssertionUtils.java:55)
	at org.junit.jupiter.api.AssertTrue.assertTrue(AssertTrue.java:40)
	at org.junit.jupiter.api.Assertions.assertTrue(Assertions.java:210)
	at com.evie.autotest.platform.testcase.example.xUnit0410.TestJunit5Example.test_a_2_a_1(TestJunit5Example.java:103)
	at sun.reflect.NativeMethodAccessorImpl.invoke0(Native Method)
	at sun.reflect.NativeMethodAccessorImpl.invoke(NativeMethodAccessorImpl.java:62)
	at sun.reflect.DelegatingMethodAccessorImpl.invoke(DelegatingMethodAccessorImpl.java:43)
	at java.lang.reflect.Method.invoke(Method.java:498)
	at org.junit.platform.commons.util.ReflectionUtils.invokeMethod(ReflectionUtils.java:725)
	at org.junit.jupiter.engine.execution.MethodInvocation.proceed(MethodInvocation.java:60)
	at org.junit.jupiter.engine.execution.InvocationInterceptorChain$ValidatingInvocation.proceed(InvocationInterceptorChain.java:131)
	at org.junit.jupiter.engine.extension.TimeoutExtension.intercept(TimeoutExtension.java:149)
	at org.junit.jupiter.engine.extension.TimeoutExtension.interceptTestableMethod(TimeoutExtension.java:140)
	at org.junit.jupiter.engine.extension.TimeoutExtension.interceptTestMethod(TimeoutExtension.java:84)
	at org.junit.jupiter.engine.execution.ExecutableInvoker$ReflectiveInterceptorCall.lambda$ofVoidMethod$0(ExecutableInvoker.java:115)
	at org.junit.jupiter.engine.execution.ExecutableInvoker.lambda$invoke$0(ExecutableInvoker.java:105)
	at org.junit.jupiter.engine.execution.InvocationInterceptorChain$InterceptedInvocation.proceed(InvocationInterceptorChain.java:106)
	at org.junit.jupiter.engine.execution.InvocationInterceptorChain.proceed(InvocationInterceptorChain.java:64)
	at org.junit.jupiter.engine.execution.InvocationInterceptorChain.chainAndInvoke(InvocationInterceptorChain.java:45)
	at org.junit.jupiter.engine.execution.InvocationInterceptorChain.invoke(InvocationInterceptorChain.java:37)
	at org.junit.jupiter.engine.execution.ExecutableInvoker.invoke(ExecutableInvoker.java:104)
	at org.junit.jupiter.engine.execution.ExecutableInvoker.invoke(ExecutableInvoker.java:98)
	at org.junit.jupiter.engine.descriptor.TestMethodTestDescriptor.lambda$invokeTestMethod$7(TestMethodTestDescriptor.java:214)
	at org.junit.platform.engine.support.hierarchical.ThrowableCollector.execute(ThrowableCollector.java:73)
	at org.junit.jupiter.engine.descriptor.TestMethodTestDescriptor.invokeTestMethod(TestMethodTestDescriptor.java:210)
	at org.junit.jupiter.engine.descriptor.TestMethodTestDescriptor.execute(TestMethodTestDescriptor.java:135)
	at org.junit.jupiter.engine.descriptor.TestMethodTestDescriptor.execute(TestMethodTestDescriptor.java:66)
	at org.junit.platform.engine.support.hierarchical.NodeTestTask.lambda$executeRecursively$6(NodeTestTask.java:151)
	at org.junit.platform.engine.support.hierarchical.ThrowableCollector.execute(ThrowableCollector.java:73)
	at org.junit.platform.engine.support.hierarchical.NodeTestTask.lambda$executeRecursively$8(NodeTestTask.java:141)
	at org.junit.platform.engine.support.hierarchical.Node.around(Node.java:137)
	at org.junit.platform.engine.support.hierarchical.NodeTestTask.lambda$executeRecursively$9(NodeTestTask.java:139)
	at org.junit.platform.engine.support.hierarchical.ThrowableCollector.execute(ThrowableCollector.java:73)
	at org.junit.platform.engine.support.hierarchical.NodeTestTask.executeRecursively(NodeTestTask.java:138)
	at org.junit.platform.engine.support.hierarchical.NodeTestTask.execute(NodeTestTask.java:95)
	at org.junit.platform.engine.support.hierarchical.ForkJoinPoolHierarchicalTestExecutorService$ExclusiveTask.compute(ForkJoinPoolHierarchicalTestExecutorService.java:185)
	at org.junit.platform.engine.support.hierarchical.ForkJoinPoolHierarchicalTestExecutorService.executeNonConcurrentTasks(ForkJoinPoolHierarchicalTestExecutorService.java:155)
	at org.junit.platform.engine.support.hierarchical.ForkJoinPoolHierarchicalTestExecutorService.invokeAll(ForkJoinPoolHierarchicalTestExecutorService.java:135)
	at org.junit.platform.engine.support.hierarchical.NodeTestTask.lambda$executeRecursively$6(NodeTestTask.java:155)
	at org.junit.platform.engine.support.hierarchical.ThrowableCollector.execute(ThrowableCollector.java:73)
	at org.junit.platform.engine.support.hierarchical.NodeTestTask.lambda$executeRecursively$8(NodeTestTask.java:141)
	at org.junit.platform.engine.support.hierarchical.Node.around(Node.java:137)
	at org.junit.platform.engine.support.hierarchical.NodeTestTask.lambda$executeRecursively$9(NodeTestTask.java:139)
	at org.junit.platform.engine.support.hierarchical.ThrowableCollector.execute(ThrowableCollector.java:73)
	at org.junit.platform.engine.support.hierarchical.NodeTestTask.executeRecursively(NodeTestTask.java:138)
	at org.junit.platform.engine.support.hierarchical.NodeTestTask.execute(NodeTestTask.java:95)
	at org.junit.platform.engine.support.hierarchical.ForkJoinPoolHierarchicalTestExecutorService$ExclusiveTask.compute(ForkJoinPoolHierarchicalTestExecutorService.java:185)
	at org.junit.platform.engine.support.hierarchical.ForkJoinPoolHierarchicalTestExecutorService.invokeAll(ForkJoinPoolHierarchicalTestExecutorService.java:129)
	at org.junit.platform.engine.support.hierarchical.NodeTestTask.lambda$executeRecursively$6(NodeTestTask.java:155)
	at org.junit.platform.engine.support.hierarchical.ThrowableCollector.execute(ThrowableCollector.java:73)
	at org.junit.platform.engine.support.hierarchical.NodeTestTask.lambda$executeRecursively$8(NodeTestTask.java:141)
	at org.junit.platform.engine.support.hierarchical.Node.around(Node.java:137)
	at org.junit.platform.engine.support.hierarchical.NodeTestTask.lambda$executeRecursively$9(NodeTestTask.java:139)
	at org.junit.platform.engine.support.hierarchical.ThrowableCollector.execute(ThrowableCollector.java:73)
	at org.junit.platform.engine.support.hierarchical.NodeTestTask.executeRecursively(NodeTestTask.java:138)
	at org.junit.platform.engine.support.hierarchical.NodeTestTask.execute(NodeTestTask.java:95)
	at org.junit.platform.engine.support.hierarchical.ForkJoinPoolHierarchicalTestExecutorService$ExclusiveTask.compute(ForkJoinPoolHierarchicalTestExecutorService.java:185)
	at java.util.concurrent.RecursiveAction.exec(RecursiveAction.java:189)
	at java.util.concurrent.ForkJoinTask.doExec(ForkJoinTask.java:289)
	at java.util.concurrent.ForkJoinPool$WorkQueue.runTask(ForkJoinPool.java:1056)
	at java.util.concurrent.ForkJoinPool.runWorker(ForkJoinPool.java:1692)
	at java.util.concurrent.ForkJoinWorkerThread.run(ForkJoinWorkerThread.java:157)
]]></failure>
<system-out><![CDATA[
unique-id: [engine:junit-jupiter]/[class:com.evie.autotest.platform.testcase.example.xUnit0410.TestJunit5Example]/[method:test_a_2_a_1()]
display-name: test a 2 a 1
]]></system-out>
</testcase>
<testcase name="isInstantiatedWithNew()" classname="com.evie.autotest.platform.testcase.example.xUnit0410.TestJunit5Example" time="0.001">
<system-out><![CDATA[
unique-id: [engine:junit-jupiter]/[class:com.evie.autotest.platform.testcase.example.xUnit0410.TestJunit5Example]/[method:isInstantiatedWithNew()]
display-name: is instantiated with new Stack()
]]></system-out>
</testcase>
<testcase name="throwsExceptionWhenPeeked()" classname="com.evie.autotest.platform.testcase.example.xUnit0410.TestJunit5Example$WhenNew" time="0">
<system-out><![CDATA[
unique-id: [engine:junit-jupiter]/[class:com.evie.autotest.platform.testcase.example.xUnit0410.TestJunit5Example]/[nested-class:WhenNew]/[method:throwsExceptionWhenPeeked()]
display-name: throws EmptyStackException when peeked
]]></system-out>
</testcase>
<testcase name="test_1273891()" classname="com.evie.autotest.platform.testcase.example.xUnit0410.TestJunit5Example" time="10.012">
<error message="org.opentest4j.AssertionFailedError: expected: &lt;1> but was: &lt;2>" type="com.evie.autotest.platform.exception.TestException"><![CDATA[com.evie.autotest.platform.exception.TestException: org.opentest4j.AssertionFailedError: expected: <1> but was: <2>
	at com.evie.autotest.util.RetryHandler.retryTillNoError(RetryHandler.java:57)
	at com.evie.autotest.platform.testcase.example.xUnit0410.TestJunit5Example.test_1273891(TestJunit5Example.java:398)
	at sun.reflect.NativeMethodAccessorImpl.invoke0(Native Method)
	at sun.reflect.NativeMethodAccessorImpl.invoke(NativeMethodAccessorImpl.java:62)
	at sun.reflect.DelegatingMethodAccessorImpl.invoke(DelegatingMethodAccessorImpl.java:43)
	at java.lang.reflect.Method.invoke(Method.java:498)
	at org.junit.platform.commons.util.ReflectionUtils.invokeMethod(ReflectionUtils.java:725)
	at org.junit.jupiter.engine.execution.MethodInvocation.proceed(MethodInvocation.java:60)
	at org.junit.jupiter.engine.execution.InvocationInterceptorChain$ValidatingInvocation.proceed(InvocationInterceptorChain.java:131)
	at org.junit.jupiter.engine.extension.TimeoutExtension.intercept(TimeoutExtension.java:149)
	at org.junit.jupiter.engine.extension.TimeoutExtension.interceptTestableMethod(TimeoutExtension.java:140)
	at org.junit.jupiter.engine.extension.TimeoutExtension.interceptTestMethod(TimeoutExtension.java:84)
	at org.junit.jupiter.engine.execution.ExecutableInvoker$ReflectiveInterceptorCall.lambda$ofVoidMethod$0(ExecutableInvoker.java:115)
	at org.junit.jupiter.engine.execution.ExecutableInvoker.lambda$invoke$0(ExecutableInvoker.java:105)
	at org.junit.jupiter.engine.execution.InvocationInterceptorChain$InterceptedInvocation.proceed(InvocationInterceptorChain.java:106)
	at org.junit.jupiter.engine.execution.InvocationInterceptorChain.proceed(InvocationInterceptorChain.java:64)
	at org.junit.jupiter.engine.execution.InvocationInterceptorChain.chainAndInvoke(InvocationInterceptorChain.java:45)
	at org.junit.jupiter.engine.execution.InvocationInterceptorChain.invoke(InvocationInterceptorChain.java:37)
	at org.junit.jupiter.engine.execution.ExecutableInvoker.invoke(ExecutableInvoker.java:104)
	at org.junit.jupiter.engine.execution.ExecutableInvoker.invoke(ExecutableInvoker.java:98)
	at org.junit.jupiter.engine.descriptor.TestMethodTestDescriptor.lambda$invokeTestMethod$7(TestMethodTestDescriptor.java:214)
	at org.junit.platform.engine.support.hierarchical.ThrowableCollector.execute(ThrowableCollector.java:73)
	at org.junit.jupiter.engine.descriptor.TestMethodTestDescriptor.invokeTestMethod(TestMethodTestDescriptor.java:210)
	at org.junit.jupiter.engine.descriptor.TestMethodTestDescriptor.execute(TestMethodTestDescriptor.java:135)
	at org.junit.jupiter.engine.descriptor.TestMethodTestDescriptor.execute(TestMethodTestDescriptor.java:66)
	at org.junit.platform.engine.support.hierarchical.NodeTestTask.lambda$executeRecursively$6(NodeTestTask.java:151)
	at org.junit.platform.engine.support.hierarchical.ThrowableCollector.execute(ThrowableCollector.java:73)
	at org.junit.platform.engine.support.hierarchical.NodeTestTask.lambda$executeRecursively$8(NodeTestTask.java:141)
	at org.junit.platform.engine.support.hierarchical.Node.around(Node.java:137)
	at org.junit.platform.engine.support.hierarchical.NodeTestTask.lambda$executeRecursively$9(NodeTestTask.java:139)
	at org.junit.platform.engine.support.hierarchical.ThrowableCollector.execute(ThrowableCollector.java:73)
	at org.junit.platform.engine.support.hierarchical.NodeTestTask.executeRecursively(NodeTestTask.java:138)
	at org.junit.platform.engine.support.hierarchical.NodeTestTask.execute(NodeTestTask.java:95)
	at org.junit.platform.engine.support.hierarchical.ForkJoinPoolHierarchicalTestExecutorService$ExclusiveTask.compute(ForkJoinPoolHierarchicalTestExecutorService.java:185)
	at org.junit.platform.engine.support.hierarchical.ForkJoinPoolHierarchicalTestExecutorService.executeNonConcurrentTasks(ForkJoinPoolHierarchicalTestExecutorService.java:155)
	at org.junit.platform.engine.support.hierarchical.ForkJoinPoolHierarchicalTestExecutorService.invokeAll(ForkJoinPoolHierarchicalTestExecutorService.java:135)
	at org.junit.platform.engine.support.hierarchical.NodeTestTask.lambda$executeRecursively$6(NodeTestTask.java:155)
	at org.junit.platform.engine.support.hierarchical.ThrowableCollector.execute(ThrowableCollector.java:73)
	at org.junit.platform.engine.support.hierarchical.NodeTestTask.lambda$executeRecursively$8(NodeTestTask.java:141)
	at org.junit.platform.engine.support.hierarchical.Node.around(Node.java:137)
	at org.junit.platform.engine.support.hierarchical.NodeTestTask.lambda$executeRecursively$9(NodeTestTask.java:139)
	at org.junit.platform.engine.support.hierarchical.ThrowableCollector.execute(ThrowableCollector.java:73)
	at org.junit.platform.engine.support.hierarchical.NodeTestTask.executeRecursively(NodeTestTask.java:138)
	at org.junit.platform.engine.support.hierarchical.NodeTestTask.execute(NodeTestTask.java:95)
	at org.junit.platform.engine.support.hierarchical.ForkJoinPoolHierarchicalTestExecutorService$ExclusiveTask.compute(ForkJoinPoolHierarchicalTestExecutorService.java:185)
	at org.junit.platform.engine.support.hierarchical.ForkJoinPoolHierarchicalTestExecutorService.invokeAll(ForkJoinPoolHierarchicalTestExecutorService.java:129)
	at org.junit.platform.engine.support.hierarchical.NodeTestTask.lambda$executeRecursively$6(NodeTestTask.java:155)
	at org.junit.platform.engine.support.hierarchical.ThrowableCollector.execute(ThrowableCollector.java:73)
	at org.junit.platform.engine.support.hierarchical.NodeTestTask.lambda$executeRecursively$8(NodeTestTask.java:141)
	at org.junit.platform.engine.support.hierarchical.Node.around(Node.java:137)
	at org.junit.platform.engine.support.hierarchical.NodeTestTask.lambda$executeRecursively$9(NodeTestTask.java:139)
	at org.junit.platform.engine.support.hierarchical.ThrowableCollector.execute(ThrowableCollector.java:73)
	at org.junit.platform.engine.support.hierarchical.NodeTestTask.executeRecursively(NodeTestTask.java:138)
	at org.junit.platform.engine.support.hierarchical.NodeTestTask.execute(NodeTestTask.java:95)
	at org.junit.platform.engine.support.hierarchical.ForkJoinPoolHierarchicalTestExecutorService$ExclusiveTask.compute(ForkJoinPoolHierarchicalTestExecutorService.java:185)
	at java.util.concurrent.RecursiveAction.exec(RecursiveAction.java:189)
	at java.util.concurrent.ForkJoinTask.doExec(ForkJoinTask.java:289)
	at java.util.concurrent.ForkJoinPool$WorkQueue.runTask(ForkJoinPool.java:1056)
	at java.util.concurrent.ForkJoinPool.runWorker(ForkJoinPool.java:1692)
	at java.util.concurrent.ForkJoinWorkerThread.run(ForkJoinWorkerThread.java:157)
Caused by: org.opentest4j.AssertionFailedError: expected: <1> but was: <2>
	at org.junit.jupiter.api.AssertionUtils.fail(AssertionUtils.java:55)
	at org.junit.jupiter.api.AssertionUtils.failNotEqual(AssertionUtils.java:62)
	at org.junit.jupiter.api.AssertEquals.assertEquals(AssertEquals.java:150)
	at org.junit.jupiter.api.AssertEquals.assertEquals(AssertEquals.java:145)
	at org.junit.jupiter.api.Assertions.assertEquals(Assertions.java:527)
	at com.evie.autotest.platform.testcase.example.xUnit0410.TestJunit5Example.lambda$test_1273891$4(TestJunit5Example.java:399)
	at com.evie.autotest.util.RetryHandler.retryTillNoError(RetryHandler.java:47)
	... 59 more
]]></error>
<system-out><![CDATA[
unique-id: [engine:junit-jupiter]/[class:com.evie.autotest.platform.testcase.example.xUnit0410.TestJunit5Example]/[method:test_1273891()]
display-name: test 1273891
]]></system-out>
</testcase>
<testcase name="test_a_1_b_1(List)[1]" classname="com.evie.autotest.platform.testcase.example.xUnit0410.TestJunit5Example" time="0.002">
<system-out><![CDATA[
unique-id: [engine:junit-jupiter]/[class:com.evie.autotest.platform.testcase.example.xUnit0410.TestJunit5Example]/[test-template:test_a_1_b_1(java.util.List)]/[test-template-invocation:#1]
display-name: [1] o=null
]]></system-out>
</testcase>
<testcase name="test_a_1_b_1(List)[2]" classname="com.evie.autotest.platform.testcase.example.xUnit0410.TestJunit5Example" time="0.001">
<failure message="expected: &lt;null> but was: &lt;[]>" type="org.opentest4j.AssertionFailedError"><![CDATA[org.opentest4j.AssertionFailedError: expected: <null> but was: <[]>
	at org.junit.jupiter.api.AssertionUtils.fail(AssertionUtils.java:55)
	at org.junit.jupiter.api.AssertNull.failNotNull(AssertNull.java:54)
	at org.junit.jupiter.api.AssertNull.assertNull(AssertNull.java:38)
	at org.junit.jupiter.api.AssertNull.assertNull(AssertNull.java:33)
	at org.junit.jupiter.api.Assertions.assertNull(Assertions.java:275)
	at com.evie.autotest.platform.testcase.example.xUnit0410.TestJunit5Example.test_a_1_b_1(TestJunit5Example.java:169)
	at sun.reflect.NativeMethodAccessorImpl.invoke0(Native Method)
	at sun.reflect.NativeMethodAccessorImpl.invoke(NativeMethodAccessorImpl.java:62)
	at sun.reflect.DelegatingMethodAccessorImpl.invoke(DelegatingMethodAccessorImpl.java:43)
	at java.lang.reflect.Method.invoke(Method.java:498)
	at org.junit.platform.commons.util.ReflectionUtils.invokeMethod(ReflectionUtils.java:725)
	at org.junit.jupiter.engine.execution.MethodInvocation.proceed(MethodInvocation.java:60)
	at org.junit.jupiter.engine.execution.InvocationInterceptorChain$ValidatingInvocation.proceed(InvocationInterceptorChain.java:131)
	at org.junit.jupiter.engine.extension.TimeoutExtension.intercept(TimeoutExtension.java:149)
	at org.junit.jupiter.engine.extension.TimeoutExtension.interceptTestableMethod(TimeoutExtension.java:140)
	at org.junit.jupiter.engine.extension.TimeoutExtension.interceptTestTemplateMethod(TimeoutExtension.java:92)
	at org.junit.jupiter.engine.execution.ExecutableInvoker$ReflectiveInterceptorCall.lambda$ofVoidMethod$0(ExecutableInvoker.java:115)
	at org.junit.jupiter.engine.execution.ExecutableInvoker.lambda$invoke$0(ExecutableInvoker.java:105)
	at org.junit.jupiter.engine.execution.InvocationInterceptorChain$InterceptedInvocation.proceed(InvocationInterceptorChain.java:106)
	at org.junit.jupiter.engine.execution.InvocationInterceptorChain.proceed(InvocationInterceptorChain.java:64)
	at org.junit.jupiter.engine.execution.InvocationInterceptorChain.chainAndInvoke(InvocationInterceptorChain.java:45)
	at org.junit.jupiter.engine.execution.InvocationInterceptorChain.invoke(InvocationInterceptorChain.java:37)
	at org.junit.jupiter.engine.execution.ExecutableInvoker.invoke(ExecutableInvoker.java:104)
	at org.junit.jupiter.engine.execution.ExecutableInvoker.invoke(ExecutableInvoker.java:98)
	at org.junit.jupiter.engine.descriptor.TestMethodTestDescriptor.lambda$invokeTestMethod$7(TestMethodTestDescriptor.java:214)
	at org.junit.platform.engine.support.hierarchical.ThrowableCollector.execute(ThrowableCollector.java:73)
	at org.junit.jupiter.engine.descriptor.TestMethodTestDescriptor.invokeTestMethod(TestMethodTestDescriptor.java:210)
	at org.junit.jupiter.engine.descriptor.TestMethodTestDescriptor.execute(TestMethodTestDescriptor.java:135)
	at org.junit.jupiter.engine.descriptor.TestMethodTestDescriptor.execute(TestMethodTestDescriptor.java:66)
	at org.junit.platform.engine.support.hierarchical.NodeTestTask.lambda$executeRecursively$6(NodeTestTask.java:151)
	at org.junit.platform.engine.support.hierarchical.ThrowableCollector.execute(ThrowableCollector.java:73)
	at org.junit.platform.engine.support.hierarchical.NodeTestTask.lambda$executeRecursively$8(NodeTestTask.java:141)
	at org.junit.platform.engine.support.hierarchical.Node.around(Node.java:137)
	at org.junit.platform.engine.support.hierarchical.NodeTestTask.lambda$executeRecursively$9(NodeTestTask.java:139)
	at org.junit.platform.engine.support.hierarchical.ThrowableCollector.execute(ThrowableCollector.java:73)
	at org.junit.platform.engine.support.hierarchical.NodeTestTask.executeRecursively(NodeTestTask.java:138)
	at org.junit.platform.engine.support.hierarchical.NodeTestTask.execute(NodeTestTask.java:95)
	at org.junit.platform.engine.support.hierarchical.ForkJoinPoolHierarchicalTestExecutorService$ExclusiveTask.compute(ForkJoinPoolHierarchicalTestExecutorService.java:185)
	at org.junit.platform.engine.support.hierarchical.ForkJoinPoolHierarchicalTestExecutorService.submit(ForkJoinPoolHierarchicalTestExecutorService.java:118)
	at org.junit.platform.engine.support.hierarchical.NodeTestTask$DefaultDynamicTestExecutor.execute(NodeTestTask.java:226)
	at org.junit.platform.engine.support.hierarchical.NodeTestTask$DefaultDynamicTestExecutor.execute(NodeTestTask.java:204)
	at org.junit.jupiter.engine.descriptor.TestTemplateTestDescriptor.execute(TestTemplateTestDescriptor.java:139)
	at org.junit.jupiter.engine.descriptor.TestTemplateTestDescriptor.lambda$execute$2(TestTemplateTestDescriptor.java:107)
	at java.util.stream.ForEachOps$ForEachOp$OfRef.accept(ForEachOps.java:184)
	at java.util.stream.ReferencePipeline$3$1.accept(ReferencePipeline.java:193)
	at java.util.stream.ReferencePipeline$2$1.accept(ReferencePipeline.java:175)
	at java.util.stream.ReferencePipeline$3$1.accept(ReferencePipeline.java:193)
	at java.util.stream.ForEachOps$ForEachOp$OfRef.accept(ForEachOps.java:184)
	at java.util.stream.ReferencePipeline$3$1.accept(ReferencePipeline.java:193)
	at java.util.stream.ReferencePipeline$3$1.accept(ReferencePipeline.java:193)
	at java.util.stream.ReferencePipeline$3$1.accept(ReferencePipeline.java:193)
	at java.util.stream.Streams$StreamBuilderImpl.forEachRemaining(Streams.java:419)
	at java.util.stream.ReferencePipeline$Head.forEach(ReferencePipeline.java:580)
	at java.util.stream.ReferencePipeline$7$1.accept(ReferencePipeline.java:270)
	at java.util.stream.ReferencePipeline$3$1.accept(ReferencePipeline.java:193)
	at java.util.stream.ReferencePipeline$3$1.accept(ReferencePipeline.java:193)
	at java.util.stream.ReferencePipeline$3$1.accept(ReferencePipeline.java:193)
	at java.util.ArrayList$ArrayListSpliterator.forEachRemaining(ArrayList.java:1382)
	at java.util.stream.AbstractPipeline.copyInto(AbstractPipeline.java:482)
	at java.util.stream.AbstractPipeline.wrapAndCopyInto(AbstractPipeline.java:472)
	at java.util.stream.ForEachOps$ForEachOp.evaluateSequential(ForEachOps.java:151)
	at java.util.stream.ForEachOps$ForEachOp$OfRef.evaluateSequential(ForEachOps.java:174)
	at java.util.stream.AbstractPipeline.evaluate(AbstractPipeline.java:234)
	at java.util.stream.ReferencePipeline.forEach(ReferencePipeline.java:418)
	at java.util.stream.ReferencePipeline$7$1.accept(ReferencePipeline.java:270)
	at java.util.ArrayList$ArrayListSpliterator.forEachRemaining(ArrayList.java:1382)
	at java.util.stream.AbstractPipeline.copyInto(AbstractPipeline.java:482)
	at java.util.stream.AbstractPipeline.wrapAndCopyInto(AbstractPipeline.java:472)
	at java.util.stream.ForEachOps$ForEachOp.evaluateSequential(ForEachOps.java:151)
	at java.util.stream.ForEachOps$ForEachOp$OfRef.evaluateSequential(ForEachOps.java:174)
	at java.util.stream.AbstractPipeline.evaluate(AbstractPipeline.java:234)
	at java.util.stream.ReferencePipeline.forEach(ReferencePipeline.java:418)
	at org.junit.jupiter.engine.descriptor.TestTemplateTestDescriptor.execute(TestTemplateTestDescriptor.java:107)
	at org.junit.jupiter.engine.descriptor.TestTemplateTestDescriptor.execute(TestTemplateTestDescriptor.java:42)
	at org.junit.platform.engine.support.hierarchical.NodeTestTask.lambda$executeRecursively$6(NodeTestTask.java:151)
	at org.junit.platform.engine.support.hierarchical.ThrowableCollector.execute(ThrowableCollector.java:73)
	at org.junit.platform.engine.support.hierarchical.NodeTestTask.lambda$executeRecursively$8(NodeTestTask.java:141)
	at org.junit.platform.engine.support.hierarchical.Node.around(Node.java:137)
	at org.junit.platform.engine.support.hierarchical.NodeTestTask.lambda$executeRecursively$9(NodeTestTask.java:139)
	at org.junit.platform.engine.support.hierarchical.ThrowableCollector.execute(ThrowableCollector.java:73)
	at org.junit.platform.engine.support.hierarchical.NodeTestTask.executeRecursively(NodeTestTask.java:138)
	at org.junit.platform.engine.support.hierarchical.NodeTestTask.execute(NodeTestTask.java:95)
	at org.junit.platform.engine.support.hierarchical.ForkJoinPoolHierarchicalTestExecutorService$ExclusiveTask.compute(ForkJoinPoolHierarchicalTestExecutorService.java:185)
	at org.junit.platform.engine.support.hierarchical.ForkJoinPoolHierarchicalTestExecutorService.executeNonConcurrentTasks(ForkJoinPoolHierarchicalTestExecutorService.java:155)
	at org.junit.platform.engine.support.hierarchical.ForkJoinPoolHierarchicalTestExecutorService.invokeAll(ForkJoinPoolHierarchicalTestExecutorService.java:135)
	at org.junit.platform.engine.support.hierarchical.NodeTestTask.lambda$executeRecursively$6(NodeTestTask.java:155)
	at org.junit.platform.engine.support.hierarchical.ThrowableCollector.execute(ThrowableCollector.java:73)
	at org.junit.platform.engine.support.hierarchical.NodeTestTask.lambda$executeRecursively$8(NodeTestTask.java:141)
	at org.junit.platform.engine.support.hierarchical.Node.around(Node.java:137)
	at org.junit.platform.engine.support.hierarchical.NodeTestTask.lambda$executeRecursively$9(NodeTestTask.java:139)
	at org.junit.platform.engine.support.hierarchical.ThrowableCollector.execute(ThrowableCollector.java:73)
	at org.junit.platform.engine.support.hierarchical.NodeTestTask.executeRecursively(NodeTestTask.java:138)
	at org.junit.platform.engine.support.hierarchical.NodeTestTask.execute(NodeTestTask.java:95)
	at org.junit.platform.engine.support.hierarchical.ForkJoinPoolHierarchicalTestExecutorService$ExclusiveTask.compute(ForkJoinPoolHierarchicalTestExecutorService.java:185)
	at org.junit.platform.engine.support.hierarchical.ForkJoinPoolHierarchicalTestExecutorService.invokeAll(ForkJoinPoolHierarchicalTestExecutorService.java:129)
	at org.junit.platform.engine.support.hierarchical.NodeTestTask.lambda$executeRecursively$6(NodeTestTask.java:155)
	at org.junit.platform.engine.support.hierarchical.ThrowableCollector.execute(ThrowableCollector.java:73)
	at org.junit.platform.engine.support.hierarchical.NodeTestTask.lambda$executeRecursively$8(NodeTestTask.java:141)
	at org.junit.platform.engine.support.hierarchical.Node.around(Node.java:137)
	at org.junit.platform.engine.support.hierarchical.NodeTestTask.lambda$executeRecursively$9(NodeTestTask.java:139)
	at org.junit.platform.engine.support.hierarchical.ThrowableCollector.execute(ThrowableCollector.java:73)
	at org.junit.platform.engine.support.hierarchical.NodeTestTask.executeRecursively(NodeTestTask.java:138)
	at org.junit.platform.engine.support.hierarchical.NodeTestTask.execute(NodeTestTask.java:95)
	at org.junit.platform.engine.support.hierarchical.ForkJoinPoolHierarchicalTestExecutorService$ExclusiveTask.compute(ForkJoinPoolHierarchicalTestExecutorService.java:185)
	at java.util.concurrent.RecursiveAction.exec(RecursiveAction.java:189)
	at java.util.concurrent.ForkJoinTask.doExec(ForkJoinTask.java:289)
	at java.util.concurrent.ForkJoinPool$WorkQueue.runTask(ForkJoinPool.java:1056)
	at java.util.concurrent.ForkJoinPool.runWorker(ForkJoinPool.java:1692)
	at java.util.concurrent.ForkJoinWorkerThread.run(ForkJoinWorkerThread.java:157)
]]></failure>
<system-out><![CDATA[
unique-id: [engine:junit-jupiter]/[class:com.evie.autotest.platform.testcase.example.xUnit0410.TestJunit5Example]/[test-template:test_a_1_b_1(java.util.List)]/[test-template-invocation:#2]
display-name: [2] o=[]
]]></system-out>
</testcase>
<testcase name="test_a_1_a_3()" classname="com.evie.autotest.platform.testcase.example.xUnit0410.TestJunit5Example" time="0.004">
<system-out><![CDATA[
unique-id: [engine:junit-jupiter]/[class:com.evie.autotest.platform.testcase.example.xUnit0410.TestJunit5Example]/[method:test_a_1_a_3()]
display-name: test a 1 a 3
]]></system-out>
</testcase>
<testcase name="test_1271982797()[16]" classname="com.evie.autotest.platform.testcase.example.xUnit0410.TestJunit5Example" time="0">
<system-out><![CDATA[
unique-id: [engine:junit-jupiter]/[class:com.evie.autotest.platform.testcase.example.xUnit0410.TestJunit5Example]/[test-template:test_1271982797()]/[test-template-invocation:#16]
display-name: repetition 16 of 100
]]></system-out>
</testcase>
<testcase name="test_1271982797()[15]" classname="com.evie.autotest.platform.testcase.example.xUnit0410.TestJunit5Example" time="0.001">
<system-out><![CDATA[
unique-id: [engine:junit-jupiter]/[class:com.evie.autotest.platform.testcase.example.xUnit0410.TestJunit5Example]/[test-template:test_1271982797()]/[test-template-invocation:#15]
display-name: repetition 15 of 100
]]></system-out>
</testcase>
<testcase name="test_1271982797()[14]" classname="com.evie.autotest.platform.testcase.example.xUnit0410.TestJunit5Example" time="0">
<system-out><![CDATA[
unique-id: [engine:junit-jupiter]/[class:com.evie.autotest.platform.testcase.example.xUnit0410.TestJunit5Example]/[test-template:test_1271982797()]/[test-template-invocation:#14]
display-name: repetition 14 of 100
]]></system-out>
</testcase>
<testcase name="test_1271982797()[13]" classname="com.evie.autotest.platform.testcase.example.xUnit0410.TestJunit5Example" time="0">
<system-out><![CDATA[
unique-id: [engine:junit-jupiter]/[class:com.evie.autotest.platform.testcase.example.xUnit0410.TestJunit5Example]/[test-template:test_1271982797()]/[test-template-invocation:#13]
display-name: repetition 13 of 100
]]></system-out>
</testcase>
<testcase name="test_1271982797()[19]" classname="com.evie.autotest.platform.testcase.example.xUnit0410.TestJunit5Example" time="0.001">
<system-out><![CDATA[
unique-id: [engine:junit-jupiter]/[class:com.evie.autotest.platform.testcase.example.xUnit0410.TestJunit5Example]/[test-template:test_1271982797()]/[test-template-invocation:#19]
display-name: repetition 19 of 100
]]></system-out>
</testcase>
<testcase name="test_1271982797()[18]" classname="com.evie.autotest.platform.testcase.example.xUnit0410.TestJunit5Example" time="0">
<system-out><![CDATA[
unique-id: [engine:junit-jupiter]/[class:com.evie.autotest.platform.testcase.example.xUnit0410.TestJunit5Example]/[test-template:test_1271982797()]/[test-template-invocation:#18]
display-name: repetition 18 of 100
]]></system-out>
</testcase>
<testcase name="test_1271982797()[17]" classname="com.evie.autotest.platform.testcase.example.xUnit0410.TestJunit5Example" time="0.001">
<system-out><![CDATA[
unique-id: [engine:junit-jupiter]/[class:com.evie.autotest.platform.testcase.example.xUnit0410.TestJunit5Example]/[test-template:test_1271982797()]/[test-template-invocation:#17]
display-name: repetition 17 of 100
]]></system-out>
</testcase>
<testcase name="test_1271982797()[12]" classname="com.evie.autotest.platform.testcase.example.xUnit0410.TestJunit5Example" time="0">
<system-out><![CDATA[
unique-id: [engine:junit-jupiter]/[class:com.evie.autotest.platform.testcase.example.xUnit0410.TestJunit5Example]/[test-template:test_1271982797()]/[test-template-invocation:#12]
display-name: repetition 12 of 100
]]></system-out>
</testcase>
<testcase name="test_1271982797()[11]" classname="com.evie.autotest.platform.testcase.example.xUnit0410.TestJunit5Example" time="0">
<system-out><![CDATA[
unique-id: [engine:junit-jupiter]/[class:com.evie.autotest.platform.testcase.example.xUnit0410.TestJunit5Example]/[test-template:test_1271982797()]/[test-template-invocation:#11]
display-name: repetition 11 of 100
]]></system-out>
</testcase>
<testcase name="test_1271982797()[10]" classname="com.evie.autotest.platform.testcase.example.xUnit0410.TestJunit5Example" time="0">
<system-out><![CDATA[
unique-id: [engine:junit-jupiter]/[class:com.evie.autotest.platform.testcase.example.xUnit0410.TestJunit5Example]/[test-template:test_1271982797()]/[test-template-invocation:#10]
display-name: repetition 10 of 100
]]></system-out>
</testcase>
<testcase name="test(int)[20]" classname="com.evie.autotest.platform.testcase.example.xUnit0410.TestJunit5Example" time="0.001">
<system-out><![CDATA[
unique-id: [engine:junit-jupiter]/[class:com.evie.autotest.platform.testcase.example.xUnit0410.TestJunit5Example]/[test-template:test(int)]/[test-template-invocation:#20]
display-name: repetition 20 of 20
]]></system-out>
</testcase>
<testcase name="test(int)[15]" classname="com.evie.autotest.platform.testcase.example.xUnit0410.TestJunit5Example" time="0.001">
<system-out><![CDATA[
unique-id: [engine:junit-jupiter]/[class:com.evie.autotest.platform.testcase.example.xUnit0410.TestJunit5Example]/[test-template:test(int)]/[test-template-invocation:#15]
display-name: repetition 15 of 20
]]></system-out>
</testcase>
<testcase name="test(int)[14]" classname="com.evie.autotest.platform.testcase.example.xUnit0410.TestJunit5Example" time="0.001">
<system-out><![CDATA[
unique-id: [engine:junit-jupiter]/[class:com.evie.autotest.platform.testcase.example.xUnit0410.TestJunit5Example]/[test-template:test(int)]/[test-template-invocation:#14]
display-name: repetition 14 of 20
]]></system-out>
</testcase>
<testcase name="test(int)[17]" classname="com.evie.autotest.platform.testcase.example.xUnit0410.TestJunit5Example" time="0">
<system-out><![CDATA[
unique-id: [engine:junit-jupiter]/[class:com.evie.autotest.platform.testcase.example.xUnit0410.TestJunit5Example]/[test-template:test(int)]/[test-template-invocation:#17]
display-name: repetition 17 of 20
]]></system-out>
</testcase>
<testcase name="test(int)[16]" classname="com.evie.autotest.platform.testcase.example.xUnit0410.TestJunit5Example" time="0.001">
<system-out><![CDATA[
unique-id: [engine:junit-jupiter]/[class:com.evie.autotest.platform.testcase.example.xUnit0410.TestJunit5Example]/[test-template:test(int)]/[test-template-invocation:#16]
display-name: repetition 16 of 20
]]></system-out>
</testcase>
<testcase name="test(int)[11]" classname="com.evie.autotest.platform.testcase.example.xUnit0410.TestJunit5Example" time="0.001">
<system-out><![CDATA[
unique-id: [engine:junit-jupiter]/[class:com.evie.autotest.platform.testcase.example.xUnit0410.TestJunit5Example]/[test-template:test(int)]/[test-template-invocation:#11]
display-name: repetition 11 of 20
]]></system-out>
</testcase>
<testcase name="test(int)[10]" classname="com.evie.autotest.platform.testcase.example.xUnit0410.TestJunit5Example" time="0.001">
<system-out><![CDATA[
unique-id: [engine:junit-jupiter]/[class:com.evie.autotest.platform.testcase.example.xUnit0410.TestJunit5Example]/[test-template:test(int)]/[test-template-invocation:#10]
display-name: repetition 10 of 20
]]></system-out>
</testcase>
<testcase name="test(int)[13]" classname="com.evie.autotest.platform.testcase.example.xUnit0410.TestJunit5Example" time="0.001">
<system-out><![CDATA[
unique-id: [engine:junit-jupiter]/[class:com.evie.autotest.platform.testcase.example.xUnit0410.TestJunit5Example]/[test-template:test(int)]/[test-template-invocation:#13]
display-name: repetition 13 of 20
]]></system-out>
</testcase>
<testcase name="test(int)[12]" classname="com.evie.autotest.platform.testcase.example.xUnit0410.TestJunit5Example" time="0.001">
<system-out><![CDATA[
unique-id: [engine:junit-jupiter]/[class:com.evie.autotest.platform.testcase.example.xUnit0410.TestJunit5Example]/[test-template:test(int)]/[test-template-invocation:#12]
display-name: repetition 12 of 20
]]></system-out>
</testcase>
<testcase name="test(int)[19]" classname="com.evie.autotest.platform.testcase.example.xUnit0410.TestJunit5Example" time="0.001">
<system-out><![CDATA[
unique-id: [engine:junit-jupiter]/[class:com.evie.autotest.platform.testcase.example.xUnit0410.TestJunit5Example]/[test-template:test(int)]/[test-template-invocation:#19]
display-name: repetition 19 of 20
]]></system-out>
</testcase>
<testcase name="pollUntil()" classname="com.evie.autotest.platform.testcase.example.xUnit0410.TestJunit5Example" time="2.505">
<system-out><![CDATA[
unique-id: [engine:junit-jupiter]/[class:com.evie.autotest.platform.testcase.example.xUnit0410.TestJunit5Example]/[method:pollUntil()]
display-name: pollUntil
]]></system-out>
</testcase>
<testcase name="test(int)[18]" classname="com.evie.autotest.platform.testcase.example.xUnit0410.TestJunit5Example" time="0.001">
<system-out><![CDATA[
unique-id: [engine:junit-jupiter]/[class:com.evie.autotest.platform.testcase.example.xUnit0410.TestJunit5Example]/[test-template:test(int)]/[test-template-invocation:#18]
display-name: repetition 18 of 20
]]></system-out>
</testcase>
<testcase name="test_1273812987(Object)[3]" classname="com.evie.autotest.platform.testcase.example.xUnit0410.TestJunit5Example" time="0.001">
<system-out><![CDATA[
unique-id: [engine:junit-jupiter]/[class:com.evie.autotest.platform.testcase.example.xUnit0410.TestJunit5Example]/[test-template:test_1273812987(java.lang.Object)]/[test-template-invocation:#3]
display-name: [3] test={localhost={host=127.0.0.1}, user={host=127.0.0.1, db=8}, book={host=127.0.0.1, db=9}, comment={host=127.0.0.1, db=10}}
]]></system-out>
</testcase>
<testcase name="test_1273812987(Object)[2]" classname="com.evie.autotest.platform.testcase.example.xUnit0410.TestJunit5Example" time="0.001">
<system-out><![CDATA[
unique-id: [engine:junit-jupiter]/[class:com.evie.autotest.platform.testcase.example.xUnit0410.TestJunit5Example]/[test-template:test_1273812987(java.lang.Object)]/[test-template-invocation:#2]
display-name: [2] test={localhost={host=127.0.0.1}, user={host=127.0.0.1, db=8}, book={host=127.0.0.1, db=9}, comment={host=127.0.0.1, db=10}}
]]></system-out>
</testcase>
<testcase name="test_1273812987(Object)[1]" classname="com.evie.autotest.platform.testcase.example.xUnit0410.TestJunit5Example" time="0.001">
<system-out><![CDATA[
unique-id: [engine:junit-jupiter]/[class:com.evie.autotest.platform.testcase.example.xUnit0410.TestJunit5Example]/[test-template:test_1273812987(java.lang.Object)]/[test-template-invocation:#1]
display-name: [1] test={localhost={host=127.0.0.1}, user={host=127.0.0.1, db=8}, book={host=127.0.0.1, db=9}, comment={host=127.0.0.1, db=10}}
]]></system-out>
</testcase>
<testcase name="test_a_1_a_2()" classname="com.evie.autotest.platform.testcase.example.xUnit0410.TestJunit5Example" time="0.004">
<system-out><![CDATA[
unique-id: [engine:junit-jupiter]/[class:com.evie.autotest.platform.testcase.example.xUnit0410.TestJunit5Example]/[method:test_a_1_a_2()]
display-name: test a 1 a 2
]]></system-out>
</testcase>
<testcase name="test_1273812987(Object)[9]" classname="com.evie.autotest.platform.testcase.example.xUnit0410.TestJunit5Example" time="0.001">
<system-out><![CDATA[
unique-id: [engine:junit-jupiter]/[class:com.evie.autotest.platform.testcase.example.xUnit0410.TestJunit5Example]/[test-template:test_1273812987(java.lang.Object)]/[test-template-invocation:#9]
display-name: [9] test={localhost={host=127.0.0.1}, user={host=127.0.0.1, db=8}, book={host=127.0.0.1, db=9}, comment={host=127.0.0.1, db=10}}
]]></system-out>
</testcase>
<testcase name="test_1273812987(Object)[8]" classname="com.evie.autotest.platform.testcase.example.xUnit0410.TestJunit5Example" time="0.001">
<system-out><![CDATA[
unique-id: [engine:junit-jupiter]/[class:com.evie.autotest.platform.testcase.example.xUnit0410.TestJunit5Example]/[test-template:test_1273812987(java.lang.Object)]/[test-template-invocation:#8]
display-name: [8] test={localhost={host=127.0.0.1}, user={host=127.0.0.1, db=8}, book={host=127.0.0.1, db=9}, comment={host=127.0.0.1, db=10}}
]]></system-out>
</testcase>
<testcase name="test_1273812987(Object)[7]" classname="com.evie.autotest.platform.testcase.example.xUnit0410.TestJunit5Example" time="0.001">
<system-out><![CDATA[
unique-id: [engine:junit-jupiter]/[class:com.evie.autotest.platform.testcase.example.xUnit0410.TestJunit5Example]/[test-template:test_1273812987(java.lang.Object)]/[test-template-invocation:#7]
display-name: [7] test={localhost={host=127.0.0.1}, user={host=127.0.0.1, db=8}, book={host=127.0.0.1, db=9}, comment={host=127.0.0.1, db=10}}
]]></system-out>
</testcase>
<testcase name="test_1273812987(Object)[6]" classname="com.evie.autotest.platform.testcase.example.xUnit0410.TestJunit5Example" time="0">
<system-out><![CDATA[
unique-id: [engine:junit-jupiter]/[class:com.evie.autotest.platform.testcase.example.xUnit0410.TestJunit5Example]/[test-template:test_1273812987(java.lang.Object)]/[test-template-invocation:#6]
display-name: [6] test={localhost={host=127.0.0.1}, user={host=127.0.0.1, db=8}, book={host=127.0.0.1, db=9}, comment={host=127.0.0.1, db=10}}
]]></system-out>
</testcase>
<testcase name="test_1239(MemberInfo)[3]" classname="com.evie.autotest.platform.testcase.example.xUnit0410.TestJunit5Example" time="0">
<system-out><![CDATA[
unique-id: [engine:junit-jupiter]/[class:com.evie.autotest.platform.testcase.example.xUnit0410.TestJunit5Example]/[test-template:test_1239(com.evie.autotest.platform.testcase.example.xUnit0410.TestJunit5Example$MemberInfo)]/[test-template-invocation:#3]
display-name: [3] memberInfo=TestJunit5Example.MemberInfo(name=null, alias=nihao, id=null, phone=null, landline=8544211, email=null, address=中国, jobTitle=老板)
]]></system-out>
</testcase>
<testcase name="test_1273812987(Object)[5]" classname="com.evie.autotest.platform.testcase.example.xUnit0410.TestJunit5Example" time="0">
<system-out><![CDATA[
unique-id: [engine:junit-jupiter]/[class:com.evie.autotest.platform.testcase.example.xUnit0410.TestJunit5Example]/[test-template:test_1273812987(java.lang.Object)]/[test-template-invocation:#5]
display-name: [5] test={localhost={host=127.0.0.1}, user={host=127.0.0.1, db=8}, book={host=127.0.0.1, db=9}, comment={host=127.0.0.1, db=10}}
]]></system-out>
</testcase>
<testcase name="test_1239(MemberInfo)[2]" classname="com.evie.autotest.platform.testcase.example.xUnit0410.TestJunit5Example" time="0.001">
<system-out><![CDATA[
unique-id: [engine:junit-jupiter]/[class:com.evie.autotest.platform.testcase.example.xUnit0410.TestJunit5Example]/[test-template:test_1239(com.evie.autotest.platform.testcase.example.xUnit0410.TestJunit5Example$MemberInfo)]/[test-template-invocation:#2]
display-name: [2] memberInfo=TestJunit5Example.MemberInfo(name=null, alias=nihao, id=null, phone=null, landline=8544211, email=null, address=中国, jobTitle=老板)
]]></system-out>
</testcase>
<testcase name="test_1273812987(Object)[4]" classname="com.evie.autotest.platform.testcase.example.xUnit0410.TestJunit5Example" time="0.001">
<system-out><![CDATA[
unique-id: [engine:junit-jupiter]/[class:com.evie.autotest.platform.testcase.example.xUnit0410.TestJunit5Example]/[test-template:test_1273812987(java.lang.Object)]/[test-template-invocation:#4]
display-name: [4] test={localhost={host=127.0.0.1}, user={host=127.0.0.1, db=8}, book={host=127.0.0.1, db=9}, comment={host=127.0.0.1, db=10}}
]]></system-out>
</testcase>
<testcase name="test_a_1_b_2(String)[1]" classname="com.evie.autotest.platform.testcase.example.xUnit0410.TestJunit5Example" time="0.001">
<system-out><![CDATA[
unique-id: [engine:junit-jupiter]/[class:com.evie.autotest.platform.testcase.example.xUnit0410.TestJunit5Example]/[test-template:test_a_1_b_2(java.lang.String)]/[test-template-invocation:#1]
display-name: [1] o=RYW
]]></system-out>
</testcase>
<testcase name="test_a_1_b_2(String)[2]" classname="com.evie.autotest.platform.testcase.example.xUnit0410.TestJunit5Example" time="0.001">
<failure message="测试参数化 string 字符串的传递 ==> expected: &lt;RYW> but was: &lt;TJY>" type="org.opentest4j.AssertionFailedError"><![CDATA[org.opentest4j.AssertionFailedError: 测试参数化 string 字符串的传递 ==> expected: <RYW> but was: <TJY>
	at org.junit.jupiter.api.AssertionUtils.fail(AssertionUtils.java:55)
	at org.junit.jupiter.api.AssertionUtils.failNotEqual(AssertionUtils.java:62)
	at org.junit.jupiter.api.AssertEquals.assertEquals(AssertEquals.java:182)
	at org.junit.jupiter.api.Assertions.assertEquals(Assertions.java:1152)
	at com.evie.autotest.platform.testcase.example.xUnit0410.TestJunit5Example.test_a_1_b_2(TestJunit5Example.java:184)
	at sun.reflect.NativeMethodAccessorImpl.invoke0(Native Method)
	at sun.reflect.NativeMethodAccessorImpl.invoke(NativeMethodAccessorImpl.java:62)
	at sun.reflect.DelegatingMethodAccessorImpl.invoke(DelegatingMethodAccessorImpl.java:43)
	at java.lang.reflect.Method.invoke(Method.java:498)
	at org.junit.platform.commons.util.ReflectionUtils.invokeMethod(ReflectionUtils.java:725)
	at org.junit.jupiter.engine.execution.MethodInvocation.proceed(MethodInvocation.java:60)
	at org.junit.jupiter.engine.execution.InvocationInterceptorChain$ValidatingInvocation.proceed(InvocationInterceptorChain.java:131)
	at org.junit.jupiter.engine.extension.TimeoutExtension.intercept(TimeoutExtension.java:149)
	at org.junit.jupiter.engine.extension.TimeoutExtension.interceptTestableMethod(TimeoutExtension.java:140)
	at org.junit.jupiter.engine.extension.TimeoutExtension.interceptTestTemplateMethod(TimeoutExtension.java:92)
	at org.junit.jupiter.engine.execution.ExecutableInvoker$ReflectiveInterceptorCall.lambda$ofVoidMethod$0(ExecutableInvoker.java:115)
	at org.junit.jupiter.engine.execution.ExecutableInvoker.lambda$invoke$0(ExecutableInvoker.java:105)
	at org.junit.jupiter.engine.execution.InvocationInterceptorChain$InterceptedInvocation.proceed(InvocationInterceptorChain.java:106)
	at org.junit.jupiter.engine.execution.InvocationInterceptorChain.proceed(InvocationInterceptorChain.java:64)
	at org.junit.jupiter.engine.execution.InvocationInterceptorChain.chainAndInvoke(InvocationInterceptorChain.java:45)
	at org.junit.jupiter.engine.execution.InvocationInterceptorChain.invoke(InvocationInterceptorChain.java:37)
	at org.junit.jupiter.engine.execution.ExecutableInvoker.invoke(ExecutableInvoker.java:104)
	at org.junit.jupiter.engine.execution.ExecutableInvoker.invoke(ExecutableInvoker.java:98)
	at org.junit.jupiter.engine.descriptor.TestMethodTestDescriptor.lambda$invokeTestMethod$7(TestMethodTestDescriptor.java:214)
	at org.junit.platform.engine.support.hierarchical.ThrowableCollector.execute(ThrowableCollector.java:73)
	at org.junit.jupiter.engine.descriptor.TestMethodTestDescriptor.invokeTestMethod(TestMethodTestDescriptor.java:210)
	at org.junit.jupiter.engine.descriptor.TestMethodTestDescriptor.execute(TestMethodTestDescriptor.java:135)
	at org.junit.jupiter.engine.descriptor.TestMethodTestDescriptor.execute(TestMethodTestDescriptor.java:66)
	at org.junit.platform.engine.support.hierarchical.NodeTestTask.lambda$executeRecursively$6(NodeTestTask.java:151)
	at org.junit.platform.engine.support.hierarchical.ThrowableCollector.execute(ThrowableCollector.java:73)
	at org.junit.platform.engine.support.hierarchical.NodeTestTask.lambda$executeRecursively$8(NodeTestTask.java:141)
	at org.junit.platform.engine.support.hierarchical.Node.around(Node.java:137)
	at org.junit.platform.engine.support.hierarchical.NodeTestTask.lambda$executeRecursively$9(NodeTestTask.java:139)
	at org.junit.platform.engine.support.hierarchical.ThrowableCollector.execute(ThrowableCollector.java:73)
	at org.junit.platform.engine.support.hierarchical.NodeTestTask.executeRecursively(NodeTestTask.java:138)
	at org.junit.platform.engine.support.hierarchical.NodeTestTask.execute(NodeTestTask.java:95)
	at org.junit.platform.engine.support.hierarchical.ForkJoinPoolHierarchicalTestExecutorService$ExclusiveTask.compute(ForkJoinPoolHierarchicalTestExecutorService.java:185)
	at org.junit.platform.engine.support.hierarchical.ForkJoinPoolHierarchicalTestExecutorService.submit(ForkJoinPoolHierarchicalTestExecutorService.java:118)
	at org.junit.platform.engine.support.hierarchical.NodeTestTask$DefaultDynamicTestExecutor.execute(NodeTestTask.java:226)
	at org.junit.platform.engine.support.hierarchical.NodeTestTask$DefaultDynamicTestExecutor.execute(NodeTestTask.java:204)
	at org.junit.jupiter.engine.descriptor.TestTemplateTestDescriptor.execute(TestTemplateTestDescriptor.java:139)
	at org.junit.jupiter.engine.descriptor.TestTemplateTestDescriptor.lambda$execute$2(TestTemplateTestDescriptor.java:107)
	at java.util.stream.ForEachOps$ForEachOp$OfRef.accept(ForEachOps.java:184)
	at java.util.stream.ReferencePipeline$3$1.accept(ReferencePipeline.java:193)
	at java.util.stream.ReferencePipeline$2$1.accept(ReferencePipeline.java:175)
	at java.util.stream.ReferencePipeline$3$1.accept(ReferencePipeline.java:193)
	at java.util.stream.ForEachOps$ForEachOp$OfRef.accept(ForEachOps.java:184)
	at java.util.stream.ReferencePipeline$3$1.accept(ReferencePipeline.java:193)
	at java.util.stream.ReferencePipeline$3$1.accept(ReferencePipeline.java:193)
	at java.util.stream.ReferencePipeline$3$1.accept(ReferencePipeline.java:193)
	at java.util.stream.ForEachOps$ForEachOp$OfRef.accept(ForEachOps.java:184)
	at java.util.stream.ReferencePipeline$3$1.accept(ReferencePipeline.java:193)
	at java.util.Spliterators$ArraySpliterator.forEachRemaining(Spliterators.java:948)
	at java.util.stream.AbstractPipeline.copyInto(AbstractPipeline.java:482)
	at java.util.stream.AbstractPipeline.wrapAndCopyInto(AbstractPipeline.java:472)
	at java.util.stream.ForEachOps$ForEachOp.evaluateSequential(ForEachOps.java:151)
	at java.util.stream.ForEachOps$ForEachOp$OfRef.evaluateSequential(ForEachOps.java:174)
	at java.util.stream.AbstractPipeline.evaluate(AbstractPipeline.java:234)
	at java.util.stream.ReferencePipeline.forEach(ReferencePipeline.java:418)
	at java.util.stream.ReferencePipeline$7$1.accept(ReferencePipeline.java:270)
	at java.util.stream.ReferencePipeline$3$1.accept(ReferencePipeline.java:193)
	at java.util.stream.ReferencePipeline$3$1.accept(ReferencePipeline.java:193)
	at java.util.stream.ReferencePipeline$3$1.accept(ReferencePipeline.java:193)
	at java.util.ArrayList$ArrayListSpliterator.forEachRemaining(ArrayList.java:1382)
	at java.util.stream.AbstractPipeline.copyInto(AbstractPipeline.java:482)
	at java.util.stream.AbstractPipeline.wrapAndCopyInto(AbstractPipeline.java:472)
	at java.util.stream.ForEachOps$ForEachOp.evaluateSequential(ForEachOps.java:151)
	at java.util.stream.ForEachOps$ForEachOp$OfRef.evaluateSequential(ForEachOps.java:174)
	at java.util.stream.AbstractPipeline.evaluate(AbstractPipeline.java:234)
	at java.util.stream.ReferencePipeline.forEach(ReferencePipeline.java:418)
	at java.util.stream.ReferencePipeline$7$1.accept(ReferencePipeline.java:270)
	at java.util.ArrayList$ArrayListSpliterator.forEachRemaining(ArrayList.java:1382)
	at java.util.stream.AbstractPipeline.copyInto(AbstractPipeline.java:482)
	at java.util.stream.AbstractPipeline.wrapAndCopyInto(AbstractPipeline.java:472)
	at java.util.stream.ForEachOps$ForEachOp.evaluateSequential(ForEachOps.java:151)
	at java.util.stream.ForEachOps$ForEachOp$OfRef.evaluateSequential(ForEachOps.java:174)
	at java.util.stream.AbstractPipeline.evaluate(AbstractPipeline.java:234)
	at java.util.stream.ReferencePipeline.forEach(ReferencePipeline.java:418)
	at org.junit.jupiter.engine.descriptor.TestTemplateTestDescriptor.execute(TestTemplateTestDescriptor.java:107)
	at org.junit.jupiter.engine.descriptor.TestTemplateTestDescriptor.execute(TestTemplateTestDescriptor.java:42)
	at org.junit.platform.engine.support.hierarchical.NodeTestTask.lambda$executeRecursively$6(NodeTestTask.java:151)
	at org.junit.platform.engine.support.hierarchical.ThrowableCollector.execute(ThrowableCollector.java:73)
	at org.junit.platform.engine.support.hierarchical.NodeTestTask.lambda$executeRecursively$8(NodeTestTask.java:141)
	at org.junit.platform.engine.support.hierarchical.Node.around(Node.java:137)
	at org.junit.platform.engine.support.hierarchical.NodeTestTask.lambda$executeRecursively$9(NodeTestTask.java:139)
	at org.junit.platform.engine.support.hierarchical.ThrowableCollector.execute(ThrowableCollector.java:73)
	at org.junit.platform.engine.support.hierarchical.NodeTestTask.executeRecursively(NodeTestTask.java:138)
	at org.junit.platform.engine.support.hierarchical.NodeTestTask.execute(NodeTestTask.java:95)
	at org.junit.platform.engine.support.hierarchical.ForkJoinPoolHierarchicalTestExecutorService$ExclusiveTask.compute(ForkJoinPoolHierarchicalTestExecutorService.java:185)
	at org.junit.platform.engine.support.hierarchical.ForkJoinPoolHierarchicalTestExecutorService.executeNonConcurrentTasks(ForkJoinPoolHierarchicalTestExecutorService.java:155)
	at org.junit.platform.engine.support.hierarchical.ForkJoinPoolHierarchicalTestExecutorService.invokeAll(ForkJoinPoolHierarchicalTestExecutorService.java:135)
	at org.junit.platform.engine.support.hierarchical.NodeTestTask.lambda$executeRecursively$6(NodeTestTask.java:155)
	at org.junit.platform.engine.support.hierarchical.ThrowableCollector.execute(ThrowableCollector.java:73)
	at org.junit.platform.engine.support.hierarchical.NodeTestTask.lambda$executeRecursively$8(NodeTestTask.java:141)
	at org.junit.platform.engine.support.hierarchical.Node.around(Node.java:137)
	at org.junit.platform.engine.support.hierarchical.NodeTestTask.lambda$executeRecursively$9(NodeTestTask.java:139)
	at org.junit.platform.engine.support.hierarchical.ThrowableCollector.execute(ThrowableCollector.java:73)
	at org.junit.platform.engine.support.hierarchical.NodeTestTask.executeRecursively(NodeTestTask.java:138)
	at org.junit.platform.engine.support.hierarchical.NodeTestTask.execute(NodeTestTask.java:95)
	at org.junit.platform.engine.support.hierarchical.ForkJoinPoolHierarchicalTestExecutorService$ExclusiveTask.compute(ForkJoinPoolHierarchicalTestExecutorService.java:185)
	at org.junit.platform.engine.support.hierarchical.ForkJoinPoolHierarchicalTestExecutorService.invokeAll(ForkJoinPoolHierarchicalTestExecutorService.java:129)
	at org.junit.platform.engine.support.hierarchical.NodeTestTask.lambda$executeRecursively$6(NodeTestTask.java:155)
	at org.junit.platform.engine.support.hierarchical.ThrowableCollector.execute(ThrowableCollector.java:73)
	at org.junit.platform.engine.support.hierarchical.NodeTestTask.lambda$executeRecursively$8(NodeTestTask.java:141)
	at org.junit.platform.engine.support.hierarchical.Node.around(Node.java:137)
	at org.junit.platform.engine.support.hierarchical.NodeTestTask.lambda$executeRecursively$9(NodeTestTask.java:139)
	at org.junit.platform.engine.support.hierarchical.ThrowableCollector.execute(ThrowableCollector.java:73)
	at org.junit.platform.engine.support.hierarchical.NodeTestTask.executeRecursively(NodeTestTask.java:138)
	at org.junit.platform.engine.support.hierarchical.NodeTestTask.execute(NodeTestTask.java:95)
	at org.junit.platform.engine.support.hierarchical.ForkJoinPoolHierarchicalTestExecutorService$ExclusiveTask.compute(ForkJoinPoolHierarchicalTestExecutorService.java:185)
	at java.util.concurrent.RecursiveAction.exec(RecursiveAction.java:189)
	at java.util.concurrent.ForkJoinTask.doExec(ForkJoinTask.java:289)
	at java.util.concurrent.ForkJoinPool$WorkQueue.runTask(ForkJoinPool.java:1056)
	at java.util.concurrent.ForkJoinPool.runWorker(ForkJoinPool.java:1692)
	at java.util.concurrent.ForkJoinWorkerThread.run(ForkJoinWorkerThread.java:157)
]]></failure>
<system-out><![CDATA[
unique-id: [engine:junit-jupiter]/[class:com.evie.autotest.platform.testcase.example.xUnit0410.TestJunit5Example]/[test-template:test_a_1_b_2(java.lang.String)]/[test-template-invocation:#2]
display-name: [2] o=TJY
]]></system-out>
</testcase>
<testcase name="test_a_1_b_2(String)[3]" classname="com.evie.autotest.platform.testcase.example.xUnit0410.TestJunit5Example" time="0.001">
<failure message="测试参数化 string 字符串的传递 ==> expected: &lt;RYW> but was: &lt;123>" type="org.opentest4j.AssertionFailedError"><![CDATA[org.opentest4j.AssertionFailedError: 测试参数化 string 字符串的传递 ==> expected: <RYW> but was: <123>
	at org.junit.jupiter.api.AssertionUtils.fail(AssertionUtils.java:55)
	at org.junit.jupiter.api.AssertionUtils.failNotEqual(AssertionUtils.java:62)
	at org.junit.jupiter.api.AssertEquals.assertEquals(AssertEquals.java:182)
	at org.junit.jupiter.api.Assertions.assertEquals(Assertions.java:1152)
	at com.evie.autotest.platform.testcase.example.xUnit0410.TestJunit5Example.test_a_1_b_2(TestJunit5Example.java:184)
	at sun.reflect.NativeMethodAccessorImpl.invoke0(Native Method)
	at sun.reflect.NativeMethodAccessorImpl.invoke(NativeMethodAccessorImpl.java:62)
	at sun.reflect.DelegatingMethodAccessorImpl.invoke(DelegatingMethodAccessorImpl.java:43)
	at java.lang.reflect.Method.invoke(Method.java:498)
	at org.junit.platform.commons.util.ReflectionUtils.invokeMethod(ReflectionUtils.java:725)
	at org.junit.jupiter.engine.execution.MethodInvocation.proceed(MethodInvocation.java:60)
	at org.junit.jupiter.engine.execution.InvocationInterceptorChain$ValidatingInvocation.proceed(InvocationInterceptorChain.java:131)
	at org.junit.jupiter.engine.extension.TimeoutExtension.intercept(TimeoutExtension.java:149)
	at org.junit.jupiter.engine.extension.TimeoutExtension.interceptTestableMethod(TimeoutExtension.java:140)
	at org.junit.jupiter.engine.extension.TimeoutExtension.interceptTestTemplateMethod(TimeoutExtension.java:92)
	at org.junit.jupiter.engine.execution.ExecutableInvoker$ReflectiveInterceptorCall.lambda$ofVoidMethod$0(ExecutableInvoker.java:115)
	at org.junit.jupiter.engine.execution.ExecutableInvoker.lambda$invoke$0(ExecutableInvoker.java:105)
	at org.junit.jupiter.engine.execution.InvocationInterceptorChain$InterceptedInvocation.proceed(InvocationInterceptorChain.java:106)
	at org.junit.jupiter.engine.execution.InvocationInterceptorChain.proceed(InvocationInterceptorChain.java:64)
	at org.junit.jupiter.engine.execution.InvocationInterceptorChain.chainAndInvoke(InvocationInterceptorChain.java:45)
	at org.junit.jupiter.engine.execution.InvocationInterceptorChain.invoke(InvocationInterceptorChain.java:37)
	at org.junit.jupiter.engine.execution.ExecutableInvoker.invoke(ExecutableInvoker.java:104)
	at org.junit.jupiter.engine.execution.ExecutableInvoker.invoke(ExecutableInvoker.java:98)
	at org.junit.jupiter.engine.descriptor.TestMethodTestDescriptor.lambda$invokeTestMethod$7(TestMethodTestDescriptor.java:214)
	at org.junit.platform.engine.support.hierarchical.ThrowableCollector.execute(ThrowableCollector.java:73)
	at org.junit.jupiter.engine.descriptor.TestMethodTestDescriptor.invokeTestMethod(TestMethodTestDescriptor.java:210)
	at org.junit.jupiter.engine.descriptor.TestMethodTestDescriptor.execute(TestMethodTestDescriptor.java:135)
	at org.junit.jupiter.engine.descriptor.TestMethodTestDescriptor.execute(TestMethodTestDescriptor.java:66)
	at org.junit.platform.engine.support.hierarchical.NodeTestTask.lambda$executeRecursively$6(NodeTestTask.java:151)
	at org.junit.platform.engine.support.hierarchical.ThrowableCollector.execute(ThrowableCollector.java:73)
	at org.junit.platform.engine.support.hierarchical.NodeTestTask.lambda$executeRecursively$8(NodeTestTask.java:141)
	at org.junit.platform.engine.support.hierarchical.Node.around(Node.java:137)
	at org.junit.platform.engine.support.hierarchical.NodeTestTask.lambda$executeRecursively$9(NodeTestTask.java:139)
	at org.junit.platform.engine.support.hierarchical.ThrowableCollector.execute(ThrowableCollector.java:73)
	at org.junit.platform.engine.support.hierarchical.NodeTestTask.executeRecursively(NodeTestTask.java:138)
	at org.junit.platform.engine.support.hierarchical.NodeTestTask.execute(NodeTestTask.java:95)
	at org.junit.platform.engine.support.hierarchical.ForkJoinPoolHierarchicalTestExecutorService$ExclusiveTask.compute(ForkJoinPoolHierarchicalTestExecutorService.java:185)
	at org.junit.platform.engine.support.hierarchical.ForkJoinPoolHierarchicalTestExecutorService.submit(ForkJoinPoolHierarchicalTestExecutorService.java:118)
	at org.junit.platform.engine.support.hierarchical.NodeTestTask$DefaultDynamicTestExecutor.execute(NodeTestTask.java:226)
	at org.junit.platform.engine.support.hierarchical.NodeTestTask$DefaultDynamicTestExecutor.execute(NodeTestTask.java:204)
	at org.junit.jupiter.engine.descriptor.TestTemplateTestDescriptor.execute(TestTemplateTestDescriptor.java:139)
	at org.junit.jupiter.engine.descriptor.TestTemplateTestDescriptor.lambda$execute$2(TestTemplateTestDescriptor.java:107)
	at java.util.stream.ForEachOps$ForEachOp$OfRef.accept(ForEachOps.java:184)
	at java.util.stream.ReferencePipeline$3$1.accept(ReferencePipeline.java:193)
	at java.util.stream.ReferencePipeline$2$1.accept(ReferencePipeline.java:175)
	at java.util.stream.ReferencePipeline$3$1.accept(ReferencePipeline.java:193)
	at java.util.stream.ForEachOps$ForEachOp$OfRef.accept(ForEachOps.java:184)
	at java.util.stream.ReferencePipeline$3$1.accept(ReferencePipeline.java:193)
	at java.util.stream.ReferencePipeline$3$1.accept(ReferencePipeline.java:193)
	at java.util.stream.ReferencePipeline$3$1.accept(ReferencePipeline.java:193)
	at java.util.stream.ForEachOps$ForEachOp$OfRef.accept(ForEachOps.java:184)
	at java.util.stream.ReferencePipeline$3$1.accept(ReferencePipeline.java:193)
	at java.util.Spliterators$ArraySpliterator.forEachRemaining(Spliterators.java:948)
	at java.util.stream.AbstractPipeline.copyInto(AbstractPipeline.java:482)
	at java.util.stream.AbstractPipeline.wrapAndCopyInto(AbstractPipeline.java:472)
	at java.util.stream.ForEachOps$ForEachOp.evaluateSequential(ForEachOps.java:151)
	at java.util.stream.ForEachOps$ForEachOp$OfRef.evaluateSequential(ForEachOps.java:174)
	at java.util.stream.AbstractPipeline.evaluate(AbstractPipeline.java:234)
	at java.util.stream.ReferencePipeline.forEach(ReferencePipeline.java:418)
	at java.util.stream.ReferencePipeline$7$1.accept(ReferencePipeline.java:270)
	at java.util.stream.ReferencePipeline$3$1.accept(ReferencePipeline.java:193)
	at java.util.stream.ReferencePipeline$3$1.accept(ReferencePipeline.java:193)
	at java.util.stream.ReferencePipeline$3$1.accept(ReferencePipeline.java:193)
	at java.util.ArrayList$ArrayListSpliterator.forEachRemaining(ArrayList.java:1382)
	at java.util.stream.AbstractPipeline.copyInto(AbstractPipeline.java:482)
	at java.util.stream.AbstractPipeline.wrapAndCopyInto(AbstractPipeline.java:472)
	at java.util.stream.ForEachOps$ForEachOp.evaluateSequential(ForEachOps.java:151)
	at java.util.stream.ForEachOps$ForEachOp$OfRef.evaluateSequential(ForEachOps.java:174)
	at java.util.stream.AbstractPipeline.evaluate(AbstractPipeline.java:234)
	at java.util.stream.ReferencePipeline.forEach(ReferencePipeline.java:418)
	at java.util.stream.ReferencePipeline$7$1.accept(ReferencePipeline.java:270)
	at java.util.ArrayList$ArrayListSpliterator.forEachRemaining(ArrayList.java:1382)
	at java.util.stream.AbstractPipeline.copyInto(AbstractPipeline.java:482)
	at java.util.stream.AbstractPipeline.wrapAndCopyInto(AbstractPipeline.java:472)
	at java.util.stream.ForEachOps$ForEachOp.evaluateSequential(ForEachOps.java:151)
	at java.util.stream.ForEachOps$ForEachOp$OfRef.evaluateSequential(ForEachOps.java:174)
	at java.util.stream.AbstractPipeline.evaluate(AbstractPipeline.java:234)
	at java.util.stream.ReferencePipeline.forEach(ReferencePipeline.java:418)
	at org.junit.jupiter.engine.descriptor.TestTemplateTestDescriptor.execute(TestTemplateTestDescriptor.java:107)
	at org.junit.jupiter.engine.descriptor.TestTemplateTestDescriptor.execute(TestTemplateTestDescriptor.java:42)
	at org.junit.platform.engine.support.hierarchical.NodeTestTask.lambda$executeRecursively$6(NodeTestTask.java:151)
	at org.junit.platform.engine.support.hierarchical.ThrowableCollector.execute(ThrowableCollector.java:73)
	at org.junit.platform.engine.support.hierarchical.NodeTestTask.lambda$executeRecursively$8(NodeTestTask.java:141)
	at org.junit.platform.engine.support.hierarchical.Node.around(Node.java:137)
	at org.junit.platform.engine.support.hierarchical.NodeTestTask.lambda$executeRecursively$9(NodeTestTask.java:139)
	at org.junit.platform.engine.support.hierarchical.ThrowableCollector.execute(ThrowableCollector.java:73)
	at org.junit.platform.engine.support.hierarchical.NodeTestTask.executeRecursively(NodeTestTask.java:138)
	at org.junit.platform.engine.support.hierarchical.NodeTestTask.execute(NodeTestTask.java:95)
	at org.junit.platform.engine.support.hierarchical.ForkJoinPoolHierarchicalTestExecutorService$ExclusiveTask.compute(ForkJoinPoolHierarchicalTestExecutorService.java:185)
	at org.junit.platform.engine.support.hierarchical.ForkJoinPoolHierarchicalTestExecutorService.executeNonConcurrentTasks(ForkJoinPoolHierarchicalTestExecutorService.java:155)
	at org.junit.platform.engine.support.hierarchical.ForkJoinPoolHierarchicalTestExecutorService.invokeAll(ForkJoinPoolHierarchicalTestExecutorService.java:135)
	at org.junit.platform.engine.support.hierarchical.NodeTestTask.lambda$executeRecursively$6(NodeTestTask.java:155)
	at org.junit.platform.engine.support.hierarchical.ThrowableCollector.execute(ThrowableCollector.java:73)
	at org.junit.platform.engine.support.hierarchical.NodeTestTask.lambda$executeRecursively$8(NodeTestTask.java:141)
	at org.junit.platform.engine.support.hierarchical.Node.around(Node.java:137)
	at org.junit.platform.engine.support.hierarchical.NodeTestTask.lambda$executeRecursively$9(NodeTestTask.java:139)
	at org.junit.platform.engine.support.hierarchical.ThrowableCollector.execute(ThrowableCollector.java:73)
	at org.junit.platform.engine.support.hierarchical.NodeTestTask.executeRecursively(NodeTestTask.java:138)
	at org.junit.platform.engine.support.hierarchical.NodeTestTask.execute(NodeTestTask.java:95)
	at org.junit.platform.engine.support.hierarchical.ForkJoinPoolHierarchicalTestExecutorService$ExclusiveTask.compute(ForkJoinPoolHierarchicalTestExecutorService.java:185)
	at org.junit.platform.engine.support.hierarchical.ForkJoinPoolHierarchicalTestExecutorService.invokeAll(ForkJoinPoolHierarchicalTestExecutorService.java:129)
	at org.junit.platform.engine.support.hierarchical.NodeTestTask.lambda$executeRecursively$6(NodeTestTask.java:155)
	at org.junit.platform.engine.support.hierarchical.ThrowableCollector.execute(ThrowableCollector.java:73)
	at org.junit.platform.engine.support.hierarchical.NodeTestTask.lambda$executeRecursively$8(NodeTestTask.java:141)
	at org.junit.platform.engine.support.hierarchical.Node.around(Node.java:137)
	at org.junit.platform.engine.support.hierarchical.NodeTestTask.lambda$executeRecursively$9(NodeTestTask.java:139)
	at org.junit.platform.engine.support.hierarchical.ThrowableCollector.execute(ThrowableCollector.java:73)
	at org.junit.platform.engine.support.hierarchical.NodeTestTask.executeRecursively(NodeTestTask.java:138)
	at org.junit.platform.engine.support.hierarchical.NodeTestTask.execute(NodeTestTask.java:95)
	at org.junit.platform.engine.support.hierarchical.ForkJoinPoolHierarchicalTestExecutorService$ExclusiveTask.compute(ForkJoinPoolHierarchicalTestExecutorService.java:185)
	at java.util.concurrent.RecursiveAction.exec(RecursiveAction.java:189)
	at java.util.concurrent.ForkJoinTask.doExec(ForkJoinTask.java:289)
	at java.util.concurrent.ForkJoinPool$WorkQueue.runTask(ForkJoinPool.java:1056)
	at java.util.concurrent.ForkJoinPool.runWorker(ForkJoinPool.java:1692)
	at java.util.concurrent.ForkJoinWorkerThread.run(ForkJoinWorkerThread.java:157)
]]></failure>
<system-out><![CDATA[
unique-id: [engine:junit-jupiter]/[class:com.evie.autotest.platform.testcase.example.xUnit0410.TestJunit5Example]/[test-template:test_a_1_b_2(java.lang.String)]/[test-template-invocation:#3]
display-name: [3] o=123
]]></system-out>
</testcase>
<testcase name="test_a_1_b_2(String)[4]" classname="com.evie.autotest.platform.testcase.example.xUnit0410.TestJunit5Example" time="0.001">
<failure message="测试参数化 string 字符串的传递 ==> expected: &lt;RYW> but was: &lt;null>" type="org.opentest4j.AssertionFailedError"><![CDATA[org.opentest4j.AssertionFailedError: 测试参数化 string 字符串的传递 ==> expected: <RYW> but was: <null>
	at org.junit.jupiter.api.AssertionUtils.fail(AssertionUtils.java:55)
	at org.junit.jupiter.api.AssertionUtils.failNotEqual(AssertionUtils.java:62)
	at org.junit.jupiter.api.AssertEquals.assertEquals(AssertEquals.java:182)
	at org.junit.jupiter.api.Assertions.assertEquals(Assertions.java:1152)
	at com.evie.autotest.platform.testcase.example.xUnit0410.TestJunit5Example.test_a_1_b_2(TestJunit5Example.java:184)
	at sun.reflect.NativeMethodAccessorImpl.invoke0(Native Method)
	at sun.reflect.NativeMethodAccessorImpl.invoke(NativeMethodAccessorImpl.java:62)
	at sun.reflect.DelegatingMethodAccessorImpl.invoke(DelegatingMethodAccessorImpl.java:43)
	at java.lang.reflect.Method.invoke(Method.java:498)
	at org.junit.platform.commons.util.ReflectionUtils.invokeMethod(ReflectionUtils.java:725)
	at org.junit.jupiter.engine.execution.MethodInvocation.proceed(MethodInvocation.java:60)
	at org.junit.jupiter.engine.execution.InvocationInterceptorChain$ValidatingInvocation.proceed(InvocationInterceptorChain.java:131)
	at org.junit.jupiter.engine.extension.TimeoutExtension.intercept(TimeoutExtension.java:149)
	at org.junit.jupiter.engine.extension.TimeoutExtension.interceptTestableMethod(TimeoutExtension.java:140)
	at org.junit.jupiter.engine.extension.TimeoutExtension.interceptTestTemplateMethod(TimeoutExtension.java:92)
	at org.junit.jupiter.engine.execution.ExecutableInvoker$ReflectiveInterceptorCall.lambda$ofVoidMethod$0(ExecutableInvoker.java:115)
	at org.junit.jupiter.engine.execution.ExecutableInvoker.lambda$invoke$0(ExecutableInvoker.java:105)
	at org.junit.jupiter.engine.execution.InvocationInterceptorChain$InterceptedInvocation.proceed(InvocationInterceptorChain.java:106)
	at org.junit.jupiter.engine.execution.InvocationInterceptorChain.proceed(InvocationInterceptorChain.java:64)
	at org.junit.jupiter.engine.execution.InvocationInterceptorChain.chainAndInvoke(InvocationInterceptorChain.java:45)
	at org.junit.jupiter.engine.execution.InvocationInterceptorChain.invoke(InvocationInterceptorChain.java:37)
	at org.junit.jupiter.engine.execution.ExecutableInvoker.invoke(ExecutableInvoker.java:104)
	at org.junit.jupiter.engine.execution.ExecutableInvoker.invoke(ExecutableInvoker.java:98)
	at org.junit.jupiter.engine.descriptor.TestMethodTestDescriptor.lambda$invokeTestMethod$7(TestMethodTestDescriptor.java:214)
	at org.junit.platform.engine.support.hierarchical.ThrowableCollector.execute(ThrowableCollector.java:73)
	at org.junit.jupiter.engine.descriptor.TestMethodTestDescriptor.invokeTestMethod(TestMethodTestDescriptor.java:210)
	at org.junit.jupiter.engine.descriptor.TestMethodTestDescriptor.execute(TestMethodTestDescriptor.java:135)
	at org.junit.jupiter.engine.descriptor.TestMethodTestDescriptor.execute(TestMethodTestDescriptor.java:66)
	at org.junit.platform.engine.support.hierarchical.NodeTestTask.lambda$executeRecursively$6(NodeTestTask.java:151)
	at org.junit.platform.engine.support.hierarchical.ThrowableCollector.execute(ThrowableCollector.java:73)
	at org.junit.platform.engine.support.hierarchical.NodeTestTask.lambda$executeRecursively$8(NodeTestTask.java:141)
	at org.junit.platform.engine.support.hierarchical.Node.around(Node.java:137)
	at org.junit.platform.engine.support.hierarchical.NodeTestTask.lambda$executeRecursively$9(NodeTestTask.java:139)
	at org.junit.platform.engine.support.hierarchical.ThrowableCollector.execute(ThrowableCollector.java:73)
	at org.junit.platform.engine.support.hierarchical.NodeTestTask.executeRecursively(NodeTestTask.java:138)
	at org.junit.platform.engine.support.hierarchical.NodeTestTask.execute(NodeTestTask.java:95)
	at org.junit.platform.engine.support.hierarchical.ForkJoinPoolHierarchicalTestExecutorService$ExclusiveTask.compute(ForkJoinPoolHierarchicalTestExecutorService.java:185)
	at org.junit.platform.engine.support.hierarchical.ForkJoinPoolHierarchicalTestExecutorService.submit(ForkJoinPoolHierarchicalTestExecutorService.java:118)
	at org.junit.platform.engine.support.hierarchical.NodeTestTask$DefaultDynamicTestExecutor.execute(NodeTestTask.java:226)
	at org.junit.platform.engine.support.hierarchical.NodeTestTask$DefaultDynamicTestExecutor.execute(NodeTestTask.java:204)
	at org.junit.jupiter.engine.descriptor.TestTemplateTestDescriptor.execute(TestTemplateTestDescriptor.java:139)
	at org.junit.jupiter.engine.descriptor.TestTemplateTestDescriptor.lambda$execute$2(TestTemplateTestDescriptor.java:107)
	at java.util.stream.ForEachOps$ForEachOp$OfRef.accept(ForEachOps.java:184)
	at java.util.stream.ReferencePipeline$3$1.accept(ReferencePipeline.java:193)
	at java.util.stream.ReferencePipeline$2$1.accept(ReferencePipeline.java:175)
	at java.util.stream.ReferencePipeline$3$1.accept(ReferencePipeline.java:193)
	at java.util.stream.ForEachOps$ForEachOp$OfRef.accept(ForEachOps.java:184)
	at java.util.stream.ReferencePipeline$3$1.accept(ReferencePipeline.java:193)
	at java.util.stream.ReferencePipeline$3$1.accept(ReferencePipeline.java:193)
	at java.util.stream.ReferencePipeline$3$1.accept(ReferencePipeline.java:193)
	at java.util.stream.Streams$StreamBuilderImpl.forEachRemaining(Streams.java:419)
	at java.util.stream.ReferencePipeline$Head.forEach(ReferencePipeline.java:580)
	at java.util.stream.ReferencePipeline$7$1.accept(ReferencePipeline.java:270)
	at java.util.stream.ReferencePipeline$3$1.accept(ReferencePipeline.java:193)
	at java.util.stream.ReferencePipeline$3$1.accept(ReferencePipeline.java:193)
	at java.util.stream.ReferencePipeline$3$1.accept(ReferencePipeline.java:193)
	at java.util.ArrayList$ArrayListSpliterator.forEachRemaining(ArrayList.java:1382)
	at java.util.stream.AbstractPipeline.copyInto(AbstractPipeline.java:482)
	at java.util.stream.AbstractPipeline.wrapAndCopyInto(AbstractPipeline.java:472)
	at java.util.stream.ForEachOps$ForEachOp.evaluateSequential(ForEachOps.java:151)
	at java.util.stream.ForEachOps$ForEachOp$OfRef.evaluateSequential(ForEachOps.java:174)
	at java.util.stream.AbstractPipeline.evaluate(AbstractPipeline.java:234)
	at java.util.stream.ReferencePipeline.forEach(ReferencePipeline.java:418)
	at java.util.stream.ReferencePipeline$7$1.accept(ReferencePipeline.java:270)
	at java.util.ArrayList$ArrayListSpliterator.forEachRemaining(ArrayList.java:1382)
	at java.util.stream.AbstractPipeline.copyInto(AbstractPipeline.java:482)
	at java.util.stream.AbstractPipeline.wrapAndCopyInto(AbstractPipeline.java:472)
	at java.util.stream.ForEachOps$ForEachOp.evaluateSequential(ForEachOps.java:151)
	at java.util.stream.ForEachOps$ForEachOp$OfRef.evaluateSequential(ForEachOps.java:174)
	at java.util.stream.AbstractPipeline.evaluate(AbstractPipeline.java:234)
	at java.util.stream.ReferencePipeline.forEach(ReferencePipeline.java:418)
	at org.junit.jupiter.engine.descriptor.TestTemplateTestDescriptor.execute(TestTemplateTestDescriptor.java:107)
	at org.junit.jupiter.engine.descriptor.TestTemplateTestDescriptor.execute(TestTemplateTestDescriptor.java:42)
	at org.junit.platform.engine.support.hierarchical.NodeTestTask.lambda$executeRecursively$6(NodeTestTask.java:151)
	at org.junit.platform.engine.support.hierarchical.ThrowableCollector.execute(ThrowableCollector.java:73)
	at org.junit.platform.engine.support.hierarchical.NodeTestTask.lambda$executeRecursively$8(NodeTestTask.java:141)
	at org.junit.platform.engine.support.hierarchical.Node.around(Node.java:137)
	at org.junit.platform.engine.support.hierarchical.NodeTestTask.lambda$executeRecursively$9(NodeTestTask.java:139)
	at org.junit.platform.engine.support.hierarchical.ThrowableCollector.execute(ThrowableCollector.java:73)
	at org.junit.platform.engine.support.hierarchical.NodeTestTask.executeRecursively(NodeTestTask.java:138)
	at org.junit.platform.engine.support.hierarchical.NodeTestTask.execute(NodeTestTask.java:95)
	at org.junit.platform.engine.support.hierarchical.ForkJoinPoolHierarchicalTestExecutorService$ExclusiveTask.compute(ForkJoinPoolHierarchicalTestExecutorService.java:185)
	at org.junit.platform.engine.support.hierarchical.ForkJoinPoolHierarchicalTestExecutorService.executeNonConcurrentTasks(ForkJoinPoolHierarchicalTestExecutorService.java:155)
	at org.junit.platform.engine.support.hierarchical.ForkJoinPoolHierarchicalTestExecutorService.invokeAll(ForkJoinPoolHierarchicalTestExecutorService.java:135)
	at org.junit.platform.engine.support.hierarchical.NodeTestTask.lambda$executeRecursively$6(NodeTestTask.java:155)
	at org.junit.platform.engine.support.hierarchical.ThrowableCollector.execute(ThrowableCollector.java:73)
	at org.junit.platform.engine.support.hierarchical.NodeTestTask.lambda$executeRecursively$8(NodeTestTask.java:141)
	at org.junit.platform.engine.support.hierarchical.Node.around(Node.java:137)
	at org.junit.platform.engine.support.hierarchical.NodeTestTask.lambda$executeRecursively$9(NodeTestTask.java:139)
	at org.junit.platform.engine.support.hierarchical.ThrowableCollector.execute(ThrowableCollector.java:73)
	at org.junit.platform.engine.support.hierarchical.NodeTestTask.executeRecursively(NodeTestTask.java:138)
	at org.junit.platform.engine.support.hierarchical.NodeTestTask.execute(NodeTestTask.java:95)
	at org.junit.platform.engine.support.hierarchical.ForkJoinPoolHierarchicalTestExecutorService$ExclusiveTask.compute(ForkJoinPoolHierarchicalTestExecutorService.java:185)
	at org.junit.platform.engine.support.hierarchical.ForkJoinPoolHierarchicalTestExecutorService.invokeAll(ForkJoinPoolHierarchicalTestExecutorService.java:129)
	at org.junit.platform.engine.support.hierarchical.NodeTestTask.lambda$executeRecursively$6(NodeTestTask.java:155)
	at org.junit.platform.engine.support.hierarchical.ThrowableCollector.execute(ThrowableCollector.java:73)
	at org.junit.platform.engine.support.hierarchical.NodeTestTask.lambda$executeRecursively$8(NodeTestTask.java:141)
	at org.junit.platform.engine.support.hierarchical.Node.around(Node.java:137)
	at org.junit.platform.engine.support.hierarchical.NodeTestTask.lambda$executeRecursively$9(NodeTestTask.java:139)
	at org.junit.platform.engine.support.hierarchical.ThrowableCollector.execute(ThrowableCollector.java:73)
	at org.junit.platform.engine.support.hierarchical.NodeTestTask.executeRecursively(NodeTestTask.java:138)
	at org.junit.platform.engine.support.hierarchical.NodeTestTask.execute(NodeTestTask.java:95)
	at org.junit.platform.engine.support.hierarchical.ForkJoinPoolHierarchicalTestExecutorService$ExclusiveTask.compute(ForkJoinPoolHierarchicalTestExecutorService.java:185)
	at java.util.concurrent.RecursiveAction.exec(RecursiveAction.java:189)
	at java.util.concurrent.ForkJoinTask.doExec(ForkJoinTask.java:289)
	at java.util.concurrent.ForkJoinPool$WorkQueue.runTask(ForkJoinPool.java:1056)
	at java.util.concurrent.ForkJoinPool.runWorker(ForkJoinPool.java:1692)
	at java.util.concurrent.ForkJoinWorkerThread.run(ForkJoinWorkerThread.java:157)
]]></failure>
<system-out><![CDATA[
unique-id: [engine:junit-jupiter]/[class:com.evie.autotest.platform.testcase.example.xUnit0410.TestJunit5Example]/[test-template:test_a_1_b_2(java.lang.String)]/[test-template-invocation:#4]
display-name: [4] o=null
]]></system-out>
</testcase>
<testcase name="test(int)[21]" classname="com.evie.autotest.platform.testcase.example.xUnit0410.TestJunit5Example" time="0.003">
<error message="Discovered multiple competing ParameterResolvers for parameter [int s] in method [void com.evie.autotest.platform.testcase.example.xUnit0410.TestJunit5Example.test(int)]: com.evie.autotest.platform.provider.RandomParameters@6ea98923, org.junit.jupiter.params.ParameterizedTestParameterResolver@2940f84c" type="org.junit.jupiter.api.extension.ParameterResolutionException"><![CDATA[org.junit.jupiter.api.extension.ParameterResolutionException: Discovered multiple competing ParameterResolvers for parameter [int s] in method [void com.evie.autotest.platform.testcase.example.xUnit0410.TestJunit5Example.test(int)]: com.evie.autotest.platform.provider.RandomParameters@6ea98923, org.junit.jupiter.params.ParameterizedTestParameterResolver@2940f84c
	at org.junit.jupiter.engine.execution.ExecutableInvoker.resolveParameter(ExecutableInvoker.java:211)
	at org.junit.jupiter.engine.execution.ExecutableInvoker.resolveParameters(ExecutableInvoker.java:183)
	at org.junit.jupiter.engine.execution.ExecutableInvoker.resolveParameters(ExecutableInvoker.java:144)
	at org.junit.jupiter.engine.execution.ExecutableInvoker.invoke(ExecutableInvoker.java:96)
	at org.junit.jupiter.engine.descriptor.TestMethodTestDescriptor.lambda$invokeTestMethod$7(TestMethodTestDescriptor.java:214)
	at org.junit.platform.engine.support.hierarchical.ThrowableCollector.execute(ThrowableCollector.java:73)
	at org.junit.jupiter.engine.descriptor.TestMethodTestDescriptor.invokeTestMethod(TestMethodTestDescriptor.java:210)
	at org.junit.jupiter.engine.descriptor.TestMethodTestDescriptor.execute(TestMethodTestDescriptor.java:135)
	at org.junit.jupiter.engine.descriptor.TestMethodTestDescriptor.execute(TestMethodTestDescriptor.java:66)
	at org.junit.platform.engine.support.hierarchical.NodeTestTask.lambda$executeRecursively$6(NodeTestTask.java:151)
	at org.junit.platform.engine.support.hierarchical.ThrowableCollector.execute(ThrowableCollector.java:73)
	at org.junit.platform.engine.support.hierarchical.NodeTestTask.lambda$executeRecursively$8(NodeTestTask.java:141)
	at org.junit.platform.engine.support.hierarchical.Node.around(Node.java:137)
	at org.junit.platform.engine.support.hierarchical.NodeTestTask.lambda$executeRecursively$9(NodeTestTask.java:139)
	at org.junit.platform.engine.support.hierarchical.ThrowableCollector.execute(ThrowableCollector.java:73)
	at org.junit.platform.engine.support.hierarchical.NodeTestTask.executeRecursively(NodeTestTask.java:138)
	at org.junit.platform.engine.support.hierarchical.NodeTestTask.execute(NodeTestTask.java:95)
	at org.junit.platform.engine.support.hierarchical.ForkJoinPoolHierarchicalTestExecutorService$ExclusiveTask.compute(ForkJoinPoolHierarchicalTestExecutorService.java:185)
	at org.junit.platform.engine.support.hierarchical.ForkJoinPoolHierarchicalTestExecutorService.submit(ForkJoinPoolHierarchicalTestExecutorService.java:118)
	at org.junit.platform.engine.support.hierarchical.NodeTestTask$DefaultDynamicTestExecutor.execute(NodeTestTask.java:226)
	at org.junit.platform.engine.support.hierarchical.NodeTestTask$DefaultDynamicTestExecutor.execute(NodeTestTask.java:204)
	at org.junit.jupiter.engine.descriptor.TestTemplateTestDescriptor.execute(TestTemplateTestDescriptor.java:139)
	at org.junit.jupiter.engine.descriptor.TestTemplateTestDescriptor.lambda$execute$2(TestTemplateTestDescriptor.java:107)
	at java.util.stream.ForEachOps$ForEachOp$OfRef.accept(ForEachOps.java:184)
	at java.util.stream.ReferencePipeline$3$1.accept(ReferencePipeline.java:193)
	at java.util.stream.ReferencePipeline$2$1.accept(ReferencePipeline.java:175)
	at java.util.stream.ReferencePipeline$3$1.accept(ReferencePipeline.java:193)
	at java.util.stream.ForEachOps$ForEachOp$OfRef.accept(ForEachOps.java:184)
	at java.util.stream.ReferencePipeline$3$1.accept(ReferencePipeline.java:193)
	at java.util.stream.ReferencePipeline$3$1.accept(ReferencePipeline.java:193)
	at java.util.stream.ReferencePipeline$3$1.accept(ReferencePipeline.java:193)
	at java.util.stream.ForEachOps$ForEachOp$OfRef.accept(ForEachOps.java:184)
	at java.util.stream.ReferencePipeline$3$1.accept(ReferencePipeline.java:193)
	at java.util.Spliterators$ArraySpliterator.forEachRemaining(Spliterators.java:948)
	at java.util.stream.AbstractPipeline.copyInto(AbstractPipeline.java:482)
	at java.util.stream.AbstractPipeline.wrapAndCopyInto(AbstractPipeline.java:472)
	at java.util.stream.ForEachOps$ForEachOp.evaluateSequential(ForEachOps.java:151)
	at java.util.stream.ForEachOps$ForEachOp$OfRef.evaluateSequential(ForEachOps.java:174)
	at java.util.stream.AbstractPipeline.evaluate(AbstractPipeline.java:234)
	at java.util.stream.ReferencePipeline.forEach(ReferencePipeline.java:418)
	at java.util.stream.ReferencePipeline$7$1.accept(ReferencePipeline.java:270)
	at java.util.stream.ReferencePipeline$3$1.accept(ReferencePipeline.java:193)
	at java.util.stream.ReferencePipeline$3$1.accept(ReferencePipeline.java:193)
	at java.util.stream.ReferencePipeline$3$1.accept(ReferencePipeline.java:193)
	at java.util.ArrayList$ArrayListSpliterator.forEachRemaining(ArrayList.java:1382)
	at java.util.stream.AbstractPipeline.copyInto(AbstractPipeline.java:482)
	at java.util.stream.AbstractPipeline.wrapAndCopyInto(AbstractPipeline.java:472)
	at java.util.stream.ForEachOps$ForEachOp.evaluateSequential(ForEachOps.java:151)
	at java.util.stream.ForEachOps$ForEachOp$OfRef.evaluateSequential(ForEachOps.java:174)
	at java.util.stream.AbstractPipeline.evaluate(AbstractPipeline.java:234)
	at java.util.stream.ReferencePipeline.forEach(ReferencePipeline.java:418)
	at java.util.stream.ReferencePipeline$7$1.accept(ReferencePipeline.java:270)
	at java.util.ArrayList$ArrayListSpliterator.forEachRemaining(ArrayList.java:1382)
	at java.util.stream.AbstractPipeline.copyInto(AbstractPipeline.java:482)
	at java.util.stream.AbstractPipeline.wrapAndCopyInto(AbstractPipeline.java:472)
	at java.util.stream.ForEachOps$ForEachOp.evaluateSequential(ForEachOps.java:151)
	at java.util.stream.ForEachOps$ForEachOp$OfRef.evaluateSequential(ForEachOps.java:174)
	at java.util.stream.AbstractPipeline.evaluate(AbstractPipeline.java:234)
	at java.util.stream.ReferencePipeline.forEach(ReferencePipeline.java:418)
	at org.junit.jupiter.engine.descriptor.TestTemplateTestDescriptor.execute(TestTemplateTestDescriptor.java:107)
	at org.junit.jupiter.engine.descriptor.TestTemplateTestDescriptor.execute(TestTemplateTestDescriptor.java:42)
	at org.junit.platform.engine.support.hierarchical.NodeTestTask.lambda$executeRecursively$6(NodeTestTask.java:151)
	at org.junit.platform.engine.support.hierarchical.ThrowableCollector.execute(ThrowableCollector.java:73)
	at org.junit.platform.engine.support.hierarchical.NodeTestTask.lambda$executeRecursively$8(NodeTestTask.java:141)
	at org.junit.platform.engine.support.hierarchical.Node.around(Node.java:137)
	at org.junit.platform.engine.support.hierarchical.NodeTestTask.lambda$executeRecursively$9(NodeTestTask.java:139)
	at org.junit.platform.engine.support.hierarchical.ThrowableCollector.execute(ThrowableCollector.java:73)
	at org.junit.platform.engine.support.hierarchical.NodeTestTask.executeRecursively(NodeTestTask.java:138)
	at org.junit.platform.engine.support.hierarchical.NodeTestTask.execute(NodeTestTask.java:95)
	at org.junit.platform.engine.support.hierarchical.ForkJoinPoolHierarchicalTestExecutorService$ExclusiveTask.compute(ForkJoinPoolHierarchicalTestExecutorService.java:185)
	at org.junit.platform.engine.support.hierarchical.ForkJoinPoolHierarchicalTestExecutorService.executeNonConcurrentTasks(ForkJoinPoolHierarchicalTestExecutorService.java:155)
	at org.junit.platform.engine.support.hierarchical.ForkJoinPoolHierarchicalTestExecutorService.invokeAll(ForkJoinPoolHierarchicalTestExecutorService.java:135)
	at org.junit.platform.engine.support.hierarchical.NodeTestTask.lambda$executeRecursively$6(NodeTestTask.java:155)
	at org.junit.platform.engine.support.hierarchical.ThrowableCollector.execute(ThrowableCollector.java:73)
	at org.junit.platform.engine.support.hierarchical.NodeTestTask.lambda$executeRecursively$8(NodeTestTask.java:141)
	at org.junit.platform.engine.support.hierarchical.Node.around(Node.java:137)
	at org.junit.platform.engine.support.hierarchical.NodeTestTask.lambda$executeRecursively$9(NodeTestTask.java:139)
	at org.junit.platform.engine.support.hierarchical.ThrowableCollector.execute(ThrowableCollector.java:73)
	at org.junit.platform.engine.support.hierarchical.NodeTestTask.executeRecursively(NodeTestTask.java:138)
	at org.junit.platform.engine.support.hierarchical.NodeTestTask.execute(NodeTestTask.java:95)
	at org.junit.platform.engine.support.hierarchical.ForkJoinPoolHierarchicalTestExecutorService$ExclusiveTask.compute(ForkJoinPoolHierarchicalTestExecutorService.java:185)
	at org.junit.platform.engine.support.hierarchical.ForkJoinPoolHierarchicalTestExecutorService.invokeAll(ForkJoinPoolHierarchicalTestExecutorService.java:129)
	at org.junit.platform.engine.support.hierarchical.NodeTestTask.lambda$executeRecursively$6(NodeTestTask.java:155)
	at org.junit.platform.engine.support.hierarchical.ThrowableCollector.execute(ThrowableCollector.java:73)
	at org.junit.platform.engine.support.hierarchical.NodeTestTask.lambda$executeRecursively$8(NodeTestTask.java:141)
	at org.junit.platform.engine.support.hierarchical.Node.around(Node.java:137)
	at org.junit.platform.engine.support.hierarchical.NodeTestTask.lambda$executeRecursively$9(NodeTestTask.java:139)
	at org.junit.platform.engine.support.hierarchical.ThrowableCollector.execute(ThrowableCollector.java:73)
	at org.junit.platform.engine.support.hierarchical.NodeTestTask.executeRecursively(NodeTestTask.java:138)
	at org.junit.platform.engine.support.hierarchical.NodeTestTask.execute(NodeTestTask.java:95)
	at org.junit.platform.engine.support.hierarchical.ForkJoinPoolHierarchicalTestExecutorService$ExclusiveTask.compute(ForkJoinPoolHierarchicalTestExecutorService.java:185)
	at java.util.concurrent.RecursiveAction.exec(RecursiveAction.java:189)
	at java.util.concurrent.ForkJoinTask.doExec(ForkJoinTask.java:289)
	at java.util.concurrent.ForkJoinPool$WorkQueue.runTask(ForkJoinPool.java:1056)
	at java.util.concurrent.ForkJoinPool.runWorker(ForkJoinPool.java:1692)
	at java.util.concurrent.ForkJoinWorkerThread.run(ForkJoinWorkerThread.java:157)
]]></error>
<system-out><![CDATA[
unique-id: [engine:junit-jupiter]/[class:com.evie.autotest.platform.testcase.example.xUnit0410.TestJunit5Example]/[test-template:test(int)]/[test-template-invocation:#21]
display-name: [21] s=12
]]></system-out>
</testcase>
<testcase name="nthSuperUglyNumber()" classname="com.evie.autotest.platform.testcase.example.xUnit0410.TestJunit5Example" time="0">
<system-out><![CDATA[
unique-id: [engine:junit-jupiter]/[class:com.evie.autotest.platform.testcase.example.xUnit0410.TestJunit5Example]/[method:nthSuperUglyNumber()]
display-name: nthSuperUglyNumber
]]></system-out>
</testcase>
<testcase name="test_a_1_b_2(String)[5]" classname="com.evie.autotest.platform.testcase.example.xUnit0410.TestJunit5Example" time="0">
<failure message="测试参数化 string 字符串的传递 ==> expected: &lt;RYW> but was: &lt;>" type="org.opentest4j.AssertionFailedError"><![CDATA[org.opentest4j.AssertionFailedError: 测试参数化 string 字符串的传递 ==> expected: <RYW> but was: <>
	at org.junit.jupiter.api.AssertionUtils.fail(AssertionUtils.java:55)
	at org.junit.jupiter.api.AssertionUtils.failNotEqual(AssertionUtils.java:62)
	at org.junit.jupiter.api.AssertEquals.assertEquals(AssertEquals.java:182)
	at org.junit.jupiter.api.Assertions.assertEquals(Assertions.java:1152)
	at com.evie.autotest.platform.testcase.example.xUnit0410.TestJunit5Example.test_a_1_b_2(TestJunit5Example.java:184)
	at sun.reflect.NativeMethodAccessorImpl.invoke0(Native Method)
	at sun.reflect.NativeMethodAccessorImpl.invoke(NativeMethodAccessorImpl.java:62)
	at sun.reflect.DelegatingMethodAccessorImpl.invoke(DelegatingMethodAccessorImpl.java:43)
	at java.lang.reflect.Method.invoke(Method.java:498)
	at org.junit.platform.commons.util.ReflectionUtils.invokeMethod(ReflectionUtils.java:725)
	at org.junit.jupiter.engine.execution.MethodInvocation.proceed(MethodInvocation.java:60)
	at org.junit.jupiter.engine.execution.InvocationInterceptorChain$ValidatingInvocation.proceed(InvocationInterceptorChain.java:131)
	at org.junit.jupiter.engine.extension.TimeoutExtension.intercept(TimeoutExtension.java:149)
	at org.junit.jupiter.engine.extension.TimeoutExtension.interceptTestableMethod(TimeoutExtension.java:140)
	at org.junit.jupiter.engine.extension.TimeoutExtension.interceptTestTemplateMethod(TimeoutExtension.java:92)
	at org.junit.jupiter.engine.execution.ExecutableInvoker$ReflectiveInterceptorCall.lambda$ofVoidMethod$0(ExecutableInvoker.java:115)
	at org.junit.jupiter.engine.execution.ExecutableInvoker.lambda$invoke$0(ExecutableInvoker.java:105)
	at org.junit.jupiter.engine.execution.InvocationInterceptorChain$InterceptedInvocation.proceed(InvocationInterceptorChain.java:106)
	at org.junit.jupiter.engine.execution.InvocationInterceptorChain.proceed(InvocationInterceptorChain.java:64)
	at org.junit.jupiter.engine.execution.InvocationInterceptorChain.chainAndInvoke(InvocationInterceptorChain.java:45)
	at org.junit.jupiter.engine.execution.InvocationInterceptorChain.invoke(InvocationInterceptorChain.java:37)
	at org.junit.jupiter.engine.execution.ExecutableInvoker.invoke(ExecutableInvoker.java:104)
	at org.junit.jupiter.engine.execution.ExecutableInvoker.invoke(ExecutableInvoker.java:98)
	at org.junit.jupiter.engine.descriptor.TestMethodTestDescriptor.lambda$invokeTestMethod$7(TestMethodTestDescriptor.java:214)
	at org.junit.platform.engine.support.hierarchical.ThrowableCollector.execute(ThrowableCollector.java:73)
	at org.junit.jupiter.engine.descriptor.TestMethodTestDescriptor.invokeTestMethod(TestMethodTestDescriptor.java:210)
	at org.junit.jupiter.engine.descriptor.TestMethodTestDescriptor.execute(TestMethodTestDescriptor.java:135)
	at org.junit.jupiter.engine.descriptor.TestMethodTestDescriptor.execute(TestMethodTestDescriptor.java:66)
	at org.junit.platform.engine.support.hierarchical.NodeTestTask.lambda$executeRecursively$6(NodeTestTask.java:151)
	at org.junit.platform.engine.support.hierarchical.ThrowableCollector.execute(ThrowableCollector.java:73)
	at org.junit.platform.engine.support.hierarchical.NodeTestTask.lambda$executeRecursively$8(NodeTestTask.java:141)
	at org.junit.platform.engine.support.hierarchical.Node.around(Node.java:137)
	at org.junit.platform.engine.support.hierarchical.NodeTestTask.lambda$executeRecursively$9(NodeTestTask.java:139)
	at org.junit.platform.engine.support.hierarchical.ThrowableCollector.execute(ThrowableCollector.java:73)
	at org.junit.platform.engine.support.hierarchical.NodeTestTask.executeRecursively(NodeTestTask.java:138)
	at org.junit.platform.engine.support.hierarchical.NodeTestTask.execute(NodeTestTask.java:95)
	at org.junit.platform.engine.support.hierarchical.ForkJoinPoolHierarchicalTestExecutorService$ExclusiveTask.compute(ForkJoinPoolHierarchicalTestExecutorService.java:185)
	at org.junit.platform.engine.support.hierarchical.ForkJoinPoolHierarchicalTestExecutorService.submit(ForkJoinPoolHierarchicalTestExecutorService.java:118)
	at org.junit.platform.engine.support.hierarchical.NodeTestTask$DefaultDynamicTestExecutor.execute(NodeTestTask.java:226)
	at org.junit.platform.engine.support.hierarchical.NodeTestTask$DefaultDynamicTestExecutor.execute(NodeTestTask.java:204)
	at org.junit.jupiter.engine.descriptor.TestTemplateTestDescriptor.execute(TestTemplateTestDescriptor.java:139)
	at org.junit.jupiter.engine.descriptor.TestTemplateTestDescriptor.lambda$execute$2(TestTemplateTestDescriptor.java:107)
	at java.util.stream.ForEachOps$ForEachOp$OfRef.accept(ForEachOps.java:184)
	at java.util.stream.ReferencePipeline$3$1.accept(ReferencePipeline.java:193)
	at java.util.stream.ReferencePipeline$2$1.accept(ReferencePipeline.java:175)
	at java.util.stream.ReferencePipeline$3$1.accept(ReferencePipeline.java:193)
	at java.util.stream.ForEachOps$ForEachOp$OfRef.accept(ForEachOps.java:184)
	at java.util.stream.ReferencePipeline$3$1.accept(ReferencePipeline.java:193)
	at java.util.stream.ReferencePipeline$3$1.accept(ReferencePipeline.java:193)
	at java.util.stream.ReferencePipeline$3$1.accept(ReferencePipeline.java:193)
	at java.util.stream.Streams$StreamBuilderImpl.forEachRemaining(Streams.java:419)
	at java.util.stream.ReferencePipeline$Head.forEach(ReferencePipeline.java:580)
	at java.util.stream.ReferencePipeline$7$1.accept(ReferencePipeline.java:270)
	at java.util.stream.ReferencePipeline$3$1.accept(ReferencePipeline.java:193)
	at java.util.stream.ReferencePipeline$3$1.accept(ReferencePipeline.java:193)
	at java.util.stream.ReferencePipeline$3$1.accept(ReferencePipeline.java:193)
	at java.util.ArrayList$ArrayListSpliterator.forEachRemaining(ArrayList.java:1382)
	at java.util.stream.AbstractPipeline.copyInto(AbstractPipeline.java:482)
	at java.util.stream.AbstractPipeline.wrapAndCopyInto(AbstractPipeline.java:472)
	at java.util.stream.ForEachOps$ForEachOp.evaluateSequential(ForEachOps.java:151)
	at java.util.stream.ForEachOps$ForEachOp$OfRef.evaluateSequential(ForEachOps.java:174)
	at java.util.stream.AbstractPipeline.evaluate(AbstractPipeline.java:234)
	at java.util.stream.ReferencePipeline.forEach(ReferencePipeline.java:418)
	at java.util.stream.ReferencePipeline$7$1.accept(ReferencePipeline.java:270)
	at java.util.ArrayList$ArrayListSpliterator.forEachRemaining(ArrayList.java:1382)
	at java.util.stream.AbstractPipeline.copyInto(AbstractPipeline.java:482)
	at java.util.stream.AbstractPipeline.wrapAndCopyInto(AbstractPipeline.java:472)
	at java.util.stream.ForEachOps$ForEachOp.evaluateSequential(ForEachOps.java:151)
	at java.util.stream.ForEachOps$ForEachOp$OfRef.evaluateSequential(ForEachOps.java:174)
	at java.util.stream.AbstractPipeline.evaluate(AbstractPipeline.java:234)
	at java.util.stream.ReferencePipeline.forEach(ReferencePipeline.java:418)
	at org.junit.jupiter.engine.descriptor.TestTemplateTestDescriptor.execute(TestTemplateTestDescriptor.java:107)
	at org.junit.jupiter.engine.descriptor.TestTemplateTestDescriptor.execute(TestTemplateTestDescriptor.java:42)
	at org.junit.platform.engine.support.hierarchical.NodeTestTask.lambda$executeRecursively$6(NodeTestTask.java:151)
	at org.junit.platform.engine.support.hierarchical.ThrowableCollector.execute(ThrowableCollector.java:73)
	at org.junit.platform.engine.support.hierarchical.NodeTestTask.lambda$executeRecursively$8(NodeTestTask.java:141)
	at org.junit.platform.engine.support.hierarchical.Node.around(Node.java:137)
	at org.junit.platform.engine.support.hierarchical.NodeTestTask.lambda$executeRecursively$9(NodeTestTask.java:139)
	at org.junit.platform.engine.support.hierarchical.ThrowableCollector.execute(ThrowableCollector.java:73)
	at org.junit.platform.engine.support.hierarchical.NodeTestTask.executeRecursively(NodeTestTask.java:138)
	at org.junit.platform.engine.support.hierarchical.NodeTestTask.execute(NodeTestTask.java:95)
	at org.junit.platform.engine.support.hierarchical.ForkJoinPoolHierarchicalTestExecutorService$ExclusiveTask.compute(ForkJoinPoolHierarchicalTestExecutorService.java:185)
	at org.junit.platform.engine.support.hierarchical.ForkJoinPoolHierarchicalTestExecutorService.executeNonConcurrentTasks(ForkJoinPoolHierarchicalTestExecutorService.java:155)
	at org.junit.platform.engine.support.hierarchical.ForkJoinPoolHierarchicalTestExecutorService.invokeAll(ForkJoinPoolHierarchicalTestExecutorService.java:135)
	at org.junit.platform.engine.support.hierarchical.NodeTestTask.lambda$executeRecursively$6(NodeTestTask.java:155)
	at org.junit.platform.engine.support.hierarchical.ThrowableCollector.execute(ThrowableCollector.java:73)
	at org.junit.platform.engine.support.hierarchical.NodeTestTask.lambda$executeRecursively$8(NodeTestTask.java:141)
	at org.junit.platform.engine.support.hierarchical.Node.around(Node.java:137)
	at org.junit.platform.engine.support.hierarchical.NodeTestTask.lambda$executeRecursively$9(NodeTestTask.java:139)
	at org.junit.platform.engine.support.hierarchical.ThrowableCollector.execute(ThrowableCollector.java:73)
	at org.junit.platform.engine.support.hierarchical.NodeTestTask.executeRecursively(NodeTestTask.java:138)
	at org.junit.platform.engine.support.hierarchical.NodeTestTask.execute(NodeTestTask.java:95)
	at org.junit.platform.engine.support.hierarchical.ForkJoinPoolHierarchicalTestExecutorService$ExclusiveTask.compute(ForkJoinPoolHierarchicalTestExecutorService.java:185)
	at org.junit.platform.engine.support.hierarchical.ForkJoinPoolHierarchicalTestExecutorService.invokeAll(ForkJoinPoolHierarchicalTestExecutorService.java:129)
	at org.junit.platform.engine.support.hierarchical.NodeTestTask.lambda$executeRecursively$6(NodeTestTask.java:155)
	at org.junit.platform.engine.support.hierarchical.ThrowableCollector.execute(ThrowableCollector.java:73)
	at org.junit.platform.engine.support.hierarchical.NodeTestTask.lambda$executeRecursively$8(NodeTestTask.java:141)
	at org.junit.platform.engine.support.hierarchical.Node.around(Node.java:137)
	at org.junit.platform.engine.support.hierarchical.NodeTestTask.lambda$executeRecursively$9(NodeTestTask.java:139)
	at org.junit.platform.engine.support.hierarchical.ThrowableCollector.execute(ThrowableCollector.java:73)
	at org.junit.platform.engine.support.hierarchical.NodeTestTask.executeRecursively(NodeTestTask.java:138)
	at org.junit.platform.engine.support.hierarchical.NodeTestTask.execute(NodeTestTask.java:95)
	at org.junit.platform.engine.support.hierarchical.ForkJoinPoolHierarchicalTestExecutorService$ExclusiveTask.compute(ForkJoinPoolHierarchicalTestExecutorService.java:185)
	at java.util.concurrent.RecursiveAction.exec(RecursiveAction.java:189)
	at java.util.concurrent.ForkJoinTask.doExec(ForkJoinTask.java:289)
	at java.util.concurrent.ForkJoinPool$WorkQueue.runTask(ForkJoinPool.java:1056)
	at java.util.concurrent.ForkJoinPool.runWorker(ForkJoinPool.java:1692)
	at java.util.concurrent.ForkJoinWorkerThread.run(ForkJoinWorkerThread.java:157)
]]></failure>
<system-out><![CDATA[
unique-id: [engine:junit-jupiter]/[class:com.evie.autotest.platform.testcase.example.xUnit0410.TestJunit5Example]/[test-template:test_a_1_b_2(java.lang.String)]/[test-template-invocation:#5]
display-name: [5] o=
]]></system-out>
</testcase>
<testcase name="test_1271982797()[100]" classname="com.evie.autotest.platform.testcase.example.xUnit0410.TestJunit5Example" time="0">
<system-out><![CDATA[
unique-id: [engine:junit-jupiter]/[class:com.evie.autotest.platform.testcase.example.xUnit0410.TestJunit5Example]/[test-template:test_1271982797()]/[test-template-invocation:#100]
display-name: repetition 100 of 100
]]></system-out>
</testcase>
<testcase name="isNotEmpty()" classname="com.evie.autotest.platform.testcase.example.xUnit0410.TestJunit5Example$WhenNew$AfterPushing" time="0">
<system-out><![CDATA[
unique-id: [engine:junit-jupiter]/[class:com.evie.autotest.platform.testcase.example.xUnit0410.TestJunit5Example]/[nested-class:WhenNew]/[nested-class:AfterPushing]/[method:isNotEmpty()]
display-name: it is no longer empty
]]></system-out>
</testcase>
<testcase name="isEmpty()" classname="com.evie.autotest.platform.testcase.example.xUnit0410.TestJunit5Example$WhenNew" time="0">
<system-out><![CDATA[
unique-id: [engine:junit-jupiter]/[class:com.evie.autotest.platform.testcase.example.xUnit0410.TestJunit5Example]/[nested-class:WhenNew]/[method:isEmpty()]
display-name: is empty
]]></system-out>
</testcase>
<testcase name="test_12912189(String)[1]" classname="com.evie.autotest.platform.testcase.example.xUnit0410.TestJunit5Example" time="0">
<system-out><![CDATA[
unique-id: [engine:junit-jupiter]/[class:com.evie.autotest.platform.testcase.example.xUnit0410.TestJunit5Example]/[test-template:test_12912189(java.lang.String)]/[test-template-invocation:#1]
display-name: [1] test=test
]]></system-out>
</testcase>
<testcase name="test_skip(String)[2]" classname="com.evie.autotest.platform.testcase.example.xUnit0410.TestJunit5Example" time="0.038">
<system-out><![CDATA[
unique-id: [engine:junit-jupiter]/[class:com.evie.autotest.platform.testcase.example.xUnit0410.TestJunit5Example]/[test-template:test_skip(java.lang.String)]/[test-template-invocation:#2]
display-name: [2] test=121
]]></system-out>
</testcase>
<testcase name="test_skip(String)[1]" classname="com.evie.autotest.platform.testcase.example.xUnit0410.TestJunit5Example" time="0.038">
<system-out><![CDATA[
unique-id: [engine:junit-jupiter]/[class:com.evie.autotest.platform.testcase.example.xUnit0410.TestJunit5Example]/[test-template:test_skip(java.lang.String)]/[test-template-invocation:#1]
display-name: [1] test=test
]]></system-out>
</testcase>
<testcase name="test_skip(String)[4]" classname="com.evie.autotest.platform.testcase.example.xUnit0410.TestJunit5Example" time="0.034">
<system-out><![CDATA[
unique-id: [engine:junit-jupiter]/[class:com.evie.autotest.platform.testcase.example.xUnit0410.TestJunit5Example]/[test-template:test_skip(java.lang.String)]/[test-template-invocation:#4]
display-name: [4] test=21233
]]></system-out>
</testcase>
<testcase name="test_skip(String)[3]" classname="com.evie.autotest.platform.testcase.example.xUnit0410.TestJunit5Example" time="0.034">
<system-out><![CDATA[
unique-id: [engine:junit-jupiter]/[class:com.evie.autotest.platform.testcase.example.xUnit0410.TestJunit5Example]/[test-template:test_skip(java.lang.String)]/[test-template-invocation:#3]
display-name: [3] test=1212
]]></system-out>
</testcase>
<testcase name="test_12781279(ArgumentsAccessor)" classname="com.evie.autotest.platform.testcase.example.xUnit0410.TestJunit5Example" time="0.02">
<error message="File [src/test/resources/test/csv.csv] could not be read" type="org.junit.platform.commons.JUnitException"><![CDATA[org.junit.platform.commons.JUnitException: File [src/test/resources/test/csv.csv] could not be read
	at org.junit.jupiter.params.provider.CsvFileArgumentsProvider$DefaultInputStreamProvider.openFile(CsvFileArgumentsProvider.java:204)
	at org.junit.jupiter.params.provider.CsvFileArgumentsProvider$InputStreamProvider.lambda$file$1(CsvFileArgumentsProvider.java:181)
	at org.junit.jupiter.params.provider.CsvFileArgumentsProvider.lambda$provideArguments$0(CsvFileArgumentsProvider.java:87)
	at java.util.stream.ReferencePipeline$3$1.accept(ReferencePipeline.java:193)
	at java.util.ArrayList$ArrayListSpliterator.forEachRemaining(ArrayList.java:1382)
	at java.util.stream.AbstractPipeline.copyInto(AbstractPipeline.java:482)
	at java.util.stream.AbstractPipeline.wrapAndCopyInto(AbstractPipeline.java:472)
	at java.util.stream.ForEachOps$ForEachOp.evaluateSequential(ForEachOps.java:151)
	at java.util.stream.ForEachOps$ForEachOp$OfRef.evaluateSequential(ForEachOps.java:174)
	at java.util.stream.AbstractPipeline.evaluate(AbstractPipeline.java:234)
	at java.util.stream.ReferencePipeline.forEach(ReferencePipeline.java:418)
	at java.util.stream.ReferencePipeline$7$1.accept(ReferencePipeline.java:270)
	at java.util.stream.ReferencePipeline$3$1.accept(ReferencePipeline.java:193)
	at java.util.stream.ReferencePipeline$3$1.accept(ReferencePipeline.java:193)
	at java.util.stream.ReferencePipeline$3$1.accept(ReferencePipeline.java:193)
	at java.util.ArrayList$ArrayListSpliterator.forEachRemaining(ArrayList.java:1382)
	at java.util.stream.AbstractPipeline.copyInto(AbstractPipeline.java:482)
	at java.util.stream.AbstractPipeline.wrapAndCopyInto(AbstractPipeline.java:472)
	at java.util.stream.ForEachOps$ForEachOp.evaluateSequential(ForEachOps.java:151)
	at java.util.stream.ForEachOps$ForEachOp$OfRef.evaluateSequential(ForEachOps.java:174)
	at java.util.stream.AbstractPipeline.evaluate(AbstractPipeline.java:234)
	at java.util.stream.ReferencePipeline.forEach(ReferencePipeline.java:418)
	at java.util.stream.ReferencePipeline$7$1.accept(ReferencePipeline.java:270)
	at java.util.ArrayList$ArrayListSpliterator.forEachRemaining(ArrayList.java:1382)
	at java.util.stream.AbstractPipeline.copyInto(AbstractPipeline.java:482)
	at java.util.stream.AbstractPipeline.wrapAndCopyInto(AbstractPipeline.java:472)
	at java.util.stream.ForEachOps$ForEachOp.evaluateSequential(ForEachOps.java:151)
	at java.util.stream.ForEachOps$ForEachOp$OfRef.evaluateSequential(ForEachOps.java:174)
	at java.util.stream.AbstractPipeline.evaluate(AbstractPipeline.java:234)
	at java.util.stream.ReferencePipeline.forEach(ReferencePipeline.java:418)
	at org.junit.jupiter.engine.descriptor.TestTemplateTestDescriptor.execute(TestTemplateTestDescriptor.java:107)
	at org.junit.jupiter.engine.descriptor.TestTemplateTestDescriptor.execute(TestTemplateTestDescriptor.java:42)
	at org.junit.platform.engine.support.hierarchical.NodeTestTask.lambda$executeRecursively$6(NodeTestTask.java:151)
	at org.junit.platform.engine.support.hierarchical.ThrowableCollector.execute(ThrowableCollector.java:73)
	at org.junit.platform.engine.support.hierarchical.NodeTestTask.lambda$executeRecursively$8(NodeTestTask.java:141)
	at org.junit.platform.engine.support.hierarchical.Node.around(Node.java:137)
	at org.junit.platform.engine.support.hierarchical.NodeTestTask.lambda$executeRecursively$9(NodeTestTask.java:139)
	at org.junit.platform.engine.support.hierarchical.ThrowableCollector.execute(ThrowableCollector.java:73)
	at org.junit.platform.engine.support.hierarchical.NodeTestTask.executeRecursively(NodeTestTask.java:138)
	at org.junit.platform.engine.support.hierarchical.NodeTestTask.execute(NodeTestTask.java:95)
	at org.junit.platform.engine.support.hierarchical.ForkJoinPoolHierarchicalTestExecutorService$ExclusiveTask.compute(ForkJoinPoolHierarchicalTestExecutorService.java:185)
	at org.junit.platform.engine.support.hierarchical.ForkJoinPoolHierarchicalTestExecutorService.executeNonConcurrentTasks(ForkJoinPoolHierarchicalTestExecutorService.java:155)
	at org.junit.platform.engine.support.hierarchical.ForkJoinPoolHierarchicalTestExecutorService.invokeAll(ForkJoinPoolHierarchicalTestExecutorService.java:135)
	at org.junit.platform.engine.support.hierarchical.NodeTestTask.lambda$executeRecursively$6(NodeTestTask.java:155)
	at org.junit.platform.engine.support.hierarchical.ThrowableCollector.execute(ThrowableCollector.java:73)
	at org.junit.platform.engine.support.hierarchical.NodeTestTask.lambda$executeRecursively$8(NodeTestTask.java:141)
	at org.junit.platform.engine.support.hierarchical.Node.around(Node.java:137)
	at org.junit.platform.engine.support.hierarchical.NodeTestTask.lambda$executeRecursively$9(NodeTestTask.java:139)
	at org.junit.platform.engine.support.hierarchical.ThrowableCollector.execute(ThrowableCollector.java:73)
	at org.junit.platform.engine.support.hierarchical.NodeTestTask.executeRecursively(NodeTestTask.java:138)
	at org.junit.platform.engine.support.hierarchical.NodeTestTask.execute(NodeTestTask.java:95)
	at org.junit.platform.engine.support.hierarchical.ForkJoinPoolHierarchicalTestExecutorService$ExclusiveTask.compute(ForkJoinPoolHierarchicalTestExecutorService.java:185)
	at org.junit.platform.engine.support.hierarchical.ForkJoinPoolHierarchicalTestExecutorService.invokeAll(ForkJoinPoolHierarchicalTestExecutorService.java:129)
	at org.junit.platform.engine.support.hierarchical.NodeTestTask.lambda$executeRecursively$6(NodeTestTask.java:155)
	at org.junit.platform.engine.support.hierarchical.ThrowableCollector.execute(ThrowableCollector.java:73)
	at org.junit.platform.engine.support.hierarchical.NodeTestTask.lambda$executeRecursively$8(NodeTestTask.java:141)
	at org.junit.platform.engine.support.hierarchical.Node.around(Node.java:137)
	at org.junit.platform.engine.support.hierarchical.NodeTestTask.lambda$executeRecursively$9(NodeTestTask.java:139)
	at org.junit.platform.engine.support.hierarchical.ThrowableCollector.execute(ThrowableCollector.java:73)
	at org.junit.platform.engine.support.hierarchical.NodeTestTask.executeRecursively(NodeTestTask.java:138)
	at org.junit.platform.engine.support.hierarchical.NodeTestTask.execute(NodeTestTask.java:95)
	at org.junit.platform.engine.support.hierarchical.ForkJoinPoolHierarchicalTestExecutorService$ExclusiveTask.compute(ForkJoinPoolHierarchicalTestExecutorService.java:185)
	at java.util.concurrent.RecursiveAction.exec(RecursiveAction.java:189)
	at java.util.concurrent.ForkJoinTask.doExec(ForkJoinTask.java:289)
	at java.util.concurrent.ForkJoinPool$WorkQueue.runTask(ForkJoinPool.java:1056)
	at java.util.concurrent.ForkJoinPool.runWorker(ForkJoinPool.java:1692)
	at java.util.concurrent.ForkJoinWorkerThread.run(ForkJoinWorkerThread.java:157)
	Suppressed: org.junit.platform.commons.PreconditionViolationException: Configuration error: You must configure at least one set of arguments for this @ParameterizedTest
		at org.junit.platform.commons.util.Preconditions.condition(Preconditions.java:281)
		at org.junit.jupiter.params.ParameterizedTestExtension.lambda$provideTestTemplateInvocationContexts$5(ParameterizedTestExtension.java:98)
		at java.util.stream.AbstractPipeline.close(AbstractPipeline.java:323)
		at java.util.stream.ReferencePipeline$7$1.accept(ReferencePipeline.java:271)
		... 44 more
Caused by: java.nio.file.NoSuchFileException: src\test\resources\test\csv.csv
	at sun.nio.fs.WindowsException.translateToIOException(WindowsException.java:79)
	at sun.nio.fs.WindowsException.rethrowAsIOException(WindowsException.java:97)
	at sun.nio.fs.WindowsException.rethrowAsIOException(WindowsException.java:102)
	at sun.nio.fs.WindowsFileSystemProvider.newByteChannel(WindowsFileSystemProvider.java:230)
	at java.nio.file.Files.newByteChannel(Files.java:361)
	at java.nio.file.Files.newByteChannel(Files.java:407)
	at java.nio.file.spi.FileSystemProvider.newInputStream(FileSystemProvider.java:384)
	at java.nio.file.Files.newInputStream(Files.java:152)
	at org.junit.jupiter.params.provider.CsvFileArgumentsProvider$DefaultInputStreamProvider.openFile(CsvFileArgumentsProvider.java:201)
	... 66 more
]]></error>
<system-out><![CDATA[
unique-id: [engine:junit-jupiter]/[class:com.evie.autotest.platform.testcase.example.xUnit0410.TestJunit5Example]/[test-template:test_12781279(org.junit.jupiter.params.aggregator.ArgumentsAccessor)]
display-name: test 12781279 (ArgumentsAccessor)
]]></system-out>
</testcase>
<testcase name="test_skip(String)[5]" classname="com.evie.autotest.platform.testcase.example.xUnit0410.TestJunit5Example" time="0.03">
<system-out><![CDATA[
unique-id: [engine:junit-jupiter]/[class:com.evie.autotest.platform.testcase.example.xUnit0410.TestJunit5Example]/[test-template:test_skip(java.lang.String)]/[test-template-invocation:#5]
display-name: [5] test=qweqwe  asda
]]></system-out>
</testcase>
<testcase name="test_1273917()[2]" classname="com.evie.autotest.platform.testcase.example.xUnit0410.TestJunit5Example" time="0.001">
<system-out><![CDATA[
unique-id: [engine:junit-jupiter]/[class:com.evie.autotest.platform.testcase.example.xUnit0410.TestJunit5Example]/[test-template:test_1273917()]/[test-template-invocation:#2]
display-name: repetition 2 of 10
]]></system-out>
</testcase>
<testcase name="test_1271982797()[59]" classname="com.evie.autotest.platform.testcase.example.xUnit0410.TestJunit5Example" time="0.001">
<system-out><![CDATA[
unique-id: [engine:junit-jupiter]/[class:com.evie.autotest.platform.testcase.example.xUnit0410.TestJunit5Example]/[test-template:test_1271982797()]/[test-template-invocation:#59]
display-name: repetition 59 of 100
]]></system-out>
</testcase>
<testcase name="test_1273917()[1]" classname="com.evie.autotest.platform.testcase.example.xUnit0410.TestJunit5Example" time="0.001">
<system-out><![CDATA[
unique-id: [engine:junit-jupiter]/[class:com.evie.autotest.platform.testcase.example.xUnit0410.TestJunit5Example]/[test-template:test_1273917()]/[test-template-invocation:#1]
display-name: repetition 1 of 10
]]></system-out>
</testcase>
<testcase name="test_1271982797()[58]" classname="com.evie.autotest.platform.testcase.example.xUnit0410.TestJunit5Example" time="0">
<system-out><![CDATA[
unique-id: [engine:junit-jupiter]/[class:com.evie.autotest.platform.testcase.example.xUnit0410.TestJunit5Example]/[test-template:test_1271982797()]/[test-template-invocation:#58]
display-name: repetition 58 of 100
]]></system-out>
</testcase>
<testcase name="test_1271982797()[57]" classname="com.evie.autotest.platform.testcase.example.xUnit0410.TestJunit5Example" time="0">
<system-out><![CDATA[
unique-id: [engine:junit-jupiter]/[class:com.evie.autotest.platform.testcase.example.xUnit0410.TestJunit5Example]/[test-template:test_1271982797()]/[test-template-invocation:#57]
display-name: repetition 57 of 100
]]></system-out>
</testcase>
<testcase name="test_12731972(Object)[1]" classname="com.evie.autotest.platform.testcase.example.xUnit0410.TestJunit5Example" time="0">
<system-out><![CDATA[
unique-id: [engine:junit-jupiter]/[class:com.evie.autotest.platform.testcase.example.xUnit0410.TestJunit5Example]/[test-template:test_12731972(java.lang.Object)]/[test-template-invocation:#1]
display-name: [1] testDate={str=12312}
]]></system-out>
</testcase>
<testcase name="test_1271982797()[52]" classname="com.evie.autotest.platform.testcase.example.xUnit0410.TestJunit5Example" time="0">
<system-out><![CDATA[
unique-id: [engine:junit-jupiter]/[class:com.evie.autotest.platform.testcase.example.xUnit0410.TestJunit5Example]/[test-template:test_1271982797()]/[test-template-invocation:#52]
display-name: repetition 52 of 100
]]></system-out>
</testcase>
<testcase name="test_1271982797()[51]" classname="com.evie.autotest.platform.testcase.example.xUnit0410.TestJunit5Example" time="0">
<system-out><![CDATA[
unique-id: [engine:junit-jupiter]/[class:com.evie.autotest.platform.testcase.example.xUnit0410.TestJunit5Example]/[test-template:test_1271982797()]/[test-template-invocation:#51]
display-name: repetition 51 of 100
]]></system-out>
</testcase>
<testcase name="test_1273917()[9]" classname="com.evie.autotest.platform.testcase.example.xUnit0410.TestJunit5Example" time="0">
<system-out><![CDATA[
unique-id: [engine:junit-jupiter]/[class:com.evie.autotest.platform.testcase.example.xUnit0410.TestJunit5Example]/[test-template:test_1273917()]/[test-template-invocation:#9]
display-name: repetition 9 of 10
]]></system-out>
</testcase>
<testcase name="test_1271982797()[50]" classname="com.evie.autotest.platform.testcase.example.xUnit0410.TestJunit5Example" time="0">
<system-out><![CDATA[
unique-id: [engine:junit-jupiter]/[class:com.evie.autotest.platform.testcase.example.xUnit0410.TestJunit5Example]/[test-template:test_1271982797()]/[test-template-invocation:#50]
display-name: repetition 50 of 100
]]></system-out>
</testcase>
<testcase name="test_1273917()[8]" classname="com.evie.autotest.platform.testcase.example.xUnit0410.TestJunit5Example" time="0">
<system-out><![CDATA[
unique-id: [engine:junit-jupiter]/[class:com.evie.autotest.platform.testcase.example.xUnit0410.TestJunit5Example]/[test-template:test_1273917()]/[test-template-invocation:#8]
display-name: repetition 8 of 10
]]></system-out>
</testcase>
<testcase name="test_1273917()[7]" classname="com.evie.autotest.platform.testcase.example.xUnit0410.TestJunit5Example" time="0.001">
<system-out><![CDATA[
unique-id: [engine:junit-jupiter]/[class:com.evie.autotest.platform.testcase.example.xUnit0410.TestJunit5Example]/[test-template:test_1273917()]/[test-template-invocation:#7]
display-name: repetition 7 of 10
]]></system-out>
</testcase>
<testcase name="test_1271982797()[56]" classname="com.evie.autotest.platform.testcase.example.xUnit0410.TestJunit5Example" time="0.001">
<system-out><![CDATA[
unique-id: [engine:junit-jupiter]/[class:com.evie.autotest.platform.testcase.example.xUnit0410.TestJunit5Example]/[test-template:test_1271982797()]/[test-template-invocation:#56]
display-name: repetition 56 of 100
]]></system-out>
</testcase>
<testcase name="test_1273917()[6]" classname="com.evie.autotest.platform.testcase.example.xUnit0410.TestJunit5Example" time="0.001">
<system-out><![CDATA[
unique-id: [engine:junit-jupiter]/[class:com.evie.autotest.platform.testcase.example.xUnit0410.TestJunit5Example]/[test-template:test_1273917()]/[test-template-invocation:#6]
display-name: repetition 6 of 10
]]></system-out>
</testcase>
<testcase name="test_1271982797()[55]" classname="com.evie.autotest.platform.testcase.example.xUnit0410.TestJunit5Example" time="0">
<system-out><![CDATA[
unique-id: [engine:junit-jupiter]/[class:com.evie.autotest.platform.testcase.example.xUnit0410.TestJunit5Example]/[test-template:test_1271982797()]/[test-template-invocation:#55]
display-name: repetition 55 of 100
]]></system-out>
</testcase>
<testcase name="test_1273917()[5]" classname="com.evie.autotest.platform.testcase.example.xUnit0410.TestJunit5Example" time="0.001">
<system-out><![CDATA[
unique-id: [engine:junit-jupiter]/[class:com.evie.autotest.platform.testcase.example.xUnit0410.TestJunit5Example]/[test-template:test_1273917()]/[test-template-invocation:#5]
display-name: repetition 5 of 10
]]></system-out>
</testcase>
<testcase name="test_1271982797()[54]" classname="com.evie.autotest.platform.testcase.example.xUnit0410.TestJunit5Example" time="0">
<system-out><![CDATA[
unique-id: [engine:junit-jupiter]/[class:com.evie.autotest.platform.testcase.example.xUnit0410.TestJunit5Example]/[test-template:test_1271982797()]/[test-template-invocation:#54]
display-name: repetition 54 of 100
]]></system-out>
</testcase>
<testcase name="test_1273917()[4]" classname="com.evie.autotest.platform.testcase.example.xUnit0410.TestJunit5Example" time="0">
<system-out><![CDATA[
unique-id: [engine:junit-jupiter]/[class:com.evie.autotest.platform.testcase.example.xUnit0410.TestJunit5Example]/[test-template:test_1273917()]/[test-template-invocation:#4]
display-name: repetition 4 of 10
]]></system-out>
</testcase>
<testcase name="test_1271982797()[53]" classname="com.evie.autotest.platform.testcase.example.xUnit0410.TestJunit5Example" time="0">
<system-out><![CDATA[
unique-id: [engine:junit-jupiter]/[class:com.evie.autotest.platform.testcase.example.xUnit0410.TestJunit5Example]/[test-template:test_1271982797()]/[test-template-invocation:#53]
display-name: repetition 53 of 100
]]></system-out>
</testcase>
<testcase name="test_1273917()[3]" classname="com.evie.autotest.platform.testcase.example.xUnit0410.TestJunit5Example" time="0">
<system-out><![CDATA[
unique-id: [engine:junit-jupiter]/[class:com.evie.autotest.platform.testcase.example.xUnit0410.TestJunit5Example]/[test-template:test_1273917()]/[test-template-invocation:#3]
display-name: repetition 3 of 10
]]></system-out>
</testcase>
<testcase name="returnElementWhenPeeked()" classname="com.evie.autotest.platform.testcase.example.xUnit0410.TestJunit5Example$WhenNew$AfterPushing" time="0.001">
<system-out><![CDATA[
unique-id: [engine:junit-jupiter]/[class:com.evie.autotest.platform.testcase.example.xUnit0410.TestJunit5Example]/[nested-class:WhenNew]/[nested-class:AfterPushing]/[method:returnElementWhenPeeked()]
display-name: returns the element when peeked but remains not empty
]]></system-out>
</testcase>
<testcase name="test_1271982797()[49]" classname="com.evie.autotest.platform.testcase.example.xUnit0410.TestJunit5Example" time="0">
<system-out><![CDATA[
unique-id: [engine:junit-jupiter]/[class:com.evie.autotest.platform.testcase.example.xUnit0410.TestJunit5Example]/[test-template:test_1271982797()]/[test-template-invocation:#49]
display-name: repetition 49 of 100
]]></system-out>
</testcase>
<testcase name="test_1239(MemberInfo)[1]" classname="com.evie.autotest.platform.testcase.example.xUnit0410.TestJunit5Example" time="0.006">
<system-out><![CDATA[
unique-id: [engine:junit-jupiter]/[class:com.evie.autotest.platform.testcase.example.xUnit0410.TestJunit5Example]/[test-template:test_1239(com.evie.autotest.platform.testcase.example.xUnit0410.TestJunit5Example$MemberInfo)]/[test-template-invocation:#1]
display-name: [1] memberInfo=TestJunit5Example.MemberInfo(name=null, alias=nihao, id=null, phone=null, landline=8544211, email=null, address=中国, jobTitle=老板)
]]></system-out>
</testcase>
<testcase name="test_1271982797()[48]" classname="com.evie.autotest.platform.testcase.example.xUnit0410.TestJunit5Example" time="0.001">
<system-out><![CDATA[
unique-id: [engine:junit-jupiter]/[class:com.evie.autotest.platform.testcase.example.xUnit0410.TestJunit5Example]/[test-template:test_1271982797()]/[test-template-invocation:#48]
display-name: repetition 48 of 100
]]></system-out>
</testcase>
<testcase name="test_1271982797()[47]" classname="com.evie.autotest.platform.testcase.example.xUnit0410.TestJunit5Example" time="0">
<system-out><![CDATA[
unique-id: [engine:junit-jupiter]/[class:com.evie.autotest.platform.testcase.example.xUnit0410.TestJunit5Example]/[test-template:test_1271982797()]/[test-template-invocation:#47]
display-name: repetition 47 of 100
]]></system-out>
</testcase>
<testcase name="test_1271982797()[46]" classname="com.evie.autotest.platform.testcase.example.xUnit0410.TestJunit5Example" time="0">
<system-out><![CDATA[
unique-id: [engine:junit-jupiter]/[class:com.evie.autotest.platform.testcase.example.xUnit0410.TestJunit5Example]/[test-template:test_1271982797()]/[test-template-invocation:#46]
display-name: repetition 46 of 100
]]></system-out>
</testcase>
<testcase name="test_1209809809()" classname="com.evie.autotest.platform.testcase.example.xUnit0410.TestJunit5Example" time="0.005">
<system-out><![CDATA[
unique-id: [engine:junit-jupiter]/[class:com.evie.autotest.platform.testcase.example.xUnit0410.TestJunit5Example]/[method:test_1209809809()]
display-name: test 1209809809
]]></system-out>
</testcase>
<testcase name="test_1271982797()[41]" classname="com.evie.autotest.platform.testcase.example.xUnit0410.TestJunit5Example" time="0">
<system-out><![CDATA[
unique-id: [engine:junit-jupiter]/[class:com.evie.autotest.platform.testcase.example.xUnit0410.TestJunit5Example]/[test-template:test_1271982797()]/[test-template-invocation:#41]
display-name: repetition 41 of 100
]]></system-out>
</testcase>
<testcase name="test_1271982797()[40]" classname="com.evie.autotest.platform.testcase.example.xUnit0410.TestJunit5Example" time="0">
<system-out><![CDATA[
unique-id: [engine:junit-jupiter]/[class:com.evie.autotest.platform.testcase.example.xUnit0410.TestJunit5Example]/[test-template:test_1271982797()]/[test-template-invocation:#40]
display-name: repetition 40 of 100
]]></system-out>
</testcase>
<testcase name="reportSingleValue(TestReporter)" classname="com.evie.autotest.platform.testcase.example.xUnit0410.TestJunit5Example" time="0.002">
<system-out><![CDATA[
unique-id: [engine:junit-jupiter]/[class:com.evie.autotest.platform.testcase.example.xUnit0410.TestJunit5Example]/[method:reportSingleValue(org.junit.jupiter.api.TestReporter)]
display-name: reportSingleValue (TestReporter)
]]></system-out>
<system-out><![CDATA[
Report Entry #1 (timestamp: 2021-12-27T19:39:13.951)
	- a key: a value
]]></system-out>
</testcase>
<testcase name="test_1271982797()[45]" classname="com.evie.autotest.platform.testcase.example.xUnit0410.TestJunit5Example" time="0">
<system-out><![CDATA[
unique-id: [engine:junit-jupiter]/[class:com.evie.autotest.platform.testcase.example.xUnit0410.TestJunit5Example]/[test-template:test_1271982797()]/[test-template-invocation:#45]
display-name: repetition 45 of 100
]]></system-out>
</testcase>
<testcase name="test_1271982797()[44]" classname="com.evie.autotest.platform.testcase.example.xUnit0410.TestJunit5Example" time="0">
<system-out><![CDATA[
unique-id: [engine:junit-jupiter]/[class:com.evie.autotest.platform.testcase.example.xUnit0410.TestJunit5Example]/[test-template:test_1271982797()]/[test-template-invocation:#44]
display-name: repetition 44 of 100
]]></system-out>
</testcase>
<testcase name="test_1271982797()[43]" classname="com.evie.autotest.platform.testcase.example.xUnit0410.TestJunit5Example" time="0">
<system-out><![CDATA[
unique-id: [engine:junit-jupiter]/[class:com.evie.autotest.platform.testcase.example.xUnit0410.TestJunit5Example]/[test-template:test_1271982797()]/[test-template-invocation:#43]
display-name: repetition 43 of 100
]]></system-out>
</testcase>
<testcase name="test_1271982797()[42]" classname="com.evie.autotest.platform.testcase.example.xUnit0410.TestJunit5Example" time="0">
<system-out><![CDATA[
unique-id: [engine:junit-jupiter]/[class:com.evie.autotest.platform.testcase.example.xUnit0410.TestJunit5Example]/[test-template:test_1271982797()]/[test-template-invocation:#42]
display-name: repetition 42 of 100
]]></system-out>
</testcase>
<testcase name="throwsExceptionWhenPopped()" classname="com.evie.autotest.platform.testcase.example.xUnit0410.TestJunit5Example$WhenNew" time="0">
<system-out><![CDATA[
unique-id: [engine:junit-jupiter]/[class:com.evie.autotest.platform.testcase.example.xUnit0410.TestJunit5Example]/[nested-class:WhenNew]/[method:throwsExceptionWhenPopped()]
display-name: throws EmptyStackException when popped
]]></system-out>
</testcase>
<testcase name="test_skip_test()" classname="com.evie.autotest.platform.testcase.example.xUnit0410.TestJunit5Example" time="0">
<skipped><![CDATA[void com.evie.autotest.platform.testcase.example.xUnit0410.TestJunit5Example.test_skip_test() is @Disabled]]></skipped>
<system-out><![CDATA[
unique-id: [engine:junit-jupiter]/[class:com.evie.autotest.platform.testcase.example.xUnit0410.TestJunit5Example]/[method:test_skip_test()]
display-name: test skip test
]]></system-out>
</testcase>
<testcase name="test_1271982797()[38]" classname="com.evie.autotest.platform.testcase.example.xUnit0410.TestJunit5Example" time="0">
<system-out><![CDATA[
unique-id: [engine:junit-jupiter]/[class:com.evie.autotest.platform.testcase.example.xUnit0410.TestJunit5Example]/[test-template:test_1271982797()]/[test-template-invocation:#38]
display-name: repetition 38 of 100
]]></system-out>
</testcase>
<testcase name="test_1278129(Map)[3]" classname="com.evie.autotest.platform.testcase.example.xUnit0410.TestJunit5Example" time="0.001">
<system-out><![CDATA[
unique-id: [engine:junit-jupiter]/[class:com.evie.autotest.platform.testcase.example.xUnit0410.TestJunit5Example]/[test-template:test_1278129(java.util.Map)]/[test-template-invocation:#3]
display-name: [3] arguments={12121_title=asdasda, qwe_title=qweq}
]]></system-out>
</testcase>
<testcase name="test_1271982797()[37]" classname="com.evie.autotest.platform.testcase.example.xUnit0410.TestJunit5Example" time="0.001">
<system-out><![CDATA[
unique-id: [engine:junit-jupiter]/[class:com.evie.autotest.platform.testcase.example.xUnit0410.TestJunit5Example]/[test-template:test_1271982797()]/[test-template-invocation:#37]
display-name: repetition 37 of 100
]]></system-out>
</testcase>
<testcase name="test_1278129(Map)[4]" classname="com.evie.autotest.platform.testcase.example.xUnit0410.TestJunit5Example" time="0">
<system-out><![CDATA[
unique-id: [engine:junit-jupiter]/[class:com.evie.autotest.platform.testcase.example.xUnit0410.TestJunit5Example]/[test-template:test_1278129(java.util.Map)]/[test-template-invocation:#4]
display-name: [4] arguments={12121_title=asdadss, qwe_title=qweqw}
]]></system-out>
</testcase>
<testcase name="test_1271982797()[36]" classname="com.evie.autotest.platform.testcase.example.xUnit0410.TestJunit5Example" time="0">
<system-out><![CDATA[
unique-id: [engine:junit-jupiter]/[class:com.evie.autotest.platform.testcase.example.xUnit0410.TestJunit5Example]/[test-template:test_1271982797()]/[test-template-invocation:#36]
display-name: repetition 36 of 100
]]></system-out>
</testcase>
<testcase name="test_1278129(Map)[1]" classname="com.evie.autotest.platform.testcase.example.xUnit0410.TestJunit5Example" time="0">
<system-out><![CDATA[
unique-id: [engine:junit-jupiter]/[class:com.evie.autotest.platform.testcase.example.xUnit0410.TestJunit5Example]/[test-template:test_1278129(java.util.Map)]/[test-template-invocation:#1]
display-name: [1] arguments={12121_title=5456461, qwe_title=qweqw}
]]></system-out>
</testcase>
<testcase name="test_1271982797()[35]" classname="com.evie.autotest.platform.testcase.example.xUnit0410.TestJunit5Example" time="0.001">
<system-out><![CDATA[
unique-id: [engine:junit-jupiter]/[class:com.evie.autotest.platform.testcase.example.xUnit0410.TestJunit5Example]/[test-template:test_1271982797()]/[test-template-invocation:#35]
display-name: repetition 35 of 100
]]></system-out>
</testcase>
<testcase name="test_1278129(Map)[2]" classname="com.evie.autotest.platform.testcase.example.xUnit0410.TestJunit5Example" time="0">
<system-out><![CDATA[
unique-id: [engine:junit-jupiter]/[class:com.evie.autotest.platform.testcase.example.xUnit0410.TestJunit5Example]/[test-template:test_1278129(java.util.Map)]/[test-template-invocation:#2]
display-name: [2] arguments={12121_title=awad, qwe_title=}
]]></system-out>
</testcase>
<testcase name="test_1278129(Map)[7]" classname="com.evie.autotest.platform.testcase.example.xUnit0410.TestJunit5Example" time="0">
<system-out><![CDATA[
unique-id: [engine:junit-jupiter]/[class:com.evie.autotest.platform.testcase.example.xUnit0410.TestJunit5Example]/[test-template:test_1278129(java.util.Map)]/[test-template-invocation:#7]
display-name: [7] arguments={12121_title=}
]]></system-out>
</testcase>
<testcase name="test_1278129(Map)[5]" classname="com.evie.autotest.platform.testcase.example.xUnit0410.TestJunit5Example" time="0">
<system-out><![CDATA[
unique-id: [engine:junit-jupiter]/[class:com.evie.autotest.platform.testcase.example.xUnit0410.TestJunit5Example]/[test-template:test_1278129(java.util.Map)]/[test-template-invocation:#5]
display-name: [5] arguments={12121_title=asdasda, qwe_title=qweqw}
]]></system-out>
</testcase>
<testcase name="test_1271982797()[39]" classname="com.evie.autotest.platform.testcase.example.xUnit0410.TestJunit5Example" time="0">
<system-out><![CDATA[
unique-id: [engine:junit-jupiter]/[class:com.evie.autotest.platform.testcase.example.xUnit0410.TestJunit5Example]/[test-template:test_1271982797()]/[test-template-invocation:#39]
display-name: repetition 39 of 100
]]></system-out>
</testcase>
<testcase name="test_1278129(Map)[6]" classname="com.evie.autotest.platform.testcase.example.xUnit0410.TestJunit5Example" time="0.001">
<system-out><![CDATA[
unique-id: [engine:junit-jupiter]/[class:com.evie.autotest.platform.testcase.example.xUnit0410.TestJunit5Example]/[test-template:test_1278129(java.util.Map)]/[test-template-invocation:#6]
display-name: [6] arguments={12121_title=1212, qwe_title=qweqwe}
]]></system-out>
</testcase>
<testcase name="test_1271982797()[30]" classname="com.evie.autotest.platform.testcase.example.xUnit0410.TestJunit5Example" time="0">
<system-out><![CDATA[
unique-id: [engine:junit-jupiter]/[class:com.evie.autotest.platform.testcase.example.xUnit0410.TestJunit5Example]/[test-template:test_1271982797()]/[test-template-invocation:#30]
display-name: repetition 30 of 100
]]></system-out>
</testcase>
<testcase name="test_1271982797()[34]" classname="com.evie.autotest.platform.testcase.example.xUnit0410.TestJunit5Example" time="0">
<system-out><![CDATA[
unique-id: [engine:junit-jupiter]/[class:com.evie.autotest.platform.testcase.example.xUnit0410.TestJunit5Example]/[test-template:test_1271982797()]/[test-template-invocation:#34]
display-name: repetition 34 of 100
]]></system-out>
</testcase>
<testcase name="test_1271982797()[33]" classname="com.evie.autotest.platform.testcase.example.xUnit0410.TestJunit5Example" time="0">
<system-out><![CDATA[
unique-id: [engine:junit-jupiter]/[class:com.evie.autotest.platform.testcase.example.xUnit0410.TestJunit5Example]/[test-template:test_1271982797()]/[test-template-invocation:#33]
display-name: repetition 33 of 100
]]></system-out>
</testcase>
<testcase name="test_1271982797()[32]" classname="com.evie.autotest.platform.testcase.example.xUnit0410.TestJunit5Example" time="0">
<system-out><![CDATA[
unique-id: [engine:junit-jupiter]/[class:com.evie.autotest.platform.testcase.example.xUnit0410.TestJunit5Example]/[test-template:test_1271982797()]/[test-template-invocation:#32]
display-name: repetition 32 of 100
]]></system-out>
</testcase>
<testcase name="test_1271982797()[31]" classname="com.evie.autotest.platform.testcase.example.xUnit0410.TestJunit5Example" time="0.001">
<system-out><![CDATA[
unique-id: [engine:junit-jupiter]/[class:com.evie.autotest.platform.testcase.example.xUnit0410.TestJunit5Example]/[test-template:test_1271982797()]/[test-template-invocation:#31]
display-name: repetition 31 of 100
]]></system-out>
</testcase>
<testcase name="test_12397979(Object)" classname="com.evie.autotest.platform.testcase.example.xUnit0410.TestJunit5Example" time="0.001">
<error message="syntax error, expect {, actual [, pos 1, line 1, column 2[&#xd;&#xa;  {&#xd;&#xa;    &quot;name&quot;: &quot;wwrtx.i18n_lan&quot;,&#xd;&#xa;    &quot;value&quot;: &quot;en&quot;,&#xd;&#xa;    &quot;url&quot;: null,&#xd;&#xa;    &quot;domain&quot;: &quot;.work.weixin.qq.com&quot;,&#xd;&#xa;    &quot;path&quot;: &quot;/&quot;,&#xd;&#xa;    &quot;expires&quot;: 1.625136792921994E9,&#xd;&#xa;    &quot;httpOnly&quot;: false,&#xd;&#xa;    &quot;secure&quot;: false,&#xd;&#xa;    &quot;sameSite&quot;: &quot;NONE&quot;&#xd;&#xa;  },&#xd;&#xa;  {&#xd;&#xa;    &quot;name&quot;: &quot;wwrtx.c_gdpr&quot;,&#xd;&#xa;    &quot;value&quot;: &quot;0&quot;,&#xd;&#xa;    &quot;url&quot;: null,&#xd;&#xa;    &quot;domain&quot;: &quot;.work.weixin.qq.com&quot;,&#xd;&#xa;    &quot;path&quot;: &quot;/&quot;,&#xd;&#xa;    &quot;expires&quot;: 1.654080789224214E9,&#xd;&#xa;    &quot;httpOnly&quot;: false,&#xd;&#xa;    &quot;secure&quot;: false,&#xd;&#xa;    &quot;sameSite&quot;: &quot;NONE&quot;&#xd;&#xa;  },&#xd;&#xa;  {&#xd;&#xa;    &quot;name&quot;: &quot;ww_rtkey&quot;,&#xd;&#xa;    &quot;value&quot;: &quot;f82juj&quot;,&#xd;&#xa;    &quot;url&quot;: null,&#xd;&#xa;    &quot;domain&quot;: &quot;work.weixin.qq.com&quot;,&#xd;&#xa;    &quot;path&quot;: &quot;/&quot;,&#xd;&#xa;    &quot;expires&quot;: 1.622576325224188E9,&#xd;&#xa;    &quot;httpOnly&quot;: true,&#xd;&#xa;    &quot;secure&quot;: false,&#xd;&#xa;    &quot;sameSite&quot;: &quot;NONE&quot;&#xd;&#xa;  },&#xd;&#xa;  {&#xd;&#xa;    &quot;name&quot;: &quot;wwrtx.ref&quot;,&#xd;&#xa;    &quot;value&quot;: &quot;direct&quot;,&#xd;&#xa;    &quot;url&quot;: null,&#xd;&#xa;    &quot;domain&quot;: &quot;.work.weixin.qq.com&quot;,&#xd;&#xa;    &quot;path&quot;: &quot;/&quot;,&#xd;&#xa;    &quot;expires&quot;: -1.0,&#xd;&#xa;    &quot;httpOnly&quot;: true,&#xd;&#xa;    &quot;secure&quot;: false,&#xd;&#xa;    &quot;sameSite&quot;: &quot;NONE&quot;&#xd;&#xa;  },&#xd;&#xa;  {&#xd;&#xa;    &quot;name&quot;: &quot;wwrtx.refid&quot;,&#xd;&#xa;    &quot;value&quot;: &quot;32092631463189568&quot;,&#xd;&#xa;    &quot;url&quot;: null,&#xd;&#xa;    &quot;domain&quot;: &quot;.work.weixin.qq.com&quot;,&#xd;&#xa;    &quot;path&quot;: &quot;/&quot;,&#xd;&#xa;    &quot;expires&quot;: -1.0,&#xd;&#xa;    &quot;httpOnly&quot;: true,&#xd;&#xa;    &quot;secure&quot;: false,&#xd;&#xa;    &quot;sameSite&quot;: &quot;NONE&quot;&#xd;&#xa;  },&#xd;&#xa;  {&#xd;&#xa;    &quot;name&quot;: &quot;_ga&quot;,&#xd;&#xa;    &quot;value&quot;: &quot;GA1.2.352916521.1622544791&quot;,&#xd;&#xa;    &quot;url&quot;: null,&#xd;&#xa;    &quot;domain&quot;: &quot;.qq.com&quot;,&#xd;&#xa;    &quot;path&quot;: &quot;/&quot;,&#xd;&#xa;    &quot;expires&quot;: 1.68561679E9,&#xd;&#xa;    &quot;httpOnly&quot;: false,&#xd;&#xa;    &quot;secure&quot;: false,&#xd;&#xa;    &quot;sameSite&quot;: &quot;NONE&quot;&#xd;&#xa;  },&#xd;&#xa;  {&#xd;&#xa;    &quot;name&quot;: &quot;_gid&quot;,&#xd;&#xa;    &quot;value&quot;: &quot;GA1.2.387479121.1622544791&quot;,&#xd;&#xa;    &quot;url&quot;: null,&#xd;&#xa;    &quot;domain&quot;: &quot;.qq.com&quot;,&#xd;&#xa;    &quot;path&quot;: &quot;/&quot;,&#xd;&#xa;    &quot;expires&quot;: 1.62263119E9,&#xd;&#xa;    &quot;httpOnly&quot;: false,&#xd;&#xa;    &quot;secure&quot;: false,&#xd;&#xa;    &quot;sameSite&quot;: &quot;NONE&quot;&#xd;&#xa;  },&#xd;&#xa;  {&#xd;&#xa;    &quot;name&quot;: &quot;_gat&quot;,&#xd;&#xa;    &quot;value&quot;: &quot;1&quot;,&#xd;&#xa;    &quot;url&quot;: null,&#xd;&#xa;    &quot;domain&quot;: &quot;.qq.com&quot;,&#xd;&#xa;    &quot;path&quot;: &quot;/&quot;,&#xd;&#xa;    &quot;expires&quot;: 1.62254485E9,&#xd;&#xa;    &quot;httpOnly&quot;: false,&#xd;&#xa;    &quot;secure&quot;: false,&#xd;&#xa;    &quot;sameSite&quot;: &quot;NONE&quot;&#xd;&#xa;  }&#xd;&#xa;]" type="com.alibaba.fastjson.JSONException"><![CDATA[com.alibaba.fastjson.JSONException: syntax error, expect {, actual [, pos 1, line 1, column 2[
  {
    "name": "wwrtx.i18n_lan",
    "value": "en",
    "url": null,
    "domain": ".work.weixin.qq.com",
    "path": "/",
    "expires": 1.625136792921994E9,
    "httpOnly": false,
    "secure": false,
    "sameSite": "NONE"
  },
  {
    "name": "wwrtx.c_gdpr",
    "value": "0",
    "url": null,
    "domain": ".work.weixin.qq.com",
    "path": "/",
    "expires": 1.654080789224214E9,
    "httpOnly": false,
    "secure": false,
    "sameSite": "NONE"
  },
  {
    "name": "ww_rtkey",
    "value": "f82juj",
    "url": null,
    "domain": "work.weixin.qq.com",
    "path": "/",
    "expires": 1.622576325224188E9,
    "httpOnly": true,
    "secure": false,
    "sameSite": "NONE"
  },
  {
    "name": "wwrtx.ref",
    "value": "direct",
    "url": null,
    "domain": ".work.weixin.qq.com",
    "path": "/",
    "expires": -1.0,
    "httpOnly": true,
    "secure": false,
    "sameSite": "NONE"
  },
  {
    "name": "wwrtx.refid",
    "value": "32092631463189568",
    "url": null,
    "domain": ".work.weixin.qq.com",
    "path": "/",
    "expires": -1.0,
    "httpOnly": true,
    "secure": false,
    "sameSite": "NONE"
  },
  {
    "name": "_ga",
    "value": "GA1.2.352916521.1622544791",
    "url": null,
    "domain": ".qq.com",
    "path": "/",
    "expires": 1.68561679E9,
    "httpOnly": false,
    "secure": false,
    "sameSite": "NONE"
  },
  {
    "name": "_gid",
    "value": "GA1.2.387479121.1622544791",
    "url": null,
    "domain": ".qq.com",
    "path": "/",
    "expires": 1.62263119E9,
    "httpOnly": false,
    "secure": false,
    "sameSite": "NONE"
  },
  {
    "name": "_gat",
    "value": "1",
    "url": null,
    "domain": ".qq.com",
    "path": "/",
    "expires": 1.62254485E9,
    "httpOnly": false,
    "secure": false,
    "sameSite": "NONE"
  }
]
	at com.alibaba.fastjson.parser.DefaultJSONParser.parseObject(DefaultJSONParser.java:208)
	at com.alibaba.fastjson.parser.DefaultJSONParser.parseObject(DefaultJSONParser.java:1152)
	at com.alibaba.fastjson.parser.DefaultJSONParser.parseObject(DefaultJSONParser.java:1157)
	at com.alibaba.fastjson.parser.deserializer.MapDeserializer.deserialze(MapDeserializer.java:23)
	at com.alibaba.fastjson.parser.deserializer.ContextObjectDeserializer.deserialze(ContextObjectDeserializer.java:9)
	at com.alibaba.fastjson.parser.DefaultJSONParser.parseObject(DefaultJSONParser.java:708)
	at com.alibaba.fastjson.JSON.parseObject(JSON.java:394)
	at com.alibaba.fastjson.JSON.parseObject(JSON.java:476)
	at com.alibaba.fastjson.JSON.parseObject(JSON.java:584)
	at com.alibaba.fastjson.JSON.parseObject(JSON.java:551)
	at com.alibaba.fastjson.JSON.parseObject(JSON.java:539)
	at com.alibaba.fastjson.JSON.parseObject(JSON.java:528)
	at com.evie.autotest.platform.provider.JsonFileArgumentsProvider.objectValues(JsonFileArgumentsProvider.java:50)
	at com.evie.autotest.platform.provider.JsonFileArgumentsProvider.lambda$provideArguments$1(JsonFileArgumentsProvider.java:80)
	at java.util.stream.ReferencePipeline$7$1.accept(ReferencePipeline.java:267)
	at java.util.stream.ReferencePipeline$3$1.accept(ReferencePipeline.java:193)
	at java.util.Spliterators$ArraySpliterator.forEachRemaining(Spliterators.java:948)
	at java.util.stream.AbstractPipeline.copyInto(AbstractPipeline.java:482)
	at java.util.stream.AbstractPipeline.wrapAndCopyInto(AbstractPipeline.java:472)
	at java.util.stream.ForEachOps$ForEachOp.evaluateSequential(ForEachOps.java:151)
	at java.util.stream.ForEachOps$ForEachOp$OfRef.evaluateSequential(ForEachOps.java:174)
	at java.util.stream.AbstractPipeline.evaluate(AbstractPipeline.java:234)
	at java.util.stream.ReferencePipeline.forEach(ReferencePipeline.java:418)
	at java.util.stream.ReferencePipeline$7$1.accept(ReferencePipeline.java:270)
	at java.util.stream.ReferencePipeline$3$1.accept(ReferencePipeline.java:193)
	at java.util.stream.ReferencePipeline$3$1.accept(ReferencePipeline.java:193)
	at java.util.stream.ReferencePipeline$3$1.accept(ReferencePipeline.java:193)
	at java.util.ArrayList$ArrayListSpliterator.forEachRemaining(ArrayList.java:1382)
	at java.util.stream.AbstractPipeline.copyInto(AbstractPipeline.java:482)
	at java.util.stream.AbstractPipeline.wrapAndCopyInto(AbstractPipeline.java:472)
	at java.util.stream.ForEachOps$ForEachOp.evaluateSequential(ForEachOps.java:151)
	at java.util.stream.ForEachOps$ForEachOp$OfRef.evaluateSequential(ForEachOps.java:174)
	at java.util.stream.AbstractPipeline.evaluate(AbstractPipeline.java:234)
	at java.util.stream.ReferencePipeline.forEach(ReferencePipeline.java:418)
	at java.util.stream.ReferencePipeline$7$1.accept(ReferencePipeline.java:270)
	at java.util.ArrayList$ArrayListSpliterator.forEachRemaining(ArrayList.java:1382)
	at java.util.stream.AbstractPipeline.copyInto(AbstractPipeline.java:482)
	at java.util.stream.AbstractPipeline.wrapAndCopyInto(AbstractPipeline.java:472)
	at java.util.stream.ForEachOps$ForEachOp.evaluateSequential(ForEachOps.java:151)
	at java.util.stream.ForEachOps$ForEachOp$OfRef.evaluateSequential(ForEachOps.java:174)
	at java.util.stream.AbstractPipeline.evaluate(AbstractPipeline.java:234)
	at java.util.stream.ReferencePipeline.forEach(ReferencePipeline.java:418)
	at org.junit.jupiter.engine.descriptor.TestTemplateTestDescriptor.execute(TestTemplateTestDescriptor.java:107)
	at org.junit.jupiter.engine.descriptor.TestTemplateTestDescriptor.execute(TestTemplateTestDescriptor.java:42)
	at org.junit.platform.engine.support.hierarchical.NodeTestTask.lambda$executeRecursively$6(NodeTestTask.java:151)
	at org.junit.platform.engine.support.hierarchical.ThrowableCollector.execute(ThrowableCollector.java:73)
	at org.junit.platform.engine.support.hierarchical.NodeTestTask.lambda$executeRecursively$8(NodeTestTask.java:141)
	at org.junit.platform.engine.support.hierarchical.Node.around(Node.java:137)
	at org.junit.platform.engine.support.hierarchical.NodeTestTask.lambda$executeRecursively$9(NodeTestTask.java:139)
	at org.junit.platform.engine.support.hierarchical.ThrowableCollector.execute(ThrowableCollector.java:73)
	at org.junit.platform.engine.support.hierarchical.NodeTestTask.executeRecursively(NodeTestTask.java:138)
	at org.junit.platform.engine.support.hierarchical.NodeTestTask.execute(NodeTestTask.java:95)
	at org.junit.platform.engine.support.hierarchical.ForkJoinPoolHierarchicalTestExecutorService$ExclusiveTask.compute(ForkJoinPoolHierarchicalTestExecutorService.java:185)
	at org.junit.platform.engine.support.hierarchical.ForkJoinPoolHierarchicalTestExecutorService.executeNonConcurrentTasks(ForkJoinPoolHierarchicalTestExecutorService.java:155)
	at org.junit.platform.engine.support.hierarchical.ForkJoinPoolHierarchicalTestExecutorService.invokeAll(ForkJoinPoolHierarchicalTestExecutorService.java:135)
	at org.junit.platform.engine.support.hierarchical.NodeTestTask.lambda$executeRecursively$6(NodeTestTask.java:155)
	at org.junit.platform.engine.support.hierarchical.ThrowableCollector.execute(ThrowableCollector.java:73)
	at org.junit.platform.engine.support.hierarchical.NodeTestTask.lambda$executeRecursively$8(NodeTestTask.java:141)
	at org.junit.platform.engine.support.hierarchical.Node.around(Node.java:137)
	at org.junit.platform.engine.support.hierarchical.NodeTestTask.lambda$executeRecursively$9(NodeTestTask.java:139)
	at org.junit.platform.engine.support.hierarchical.ThrowableCollector.execute(ThrowableCollector.java:73)
	at org.junit.platform.engine.support.hierarchical.NodeTestTask.executeRecursively(NodeTestTask.java:138)
	at org.junit.platform.engine.support.hierarchical.NodeTestTask.execute(NodeTestTask.java:95)
	at org.junit.platform.engine.support.hierarchical.ForkJoinPoolHierarchicalTestExecutorService$ExclusiveTask.compute(ForkJoinPoolHierarchicalTestExecutorService.java:185)
	at org.junit.platform.engine.support.hierarchical.ForkJoinPoolHierarchicalTestExecutorService.invokeAll(ForkJoinPoolHierarchicalTestExecutorService.java:129)
	at org.junit.platform.engine.support.hierarchical.NodeTestTask.lambda$executeRecursively$6(NodeTestTask.java:155)
	at org.junit.platform.engine.support.hierarchical.ThrowableCollector.execute(ThrowableCollector.java:73)
	at org.junit.platform.engine.support.hierarchical.NodeTestTask.lambda$executeRecursively$8(NodeTestTask.java:141)
	at org.junit.platform.engine.support.hierarchical.Node.around(Node.java:137)
	at org.junit.platform.engine.support.hierarchical.NodeTestTask.lambda$executeRecursively$9(NodeTestTask.java:139)
	at org.junit.platform.engine.support.hierarchical.ThrowableCollector.execute(ThrowableCollector.java:73)
	at org.junit.platform.engine.support.hierarchical.NodeTestTask.executeRecursively(NodeTestTask.java:138)
	at org.junit.platform.engine.support.hierarchical.NodeTestTask.execute(NodeTestTask.java:95)
	at org.junit.platform.engine.support.hierarchical.ForkJoinPoolHierarchicalTestExecutorService$ExclusiveTask.compute(ForkJoinPoolHierarchicalTestExecutorService.java:185)
	at java.util.concurrent.RecursiveAction.exec(RecursiveAction.java:189)
	at java.util.concurrent.ForkJoinTask.doExec(ForkJoinTask.java:289)
	at java.util.concurrent.ForkJoinPool$WorkQueue.runTask(ForkJoinPool.java:1056)
	at java.util.concurrent.ForkJoinPool.runWorker(ForkJoinPool.java:1692)
	at java.util.concurrent.ForkJoinWorkerThread.run(ForkJoinWorkerThread.java:157)
	Suppressed: org.junit.platform.commons.PreconditionViolationException: Configuration error: You must configure at least one set of arguments for this @ParameterizedTest
		at org.junit.platform.commons.util.Preconditions.condition(Preconditions.java:281)
		at org.junit.jupiter.params.ParameterizedTestExtension.lambda$provideTestTemplateInvocationContexts$5(ParameterizedTestExtension.java:98)
		at java.util.stream.AbstractPipeline.close(AbstractPipeline.java:323)
		at java.util.stream.ReferencePipeline$7$1.accept(ReferencePipeline.java:271)
		... 44 more
]]></error>
<system-out><![CDATA[
unique-id: [engine:junit-jupiter]/[class:com.evie.autotest.platform.testcase.example.xUnit0410.TestJunit5Example]/[test-template:test_12397979(java.lang.Object)]
display-name: test 12397979 (Object)
]]></system-out>
</testcase>
<testcase name="test_1271982797()[27]" classname="com.evie.autotest.platform.testcase.example.xUnit0410.TestJunit5Example" time="0.001">
<system-out><![CDATA[
unique-id: [engine:junit-jupiter]/[class:com.evie.autotest.platform.testcase.example.xUnit0410.TestJunit5Example]/[test-template:test_1271982797()]/[test-template-invocation:#27]
display-name: repetition 27 of 100
]]></system-out>
</testcase>
<testcase name="test_1271982797()[26]" classname="com.evie.autotest.platform.testcase.example.xUnit0410.TestJunit5Example" time="0">
<system-out><![CDATA[
unique-id: [engine:junit-jupiter]/[class:com.evie.autotest.platform.testcase.example.xUnit0410.TestJunit5Example]/[test-template:test_1271982797()]/[test-template-invocation:#26]
display-name: repetition 26 of 100
]]></system-out>
</testcase>
<testcase name="test_1271982797()[25]" classname="com.evie.autotest.platform.testcase.example.xUnit0410.TestJunit5Example" time="0.001">
<system-out><![CDATA[
unique-id: [engine:junit-jupiter]/[class:com.evie.autotest.platform.testcase.example.xUnit0410.TestJunit5Example]/[test-template:test_1271982797()]/[test-template-invocation:#25]
display-name: repetition 25 of 100
]]></system-out>
</testcase>
<testcase name="test_1271982797()[24]" classname="com.evie.autotest.platform.testcase.example.xUnit0410.TestJunit5Example" time="0">
<system-out><![CDATA[
unique-id: [engine:junit-jupiter]/[class:com.evie.autotest.platform.testcase.example.xUnit0410.TestJunit5Example]/[test-template:test_1271982797()]/[test-template-invocation:#24]
display-name: repetition 24 of 100
]]></system-out>
</testcase>
<testcase name="test_1271982797()[29]" classname="com.evie.autotest.platform.testcase.example.xUnit0410.TestJunit5Example" time="0.001">
<system-out><![CDATA[
unique-id: [engine:junit-jupiter]/[class:com.evie.autotest.platform.testcase.example.xUnit0410.TestJunit5Example]/[test-template:test_1271982797()]/[test-template-invocation:#29]
display-name: repetition 29 of 100
]]></system-out>
</testcase>
<testcase name="test_1271982797()[28]" classname="com.evie.autotest.platform.testcase.example.xUnit0410.TestJunit5Example" time="0">
<system-out><![CDATA[
unique-id: [engine:junit-jupiter]/[class:com.evie.autotest.platform.testcase.example.xUnit0410.TestJunit5Example]/[test-template:test_1271982797()]/[test-template-invocation:#28]
display-name: repetition 28 of 100
]]></system-out>
</testcase>
<testcase name="test_1271982797()[23]" classname="com.evie.autotest.platform.testcase.example.xUnit0410.TestJunit5Example" time="0.001">
<system-out><![CDATA[
unique-id: [engine:junit-jupiter]/[class:com.evie.autotest.platform.testcase.example.xUnit0410.TestJunit5Example]/[test-template:test_1271982797()]/[test-template-invocation:#23]
display-name: repetition 23 of 100
]]></system-out>
</testcase>
<testcase name="test_1271982797()[22]" classname="com.evie.autotest.platform.testcase.example.xUnit0410.TestJunit5Example" time="0">
<system-out><![CDATA[
unique-id: [engine:junit-jupiter]/[class:com.evie.autotest.platform.testcase.example.xUnit0410.TestJunit5Example]/[test-template:test_1271982797()]/[test-template-invocation:#22]
display-name: repetition 22 of 100
]]></system-out>
</testcase>
<testcase name="test_7907925323509(List)[1]" classname="com.evie.autotest.platform.testcase.example.xUnit0410.TestJunit5Example" time="0.001">
<system-out><![CDATA[
unique-id: [engine:junit-jupiter]/[class:com.evie.autotest.platform.testcase.example.xUnit0410.TestJunit5Example]/[test-template:test_7907925323509(java.util.List)]/[test-template-invocation:#1]
display-name: [1] JsonData=[{"path":"/","expires":1625136792.921994,"domain":".work.weixin.qq.com","sameSite":"NONE","name":"wwrtx.i18n_lan","httpOnly":false,"secure":false,"value":"en"},{"path":"/","expires":1654080789.224214,"domain":".work.weixin.qq.com","sameSite":"NONE","name":"wwrtx.c_gdpr","httpOnly":false,"secure":false,"value":"0"},{"path":"/","expires":1622576325.224188,"domain":"work.weixin.qq.com","sameSite":"NONE","name":"ww_rtkey","httpOnly":true,"secure":false,"value":"f82juj"},{"path":"/","expires":-1.0,"domain":".wo…
]]></system-out>
</testcase>
<testcase name="test_1271982797()[21]" classname="com.evie.autotest.platform.testcase.example.xUnit0410.TestJunit5Example" time="0.001">
<system-out><![CDATA[
unique-id: [engine:junit-jupiter]/[class:com.evie.autotest.platform.testcase.example.xUnit0410.TestJunit5Example]/[test-template:test_1271982797()]/[test-template-invocation:#21]
display-name: repetition 21 of 100
]]></system-out>
</testcase>
<testcase name="test_1271982797()[20]" classname="com.evie.autotest.platform.testcase.example.xUnit0410.TestJunit5Example" time="0">
<system-out><![CDATA[
unique-id: [engine:junit-jupiter]/[class:com.evie.autotest.platform.testcase.example.xUnit0410.TestJunit5Example]/[test-template:test_1271982797()]/[test-template-invocation:#20]
display-name: repetition 20 of 100
]]></system-out>
</testcase>
<testcase name="test(int)[9]" classname="com.evie.autotest.platform.testcase.example.xUnit0410.TestJunit5Example" time="0.001">
<system-out><![CDATA[
unique-id: [engine:junit-jupiter]/[class:com.evie.autotest.platform.testcase.example.xUnit0410.TestJunit5Example]/[test-template:test(int)]/[test-template-invocation:#9]
display-name: repetition 9 of 20
]]></system-out>
</testcase>
<testcase name="test_1223273127(dataYaml)[1]" classname="com.evie.autotest.platform.testcase.example.xUnit0410.TestJunit5Example" time="0.001">
<system-out><![CDATA[
unique-id: [engine:junit-jupiter]/[class:com.evie.autotest.platform.testcase.example.xUnit0410.TestJunit5Example]/[test-template:test_1223273127(com.evie.autotest.platform.testcase.example.xUnit0410.TestJunit5Example$dataYaml)]/[test-template-invocation:#1]
display-name: [1] test=TestJunit5Example.dataYaml(booleans=[true, false], floats=[3.14, 685230.1], ints=[123, 685230], nulls={nodeName=node, parent=null}, string=[哈哈, Hello world, newline newline2], date=[Sat Feb 17 08:00:00 CST 2018], datetime=[2018-02-17 15:02:31])
]]></system-out>
</testcase>
<testcase name="test(int)[5]" classname="com.evie.autotest.platform.testcase.example.xUnit0410.TestJunit5Example" time="0.001">
<system-out><![CDATA[
unique-id: [engine:junit-jupiter]/[class:com.evie.autotest.platform.testcase.example.xUnit0410.TestJunit5Example]/[test-template:test(int)]/[test-template-invocation:#5]
display-name: repetition 5 of 20
]]></system-out>
</testcase>
<testcase name="test(int)[6]" classname="com.evie.autotest.platform.testcase.example.xUnit0410.TestJunit5Example" time="0.001">
<system-out><![CDATA[
unique-id: [engine:junit-jupiter]/[class:com.evie.autotest.platform.testcase.example.xUnit0410.TestJunit5Example]/[test-template:test(int)]/[test-template-invocation:#6]
display-name: repetition 6 of 20
]]></system-out>
</testcase>
<testcase name="test(int)[7]" classname="com.evie.autotest.platform.testcase.example.xUnit0410.TestJunit5Example" time="0.001">
<system-out><![CDATA[
unique-id: [engine:junit-jupiter]/[class:com.evie.autotest.platform.testcase.example.xUnit0410.TestJunit5Example]/[test-template:test(int)]/[test-template-invocation:#7]
display-name: repetition 7 of 20
]]></system-out>
</testcase>
<testcase name="test(int)[8]" classname="com.evie.autotest.platform.testcase.example.xUnit0410.TestJunit5Example" time="0.001">
<system-out><![CDATA[
unique-id: [engine:junit-jupiter]/[class:com.evie.autotest.platform.testcase.example.xUnit0410.TestJunit5Example]/[test-template:test(int)]/[test-template-invocation:#8]
display-name: repetition 8 of 20
]]></system-out>
</testcase>
<testcase name="reportSeveralValues(TestReporter)" classname="com.evie.autotest.platform.testcase.example.xUnit0410.TestJunit5Example" time="0">
<system-out><![CDATA[
unique-id: [engine:junit-jupiter]/[class:com.evie.autotest.platform.testcase.example.xUnit0410.TestJunit5Example]/[method:reportSeveralValues(org.junit.jupiter.api.TestReporter)]
display-name: reportSeveralValues (TestReporter)
]]></system-out>
<system-out><![CDATA[
Report Entry #1 (timestamp: 2021-12-27T19:39:26.654)
	- user name: dk38
	- award year: 1974
]]></system-out>
</testcase>
<testcase name="test_12973189(Object)[1]" classname="com.evie.autotest.platform.testcase.example.xUnit0410.TestJunit5Example" time="0.052">
<system-out><![CDATA[
unique-id: [engine:junit-jupiter]/[class:com.evie.autotest.platform.testcase.example.xUnit0410.TestJunit5Example]/[test-template:test_12973189(java.lang.Object)]/[test-template-invocation:#1]
display-name: [1] test={"test":12312,"string":"qweqoweu","boolean1111":true}
]]></system-out>
</testcase>
<testcase name="test_1271982797()[96]" classname="com.evie.autotest.platform.testcase.example.xUnit0410.TestJunit5Example" time="0">
<system-out><![CDATA[
unique-id: [engine:junit-jupiter]/[class:com.evie.autotest.platform.testcase.example.xUnit0410.TestJunit5Example]/[test-template:test_1271982797()]/[test-template-invocation:#96]
display-name: repetition 96 of 100
]]></system-out>
</testcase>
<testcase name="test(int)[1]" classname="com.evie.autotest.platform.testcase.example.xUnit0410.TestJunit5Example" time="0.001">
<system-out><![CDATA[
unique-id: [engine:junit-jupiter]/[class:com.evie.autotest.platform.testcase.example.xUnit0410.TestJunit5Example]/[test-template:test(int)]/[test-template-invocation:#1]
display-name: repetition 1 of 20
]]></system-out>
</testcase>
<testcase name="test_1271982797()[95]" classname="com.evie.autotest.platform.testcase.example.xUnit0410.TestJunit5Example" time="0">
<system-out><![CDATA[
unique-id: [engine:junit-jupiter]/[class:com.evie.autotest.platform.testcase.example.xUnit0410.TestJunit5Example]/[test-template:test_1271982797()]/[test-template-invocation:#95]
display-name: repetition 95 of 100
]]></system-out>
</testcase>
<testcase name="test(int)[2]" classname="com.evie.autotest.platform.testcase.example.xUnit0410.TestJunit5Example" time="0.001">
<system-out><![CDATA[
unique-id: [engine:junit-jupiter]/[class:com.evie.autotest.platform.testcase.example.xUnit0410.TestJunit5Example]/[test-template:test(int)]/[test-template-invocation:#2]
display-name: repetition 2 of 20
]]></system-out>
</testcase>
<testcase name="test_1271982797()[94]" classname="com.evie.autotest.platform.testcase.example.xUnit0410.TestJunit5Example" time="0">
<system-out><![CDATA[
unique-id: [engine:junit-jupiter]/[class:com.evie.autotest.platform.testcase.example.xUnit0410.TestJunit5Example]/[test-template:test_1271982797()]/[test-template-invocation:#94]
display-name: repetition 94 of 100
]]></system-out>
</testcase>
<testcase name="test(int)[3]" classname="com.evie.autotest.platform.testcase.example.xUnit0410.TestJunit5Example" time="0">
<system-out><![CDATA[
unique-id: [engine:junit-jupiter]/[class:com.evie.autotest.platform.testcase.example.xUnit0410.TestJunit5Example]/[test-template:test(int)]/[test-template-invocation:#3]
display-name: repetition 3 of 20
]]></system-out>
</testcase>
<testcase name="test_1271982797()[93]" classname="com.evie.autotest.platform.testcase.example.xUnit0410.TestJunit5Example" time="0">
<system-out><![CDATA[
unique-id: [engine:junit-jupiter]/[class:com.evie.autotest.platform.testcase.example.xUnit0410.TestJunit5Example]/[test-template:test_1271982797()]/[test-template-invocation:#93]
display-name: repetition 93 of 100
]]></system-out>
</testcase>
<testcase name="test(int)[4]" classname="com.evie.autotest.platform.testcase.example.xUnit0410.TestJunit5Example" time="0.001">
<system-out><![CDATA[
unique-id: [engine:junit-jupiter]/[class:com.evie.autotest.platform.testcase.example.xUnit0410.TestJunit5Example]/[test-template:test(int)]/[test-template-invocation:#4]
display-name: repetition 4 of 20
]]></system-out>
</testcase>
<testcase name="test_12378()" classname="com.evie.autotest.platform.testcase.example.xUnit0410.TestJunit5Example" time="0.001">
<system-out><![CDATA[
unique-id: [engine:junit-jupiter]/[class:com.evie.autotest.platform.testcase.example.xUnit0410.TestJunit5Example]/[method:test_12378()]
display-name: test 12378
]]></system-out>
</testcase>
<testcase name="test_1271982797()[99]" classname="com.evie.autotest.platform.testcase.example.xUnit0410.TestJunit5Example" time="0">
<system-out><![CDATA[
unique-id: [engine:junit-jupiter]/[class:com.evie.autotest.platform.testcase.example.xUnit0410.TestJunit5Example]/[test-template:test_1271982797()]/[test-template-invocation:#99]
display-name: repetition 99 of 100
]]></system-out>
</testcase>
<testcase name="test_1271982797()[98]" classname="com.evie.autotest.platform.testcase.example.xUnit0410.TestJunit5Example" time="0.001">
<system-out><![CDATA[
unique-id: [engine:junit-jupiter]/[class:com.evie.autotest.platform.testcase.example.xUnit0410.TestJunit5Example]/[test-template:test_1271982797()]/[test-template-invocation:#98]
display-name: repetition 98 of 100
]]></system-out>
</testcase>
<testcase name="test_1271982797()[97]" classname="com.evie.autotest.platform.testcase.example.xUnit0410.TestJunit5Example" time="0">
<system-out><![CDATA[
unique-id: [engine:junit-jupiter]/[class:com.evie.autotest.platform.testcase.example.xUnit0410.TestJunit5Example]/[test-template:test_1271982797()]/[test-template-invocation:#97]
display-name: repetition 97 of 100
]]></system-out>
</testcase>
<testcase name="test_1271982797()[9]" classname="com.evie.autotest.platform.testcase.example.xUnit0410.TestJunit5Example" time="0.001">
<system-out><![CDATA[
unique-id: [engine:junit-jupiter]/[class:com.evie.autotest.platform.testcase.example.xUnit0410.TestJunit5Example]/[test-template:test_1271982797()]/[test-template-invocation:#9]
display-name: repetition 9 of 100
]]></system-out>
</testcase>
<testcase name="test_1271982797()[8]" classname="com.evie.autotest.platform.testcase.example.xUnit0410.TestJunit5Example" time="0">
<system-out><![CDATA[
unique-id: [engine:junit-jupiter]/[class:com.evie.autotest.platform.testcase.example.xUnit0410.TestJunit5Example]/[test-template:test_1271982797()]/[test-template-invocation:#8]
display-name: repetition 8 of 100
]]></system-out>
</testcase>
<testcase name="test_1271982797()[92]" classname="com.evie.autotest.platform.testcase.example.xUnit0410.TestJunit5Example" time="0">
<system-out><![CDATA[
unique-id: [engine:junit-jupiter]/[class:com.evie.autotest.platform.testcase.example.xUnit0410.TestJunit5Example]/[test-template:test_1271982797()]/[test-template-invocation:#92]
display-name: repetition 92 of 100
]]></system-out>
</testcase>
<testcase name="test_1271982797()[91]" classname="com.evie.autotest.platform.testcase.example.xUnit0410.TestJunit5Example" time="0">
<system-out><![CDATA[
unique-id: [engine:junit-jupiter]/[class:com.evie.autotest.platform.testcase.example.xUnit0410.TestJunit5Example]/[test-template:test_1271982797()]/[test-template-invocation:#91]
display-name: repetition 91 of 100
]]></system-out>
</testcase>
<testcase name="test_1271982797()[90]" classname="com.evie.autotest.platform.testcase.example.xUnit0410.TestJunit5Example" time="0.001">
<system-out><![CDATA[
unique-id: [engine:junit-jupiter]/[class:com.evie.autotest.platform.testcase.example.xUnit0410.TestJunit5Example]/[test-template:test_1271982797()]/[test-template-invocation:#90]
display-name: repetition 90 of 100
]]></system-out>
</testcase>
<testcase name="test_1271982797()[3]" classname="com.evie.autotest.platform.testcase.example.xUnit0410.TestJunit5Example" time="0">
<system-out><![CDATA[
unique-id: [engine:junit-jupiter]/[class:com.evie.autotest.platform.testcase.example.xUnit0410.TestJunit5Example]/[test-template:test_1271982797()]/[test-template-invocation:#3]
display-name: repetition 3 of 100
]]></system-out>
</testcase>
<testcase name="test_1271982797()[2]" classname="com.evie.autotest.platform.testcase.example.xUnit0410.TestJunit5Example" time="0">
<system-out><![CDATA[
unique-id: [engine:junit-jupiter]/[class:com.evie.autotest.platform.testcase.example.xUnit0410.TestJunit5Example]/[test-template:test_1271982797()]/[test-template-invocation:#2]
display-name: repetition 2 of 100
]]></system-out>
</testcase>
<testcase name="test_1271982797()[1]" classname="com.evie.autotest.platform.testcase.example.xUnit0410.TestJunit5Example" time="0.001">
<system-out><![CDATA[
unique-id: [engine:junit-jupiter]/[class:com.evie.autotest.platform.testcase.example.xUnit0410.TestJunit5Example]/[test-template:test_1271982797()]/[test-template-invocation:#1]
display-name: repetition 1 of 100
]]></system-out>
</testcase>
<testcase name="test_1271982797()[7]" classname="com.evie.autotest.platform.testcase.example.xUnit0410.TestJunit5Example" time="0">
<system-out><![CDATA[
unique-id: [engine:junit-jupiter]/[class:com.evie.autotest.platform.testcase.example.xUnit0410.TestJunit5Example]/[test-template:test_1271982797()]/[test-template-invocation:#7]
display-name: repetition 7 of 100
]]></system-out>
</testcase>
<testcase name="test_1271982797()[6]" classname="com.evie.autotest.platform.testcase.example.xUnit0410.TestJunit5Example" time="0">
<system-out><![CDATA[
unique-id: [engine:junit-jupiter]/[class:com.evie.autotest.platform.testcase.example.xUnit0410.TestJunit5Example]/[test-template:test_1271982797()]/[test-template-invocation:#6]
display-name: repetition 6 of 100
]]></system-out>
</testcase>
<testcase name="test_1271982797()[5]" classname="com.evie.autotest.platform.testcase.example.xUnit0410.TestJunit5Example" time="0">
<system-out><![CDATA[
unique-id: [engine:junit-jupiter]/[class:com.evie.autotest.platform.testcase.example.xUnit0410.TestJunit5Example]/[test-template:test_1271982797()]/[test-template-invocation:#5]
display-name: repetition 5 of 100
]]></system-out>
</testcase>
<testcase name="test_1271982797()[4]" classname="com.evie.autotest.platform.testcase.example.xUnit0410.TestJunit5Example" time="0.001">
<system-out><![CDATA[
unique-id: [engine:junit-jupiter]/[class:com.evie.autotest.platform.testcase.example.xUnit0410.TestJunit5Example]/[test-template:test_1271982797()]/[test-template-invocation:#4]
display-name: repetition 4 of 100
]]></system-out>
</testcase>
<testcase name="test_1273127(dataJson)[1]" classname="com.evie.autotest.platform.testcase.example.xUnit0410.TestJunit5Example" time="0.001">
<system-out><![CDATA[
unique-id: [engine:junit-jupiter]/[class:com.evie.autotest.platform.testcase.example.xUnit0410.TestJunit5Example]/[test-template:test_1273127(com.evie.autotest.platform.testcase.example.xUnit0410.TestJunit5Example$dataJson)]/[test-template-invocation:#1]
display-name: [1] test=TestJunit5Example.dataJson(boolean1111=true, test=12312, string=qweqoweu)
]]></system-out>
</testcase>
<testcase name="test_1271982797()[85]" classname="com.evie.autotest.platform.testcase.example.xUnit0410.TestJunit5Example" time="0.001">
<system-out><![CDATA[
unique-id: [engine:junit-jupiter]/[class:com.evie.autotest.platform.testcase.example.xUnit0410.TestJunit5Example]/[test-template:test_1271982797()]/[test-template-invocation:#85]
display-name: repetition 85 of 100
]]></system-out>
</testcase>
<testcase name="test_1271982797()[84]" classname="com.evie.autotest.platform.testcase.example.xUnit0410.TestJunit5Example" time="0">
<system-out><![CDATA[
unique-id: [engine:junit-jupiter]/[class:com.evie.autotest.platform.testcase.example.xUnit0410.TestJunit5Example]/[test-template:test_1271982797()]/[test-template-invocation:#84]
display-name: repetition 84 of 100
]]></system-out>
</testcase>
<testcase name="test_1271982797()[83]" classname="com.evie.autotest.platform.testcase.example.xUnit0410.TestJunit5Example" time="0">
<system-out><![CDATA[
unique-id: [engine:junit-jupiter]/[class:com.evie.autotest.platform.testcase.example.xUnit0410.TestJunit5Example]/[test-template:test_1271982797()]/[test-template-invocation:#83]
display-name: repetition 83 of 100
]]></system-out>
</testcase>
<testcase name="test_1271982797()[82]" classname="com.evie.autotest.platform.testcase.example.xUnit0410.TestJunit5Example" time="0.001">
<system-out><![CDATA[
unique-id: [engine:junit-jupiter]/[class:com.evie.autotest.platform.testcase.example.xUnit0410.TestJunit5Example]/[test-template:test_1271982797()]/[test-template-invocation:#82]
display-name: repetition 82 of 100
]]></system-out>
</testcase>
<testcase name="test_1271982797()[89]" classname="com.evie.autotest.platform.testcase.example.xUnit0410.TestJunit5Example" time="0">
<system-out><![CDATA[
unique-id: [engine:junit-jupiter]/[class:com.evie.autotest.platform.testcase.example.xUnit0410.TestJunit5Example]/[test-template:test_1271982797()]/[test-template-invocation:#89]
display-name: repetition 89 of 100
]]></system-out>
</testcase>
<testcase name="test_1271982797()[88]" classname="com.evie.autotest.platform.testcase.example.xUnit0410.TestJunit5Example" time="0">
<system-out><![CDATA[
unique-id: [engine:junit-jupiter]/[class:com.evie.autotest.platform.testcase.example.xUnit0410.TestJunit5Example]/[test-template:test_1271982797()]/[test-template-invocation:#88]
display-name: repetition 88 of 100
]]></system-out>
</testcase>
<testcase name="test_1271982797()[87]" classname="com.evie.autotest.platform.testcase.example.xUnit0410.TestJunit5Example" time="0">
<system-out><![CDATA[
unique-id: [engine:junit-jupiter]/[class:com.evie.autotest.platform.testcase.example.xUnit0410.TestJunit5Example]/[test-template:test_1271982797()]/[test-template-invocation:#87]
display-name: repetition 87 of 100
]]></system-out>
</testcase>
<testcase name="test_1271982797()[86]" classname="com.evie.autotest.platform.testcase.example.xUnit0410.TestJunit5Example" time="0">
<system-out><![CDATA[
unique-id: [engine:junit-jupiter]/[class:com.evie.autotest.platform.testcase.example.xUnit0410.TestJunit5Example]/[test-template:test_1271982797()]/[test-template-invocation:#86]
display-name: repetition 86 of 100
]]></system-out>
</testcase>
<testcase name="test_1271982797()[81]" classname="com.evie.autotest.platform.testcase.example.xUnit0410.TestJunit5Example" time="0">
<system-out><![CDATA[
unique-id: [engine:junit-jupiter]/[class:com.evie.autotest.platform.testcase.example.xUnit0410.TestJunit5Example]/[test-template:test_1271982797()]/[test-template-invocation:#81]
display-name: repetition 81 of 100
]]></system-out>
</testcase>
<testcase name="test_1271982797()[80]" classname="com.evie.autotest.platform.testcase.example.xUnit0410.TestJunit5Example" time="0">
<system-out><![CDATA[
unique-id: [engine:junit-jupiter]/[class:com.evie.autotest.platform.testcase.example.xUnit0410.TestJunit5Example]/[test-template:test_1271982797()]/[test-template-invocation:#80]
display-name: repetition 80 of 100
]]></system-out>
</testcase>
<testcase name="test_1273122127(dataJson)[1]" classname="com.evie.autotest.platform.testcase.example.xUnit0410.TestJunit5Example" time="0.004">
<system-out><![CDATA[
unique-id: [engine:junit-jupiter]/[class:com.evie.autotest.platform.testcase.example.xUnit0410.TestJunit5Example]/[test-template:test_1273122127(com.evie.autotest.platform.testcase.example.xUnit0410.TestJunit5Example$dataJson)]/[test-template-invocation:#1]
display-name: [1] test=TestJunit5Example.dataJson(boolean1111=true, test=12312, string=qweqoweu)
]]></system-out>
</testcase>
<testcase name="test_1271982797()[79]" classname="com.evie.autotest.platform.testcase.example.xUnit0410.TestJunit5Example" time="0">
<system-out><![CDATA[
unique-id: [engine:junit-jupiter]/[class:com.evie.autotest.platform.testcase.example.xUnit0410.TestJunit5Example]/[test-template:test_1271982797()]/[test-template-invocation:#79]
display-name: repetition 79 of 100
]]></system-out>
</testcase>
<testcase name="test_1271982797()[74]" classname="com.evie.autotest.platform.testcase.example.xUnit0410.TestJunit5Example" time="0">
<system-out><![CDATA[
unique-id: [engine:junit-jupiter]/[class:com.evie.autotest.platform.testcase.example.xUnit0410.TestJunit5Example]/[test-template:test_1271982797()]/[test-template-invocation:#74]
display-name: repetition 74 of 100
]]></system-out>
</testcase>
<testcase name="testTemplate(String)[2]" classname="com.evie.autotest.platform.testcase.example.xUnit0410.TestJunit5Example" time="0">
<system-out><![CDATA[
unique-id: [engine:junit-jupiter]/[class:com.evie.autotest.platform.testcase.example.xUnit0410.TestJunit5Example]/[test-template:testTemplate(java.lang.String)]/[test-template-invocation:#2]
display-name: banana
]]></system-out>
</testcase>
<testcase name="test_1271982797()[73]" classname="com.evie.autotest.platform.testcase.example.xUnit0410.TestJunit5Example" time="0.001">
<system-out><![CDATA[
unique-id: [engine:junit-jupiter]/[class:com.evie.autotest.platform.testcase.example.xUnit0410.TestJunit5Example]/[test-template:test_1271982797()]/[test-template-invocation:#73]
display-name: repetition 73 of 100
]]></system-out>
</testcase>
<testcase name="testTemplate(String)[1]" classname="com.evie.autotest.platform.testcase.example.xUnit0410.TestJunit5Example" time="0.001">
<system-out><![CDATA[
unique-id: [engine:junit-jupiter]/[class:com.evie.autotest.platform.testcase.example.xUnit0410.TestJunit5Example]/[test-template:testTemplate(java.lang.String)]/[test-template-invocation:#1]
display-name: apple
]]></system-out>
</testcase>
<testcase name="test_1271982797()[72]" classname="com.evie.autotest.platform.testcase.example.xUnit0410.TestJunit5Example" time="0">
<system-out><![CDATA[
unique-id: [engine:junit-jupiter]/[class:com.evie.autotest.platform.testcase.example.xUnit0410.TestJunit5Example]/[test-template:test_1271982797()]/[test-template-invocation:#72]
display-name: repetition 72 of 100
]]></system-out>
</testcase>
<testcase name="test_1271982797()[71]" classname="com.evie.autotest.platform.testcase.example.xUnit0410.TestJunit5Example" time="0">
<system-out><![CDATA[
unique-id: [engine:junit-jupiter]/[class:com.evie.autotest.platform.testcase.example.xUnit0410.TestJunit5Example]/[test-template:test_1271982797()]/[test-template-invocation:#71]
display-name: repetition 71 of 100
]]></system-out>
</testcase>
<testcase name="test_1271982797()[78]" classname="com.evie.autotest.platform.testcase.example.xUnit0410.TestJunit5Example" time="0">
<system-out><![CDATA[
unique-id: [engine:junit-jupiter]/[class:com.evie.autotest.platform.testcase.example.xUnit0410.TestJunit5Example]/[test-template:test_1271982797()]/[test-template-invocation:#78]
display-name: repetition 78 of 100
]]></system-out>
</testcase>
<testcase name="test_1271982797()[77]" classname="com.evie.autotest.platform.testcase.example.xUnit0410.TestJunit5Example" time="0">
<system-out><![CDATA[
unique-id: [engine:junit-jupiter]/[class:com.evie.autotest.platform.testcase.example.xUnit0410.TestJunit5Example]/[test-template:test_1271982797()]/[test-template-invocation:#77]
display-name: repetition 77 of 100
]]></system-out>
</testcase>
<testcase name="test_1273812987(Object)[11]" classname="com.evie.autotest.platform.testcase.example.xUnit0410.TestJunit5Example" time="0">
<system-out><![CDATA[
unique-id: [engine:junit-jupiter]/[class:com.evie.autotest.platform.testcase.example.xUnit0410.TestJunit5Example]/[test-template:test_1273812987(java.lang.Object)]/[test-template-invocation:#11]
display-name: [11] test={booleans=[true, false], floats=[3.14, 685230.15], ints=[123, 685230], nulls={nodeName=node, parent=null}, string=[哈哈, Hello world, newline newline2], date=[Sat Feb 17 08:00:00 CST 2018], datetime=[Sat Feb 17 15:02:31 CST 2018]}
]]></system-out>
</testcase>
<testcase name="test_1271982797()[76]" classname="com.evie.autotest.platform.testcase.example.xUnit0410.TestJunit5Example" time="0">
<system-out><![CDATA[
unique-id: [engine:junit-jupiter]/[class:com.evie.autotest.platform.testcase.example.xUnit0410.TestJunit5Example]/[test-template:test_1271982797()]/[test-template-invocation:#76]
display-name: repetition 76 of 100
]]></system-out>
</testcase>
<testcase name="test_1273812987(Object)[10]" classname="com.evie.autotest.platform.testcase.example.xUnit0410.TestJunit5Example" time="0">
<system-out><![CDATA[
unique-id: [engine:junit-jupiter]/[class:com.evie.autotest.platform.testcase.example.xUnit0410.TestJunit5Example]/[test-template:test_1273812987(java.lang.Object)]/[test-template-invocation:#10]
display-name: [10] test={localhost={host=127.0.0.1}, user={host=127.0.0.1, db=8}, book={host=127.0.0.1, db=9}, comment={host=127.0.0.1, db=10}}
]]></system-out>
</testcase>
<testcase name="test_1271982797()[75]" classname="com.evie.autotest.platform.testcase.example.xUnit0410.TestJunit5Example" time="0">
<system-out><![CDATA[
unique-id: [engine:junit-jupiter]/[class:com.evie.autotest.platform.testcase.example.xUnit0410.TestJunit5Example]/[test-template:test_1271982797()]/[test-template-invocation:#75]
display-name: repetition 75 of 100
]]></system-out>
</testcase>
<testcase name="test_790790709(List, List, int)" classname="com.evie.autotest.platform.testcase.example.xUnit0410.TestJunit5Example" time="0.005">
<system-out><![CDATA[
unique-id: [engine:junit-jupiter]/[class:com.evie.autotest.platform.testcase.example.xUnit0410.TestJunit5Example]/[method:test_790790709(java.util.List, java.util.List, int)]
display-name: test 790790709 (List, List, int)
]]></system-out>
</testcase>
<testcase name="test_1271982797()[70]" classname="com.evie.autotest.platform.testcase.example.xUnit0410.TestJunit5Example" time="0">
<system-out><![CDATA[
unique-id: [engine:junit-jupiter]/[class:com.evie.autotest.platform.testcase.example.xUnit0410.TestJunit5Example]/[test-template:test_1271982797()]/[test-template-invocation:#70]
display-name: repetition 70 of 100
]]></system-out>
</testcase>
<testcase name="test_1724917(DataMap)[2]" classname="com.evie.autotest.platform.testcase.example.xUnit0410.TestJunit5Example" time="0.001">
<failure message="校验数据失败！ ==> expected: &lt;true> but was: &lt;false>" type="org.opentest4j.AssertionFailedError"><![CDATA[org.opentest4j.AssertionFailedError: 校验数据失败！ ==> expected: <true> but was: <false>
	at org.junit.jupiter.api.AssertionUtils.fail(AssertionUtils.java:55)
	at org.junit.jupiter.api.AssertTrue.assertTrue(AssertTrue.java:40)
	at org.junit.jupiter.api.Assertions.assertTrue(Assertions.java:210)
	at com.evie.autotest.platform.testcase.example.xUnit0410.TestJunit5Example.test_1724917(TestJunit5Example.java:541)
	at sun.reflect.NativeMethodAccessorImpl.invoke0(Native Method)
	at sun.reflect.NativeMethodAccessorImpl.invoke(NativeMethodAccessorImpl.java:62)
	at sun.reflect.DelegatingMethodAccessorImpl.invoke(DelegatingMethodAccessorImpl.java:43)
	at java.lang.reflect.Method.invoke(Method.java:498)
	at org.junit.platform.commons.util.ReflectionUtils.invokeMethod(ReflectionUtils.java:725)
	at org.junit.jupiter.engine.execution.MethodInvocation.proceed(MethodInvocation.java:60)
	at org.junit.jupiter.engine.execution.InvocationInterceptorChain$ValidatingInvocation.proceed(InvocationInterceptorChain.java:131)
	at org.junit.jupiter.engine.extension.TimeoutExtension.intercept(TimeoutExtension.java:149)
	at org.junit.jupiter.engine.extension.TimeoutExtension.interceptTestableMethod(TimeoutExtension.java:140)
	at org.junit.jupiter.engine.extension.TimeoutExtension.interceptTestTemplateMethod(TimeoutExtension.java:92)
	at org.junit.jupiter.engine.execution.ExecutableInvoker$ReflectiveInterceptorCall.lambda$ofVoidMethod$0(ExecutableInvoker.java:115)
	at org.junit.jupiter.engine.execution.ExecutableInvoker.lambda$invoke$0(ExecutableInvoker.java:105)
	at org.junit.jupiter.engine.execution.InvocationInterceptorChain$InterceptedInvocation.proceed(InvocationInterceptorChain.java:106)
	at org.junit.jupiter.engine.execution.InvocationInterceptorChain.proceed(InvocationInterceptorChain.java:64)
	at org.junit.jupiter.engine.execution.InvocationInterceptorChain.chainAndInvoke(InvocationInterceptorChain.java:45)
	at org.junit.jupiter.engine.execution.InvocationInterceptorChain.invoke(InvocationInterceptorChain.java:37)
	at org.junit.jupiter.engine.execution.ExecutableInvoker.invoke(ExecutableInvoker.java:104)
	at org.junit.jupiter.engine.execution.ExecutableInvoker.invoke(ExecutableInvoker.java:98)
	at org.junit.jupiter.engine.descriptor.TestMethodTestDescriptor.lambda$invokeTestMethod$7(TestMethodTestDescriptor.java:214)
	at org.junit.platform.engine.support.hierarchical.ThrowableCollector.execute(ThrowableCollector.java:73)
	at org.junit.jupiter.engine.descriptor.TestMethodTestDescriptor.invokeTestMethod(TestMethodTestDescriptor.java:210)
	at org.junit.jupiter.engine.descriptor.TestMethodTestDescriptor.execute(TestMethodTestDescriptor.java:135)
	at org.junit.jupiter.engine.descriptor.TestMethodTestDescriptor.execute(TestMethodTestDescriptor.java:66)
	at org.junit.platform.engine.support.hierarchical.NodeTestTask.lambda$executeRecursively$6(NodeTestTask.java:151)
	at org.junit.platform.engine.support.hierarchical.ThrowableCollector.execute(ThrowableCollector.java:73)
	at org.junit.platform.engine.support.hierarchical.NodeTestTask.lambda$executeRecursively$8(NodeTestTask.java:141)
	at org.junit.platform.engine.support.hierarchical.Node.around(Node.java:137)
	at org.junit.platform.engine.support.hierarchical.NodeTestTask.lambda$executeRecursively$9(NodeTestTask.java:139)
	at org.junit.platform.engine.support.hierarchical.ThrowableCollector.execute(ThrowableCollector.java:73)
	at org.junit.platform.engine.support.hierarchical.NodeTestTask.executeRecursively(NodeTestTask.java:138)
	at org.junit.platform.engine.support.hierarchical.NodeTestTask.execute(NodeTestTask.java:95)
	at org.junit.platform.engine.support.hierarchical.ForkJoinPoolHierarchicalTestExecutorService$ExclusiveTask.compute(ForkJoinPoolHierarchicalTestExecutorService.java:185)
	at org.junit.platform.engine.support.hierarchical.ForkJoinPoolHierarchicalTestExecutorService.submit(ForkJoinPoolHierarchicalTestExecutorService.java:118)
	at org.junit.platform.engine.support.hierarchical.NodeTestTask$DefaultDynamicTestExecutor.execute(NodeTestTask.java:226)
	at org.junit.platform.engine.support.hierarchical.NodeTestTask$DefaultDynamicTestExecutor.execute(NodeTestTask.java:204)
	at org.junit.jupiter.engine.descriptor.TestTemplateTestDescriptor.execute(TestTemplateTestDescriptor.java:139)
	at org.junit.jupiter.engine.descriptor.TestTemplateTestDescriptor.lambda$execute$2(TestTemplateTestDescriptor.java:107)
	at java.util.stream.ForEachOps$ForEachOp$OfRef.accept(ForEachOps.java:184)
	at java.util.stream.ReferencePipeline$3$1.accept(ReferencePipeline.java:193)
	at java.util.stream.ReferencePipeline$2$1.accept(ReferencePipeline.java:175)
	at java.util.stream.ReferencePipeline$3$1.accept(ReferencePipeline.java:193)
	at java.util.stream.ForEachOps$ForEachOp$OfRef.accept(ForEachOps.java:184)
	at java.util.stream.ReferencePipeline$3$1.accept(ReferencePipeline.java:193)
	at java.util.stream.ReferencePipeline$3$1.accept(ReferencePipeline.java:193)
	at java.util.stream.ReferencePipeline$3$1.accept(ReferencePipeline.java:193)
	at java.util.stream.ForEachOps$ForEachOp$OfRef.accept(ForEachOps.java:184)
	at java.util.stream.ReferencePipeline$3$1.accept(ReferencePipeline.java:193)
	at java.util.ArrayList$Itr.forEachRemaining(ArrayList.java:899)
	at java.util.Spliterators$IteratorSpliterator.forEachRemaining(Spliterators.java:1801)
	at java.util.stream.ReferencePipeline$Head.forEach(ReferencePipeline.java:580)
	at java.util.stream.ReferencePipeline$7$1.accept(ReferencePipeline.java:270)
	at java.util.stream.ReferencePipeline$3$1.accept(ReferencePipeline.java:193)
	at java.util.Spliterators$ArraySpliterator.forEachRemaining(Spliterators.java:948)
	at java.util.stream.AbstractPipeline.copyInto(AbstractPipeline.java:482)
	at java.util.stream.AbstractPipeline.wrapAndCopyInto(AbstractPipeline.java:472)
	at java.util.stream.ForEachOps$ForEachOp.evaluateSequential(ForEachOps.java:151)
	at java.util.stream.ForEachOps$ForEachOp$OfRef.evaluateSequential(ForEachOps.java:174)
	at java.util.stream.AbstractPipeline.evaluate(AbstractPipeline.java:234)
	at java.util.stream.ReferencePipeline.forEach(ReferencePipeline.java:418)
	at java.util.stream.ReferencePipeline$7$1.accept(ReferencePipeline.java:270)
	at java.util.stream.ReferencePipeline$3$1.accept(ReferencePipeline.java:193)
	at java.util.stream.ReferencePipeline$3$1.accept(ReferencePipeline.java:193)
	at java.util.stream.ReferencePipeline$3$1.accept(ReferencePipeline.java:193)
	at java.util.ArrayList$ArrayListSpliterator.forEachRemaining(ArrayList.java:1382)
	at java.util.stream.AbstractPipeline.copyInto(AbstractPipeline.java:482)
	at java.util.stream.AbstractPipeline.wrapAndCopyInto(AbstractPipeline.java:472)
	at java.util.stream.ForEachOps$ForEachOp.evaluateSequential(ForEachOps.java:151)
	at java.util.stream.ForEachOps$ForEachOp$OfRef.evaluateSequential(ForEachOps.java:174)
	at java.util.stream.AbstractPipeline.evaluate(AbstractPipeline.java:234)
	at java.util.stream.ReferencePipeline.forEach(ReferencePipeline.java:418)
	at java.util.stream.ReferencePipeline$7$1.accept(ReferencePipeline.java:270)
	at java.util.ArrayList$ArrayListSpliterator.forEachRemaining(ArrayList.java:1382)
	at java.util.stream.AbstractPipeline.copyInto(AbstractPipeline.java:482)
	at java.util.stream.AbstractPipeline.wrapAndCopyInto(AbstractPipeline.java:472)
	at java.util.stream.ForEachOps$ForEachOp.evaluateSequential(ForEachOps.java:151)
	at java.util.stream.ForEachOps$ForEachOp$OfRef.evaluateSequential(ForEachOps.java:174)
	at java.util.stream.AbstractPipeline.evaluate(AbstractPipeline.java:234)
	at java.util.stream.ReferencePipeline.forEach(ReferencePipeline.java:418)
	at org.junit.jupiter.engine.descriptor.TestTemplateTestDescriptor.execute(TestTemplateTestDescriptor.java:107)
	at org.junit.jupiter.engine.descriptor.TestTemplateTestDescriptor.execute(TestTemplateTestDescriptor.java:42)
	at org.junit.platform.engine.support.hierarchical.NodeTestTask.lambda$executeRecursively$6(NodeTestTask.java:151)
	at org.junit.platform.engine.support.hierarchical.ThrowableCollector.execute(ThrowableCollector.java:73)
	at org.junit.platform.engine.support.hierarchical.NodeTestTask.lambda$executeRecursively$8(NodeTestTask.java:141)
	at org.junit.platform.engine.support.hierarchical.Node.around(Node.java:137)
	at org.junit.platform.engine.support.hierarchical.NodeTestTask.lambda$executeRecursively$9(NodeTestTask.java:139)
	at org.junit.platform.engine.support.hierarchical.ThrowableCollector.execute(ThrowableCollector.java:73)
	at org.junit.platform.engine.support.hierarchical.NodeTestTask.executeRecursively(NodeTestTask.java:138)
	at org.junit.platform.engine.support.hierarchical.NodeTestTask.execute(NodeTestTask.java:95)
	at org.junit.platform.engine.support.hierarchical.ForkJoinPoolHierarchicalTestExecutorService$ExclusiveTask.compute(ForkJoinPoolHierarchicalTestExecutorService.java:185)
	at org.junit.platform.engine.support.hierarchical.ForkJoinPoolHierarchicalTestExecutorService.executeNonConcurrentTasks(ForkJoinPoolHierarchicalTestExecutorService.java:155)
	at org.junit.platform.engine.support.hierarchical.ForkJoinPoolHierarchicalTestExecutorService.invokeAll(ForkJoinPoolHierarchicalTestExecutorService.java:135)
	at org.junit.platform.engine.support.hierarchical.NodeTestTask.lambda$executeRecursively$6(NodeTestTask.java:155)
	at org.junit.platform.engine.support.hierarchical.ThrowableCollector.execute(ThrowableCollector.java:73)
	at org.junit.platform.engine.support.hierarchical.NodeTestTask.lambda$executeRecursively$8(NodeTestTask.java:141)
	at org.junit.platform.engine.support.hierarchical.Node.around(Node.java:137)
	at org.junit.platform.engine.support.hierarchical.NodeTestTask.lambda$executeRecursively$9(NodeTestTask.java:139)
	at org.junit.platform.engine.support.hierarchical.ThrowableCollector.execute(ThrowableCollector.java:73)
	at org.junit.platform.engine.support.hierarchical.NodeTestTask.executeRecursively(NodeTestTask.java:138)
	at org.junit.platform.engine.support.hierarchical.NodeTestTask.execute(NodeTestTask.java:95)
	at org.junit.platform.engine.support.hierarchical.ForkJoinPoolHierarchicalTestExecutorService$ExclusiveTask.compute(ForkJoinPoolHierarchicalTestExecutorService.java:185)
	at org.junit.platform.engine.support.hierarchical.ForkJoinPoolHierarchicalTestExecutorService.invokeAll(ForkJoinPoolHierarchicalTestExecutorService.java:129)
	at org.junit.platform.engine.support.hierarchical.NodeTestTask.lambda$executeRecursively$6(NodeTestTask.java:155)
	at org.junit.platform.engine.support.hierarchical.ThrowableCollector.execute(ThrowableCollector.java:73)
	at org.junit.platform.engine.support.hierarchical.NodeTestTask.lambda$executeRecursively$8(NodeTestTask.java:141)
	at org.junit.platform.engine.support.hierarchical.Node.around(Node.java:137)
	at org.junit.platform.engine.support.hierarchical.NodeTestTask.lambda$executeRecursively$9(NodeTestTask.java:139)
	at org.junit.platform.engine.support.hierarchical.ThrowableCollector.execute(ThrowableCollector.java:73)
	at org.junit.platform.engine.support.hierarchical.NodeTestTask.executeRecursively(NodeTestTask.java:138)
	at org.junit.platform.engine.support.hierarchical.NodeTestTask.execute(NodeTestTask.java:95)
	at org.junit.platform.engine.support.hierarchical.ForkJoinPoolHierarchicalTestExecutorService$ExclusiveTask.compute(ForkJoinPoolHierarchicalTestExecutorService.java:185)
	at java.util.concurrent.RecursiveAction.exec(RecursiveAction.java:189)
	at java.util.concurrent.ForkJoinTask.doExec(ForkJoinTask.java:289)
	at java.util.concurrent.ForkJoinPool$WorkQueue.runTask(ForkJoinPool.java:1056)
	at java.util.concurrent.ForkJoinPool.runWorker(ForkJoinPool.java:1692)
	at java.util.concurrent.ForkJoinWorkerThread.run(ForkJoinWorkerThread.java:157)
]]></failure>
<system-out><![CDATA[
unique-id: [engine:junit-jupiter]/[class:com.evie.autotest.platform.testcase.example.xUnit0410.TestJunit5Example]/[test-template:test_1724917(com.evie.autotest.util.db.DataMap)]/[test-template-invocation:#2]
display-name: [2] data={12121_title=awad, qwe_title=}
]]></system-out>
</testcase>
<testcase name="test_1724917(DataMap)[1]" classname="com.evie.autotest.platform.testcase.example.xUnit0410.TestJunit5Example" time="0.011">
<system-out><![CDATA[
unique-id: [engine:junit-jupiter]/[class:com.evie.autotest.platform.testcase.example.xUnit0410.TestJunit5Example]/[test-template:test_1724917(com.evie.autotest.util.db.DataMap)]/[test-template-invocation:#1]
display-name: [1] data={12121_title=5456461, qwe_title=qweqw}
]]></system-out>
</testcase>
<testcase name="test_1724917(DataMap)[4]" classname="com.evie.autotest.platform.testcase.example.xUnit0410.TestJunit5Example" time="0.001">
<system-out><![CDATA[
unique-id: [engine:junit-jupiter]/[class:com.evie.autotest.platform.testcase.example.xUnit0410.TestJunit5Example]/[test-template:test_1724917(com.evie.autotest.util.db.DataMap)]/[test-template-invocation:#4]
display-name: [4] data={12121_title=asdadss, qwe_title=qweqw}
]]></system-out>
</testcase>
<testcase name="test_1724917(DataMap)[3]" classname="com.evie.autotest.platform.testcase.example.xUnit0410.TestJunit5Example" time="0.001">
<failure message="校验数据失败！ ==> expected: &lt;true> but was: &lt;false>" type="org.opentest4j.AssertionFailedError"><![CDATA[org.opentest4j.AssertionFailedError: 校验数据失败！ ==> expected: <true> but was: <false>
	at org.junit.jupiter.api.AssertionUtils.fail(AssertionUtils.java:55)
	at org.junit.jupiter.api.AssertTrue.assertTrue(AssertTrue.java:40)
	at org.junit.jupiter.api.Assertions.assertTrue(Assertions.java:210)
	at com.evie.autotest.platform.testcase.example.xUnit0410.TestJunit5Example.test_1724917(TestJunit5Example.java:541)
	at sun.reflect.NativeMethodAccessorImpl.invoke0(Native Method)
	at sun.reflect.NativeMethodAccessorImpl.invoke(NativeMethodAccessorImpl.java:62)
	at sun.reflect.DelegatingMethodAccessorImpl.invoke(DelegatingMethodAccessorImpl.java:43)
	at java.lang.reflect.Method.invoke(Method.java:498)
	at org.junit.platform.commons.util.ReflectionUtils.invokeMethod(ReflectionUtils.java:725)
	at org.junit.jupiter.engine.execution.MethodInvocation.proceed(MethodInvocation.java:60)
	at org.junit.jupiter.engine.execution.InvocationInterceptorChain$ValidatingInvocation.proceed(InvocationInterceptorChain.java:131)
	at org.junit.jupiter.engine.extension.TimeoutExtension.intercept(TimeoutExtension.java:149)
	at org.junit.jupiter.engine.extension.TimeoutExtension.interceptTestableMethod(TimeoutExtension.java:140)
	at org.junit.jupiter.engine.extension.TimeoutExtension.interceptTestTemplateMethod(TimeoutExtension.java:92)
	at org.junit.jupiter.engine.execution.ExecutableInvoker$ReflectiveInterceptorCall.lambda$ofVoidMethod$0(ExecutableInvoker.java:115)
	at org.junit.jupiter.engine.execution.ExecutableInvoker.lambda$invoke$0(ExecutableInvoker.java:105)
	at org.junit.jupiter.engine.execution.InvocationInterceptorChain$InterceptedInvocation.proceed(InvocationInterceptorChain.java:106)
	at org.junit.jupiter.engine.execution.InvocationInterceptorChain.proceed(InvocationInterceptorChain.java:64)
	at org.junit.jupiter.engine.execution.InvocationInterceptorChain.chainAndInvoke(InvocationInterceptorChain.java:45)
	at org.junit.jupiter.engine.execution.InvocationInterceptorChain.invoke(InvocationInterceptorChain.java:37)
	at org.junit.jupiter.engine.execution.ExecutableInvoker.invoke(ExecutableInvoker.java:104)
	at org.junit.jupiter.engine.execution.ExecutableInvoker.invoke(ExecutableInvoker.java:98)
	at org.junit.jupiter.engine.descriptor.TestMethodTestDescriptor.lambda$invokeTestMethod$7(TestMethodTestDescriptor.java:214)
	at org.junit.platform.engine.support.hierarchical.ThrowableCollector.execute(ThrowableCollector.java:73)
	at org.junit.jupiter.engine.descriptor.TestMethodTestDescriptor.invokeTestMethod(TestMethodTestDescriptor.java:210)
	at org.junit.jupiter.engine.descriptor.TestMethodTestDescriptor.execute(TestMethodTestDescriptor.java:135)
	at org.junit.jupiter.engine.descriptor.TestMethodTestDescriptor.execute(TestMethodTestDescriptor.java:66)
	at org.junit.platform.engine.support.hierarchical.NodeTestTask.lambda$executeRecursively$6(NodeTestTask.java:151)
	at org.junit.platform.engine.support.hierarchical.ThrowableCollector.execute(ThrowableCollector.java:73)
	at org.junit.platform.engine.support.hierarchical.NodeTestTask.lambda$executeRecursively$8(NodeTestTask.java:141)
	at org.junit.platform.engine.support.hierarchical.Node.around(Node.java:137)
	at org.junit.platform.engine.support.hierarchical.NodeTestTask.lambda$executeRecursively$9(NodeTestTask.java:139)
	at org.junit.platform.engine.support.hierarchical.ThrowableCollector.execute(ThrowableCollector.java:73)
	at org.junit.platform.engine.support.hierarchical.NodeTestTask.executeRecursively(NodeTestTask.java:138)
	at org.junit.platform.engine.support.hierarchical.NodeTestTask.execute(NodeTestTask.java:95)
	at org.junit.platform.engine.support.hierarchical.ForkJoinPoolHierarchicalTestExecutorService$ExclusiveTask.compute(ForkJoinPoolHierarchicalTestExecutorService.java:185)
	at org.junit.platform.engine.support.hierarchical.ForkJoinPoolHierarchicalTestExecutorService.submit(ForkJoinPoolHierarchicalTestExecutorService.java:118)
	at org.junit.platform.engine.support.hierarchical.NodeTestTask$DefaultDynamicTestExecutor.execute(NodeTestTask.java:226)
	at org.junit.platform.engine.support.hierarchical.NodeTestTask$DefaultDynamicTestExecutor.execute(NodeTestTask.java:204)
	at org.junit.jupiter.engine.descriptor.TestTemplateTestDescriptor.execute(TestTemplateTestDescriptor.java:139)
	at org.junit.jupiter.engine.descriptor.TestTemplateTestDescriptor.lambda$execute$2(TestTemplateTestDescriptor.java:107)
	at java.util.stream.ForEachOps$ForEachOp$OfRef.accept(ForEachOps.java:184)
	at java.util.stream.ReferencePipeline$3$1.accept(ReferencePipeline.java:193)
	at java.util.stream.ReferencePipeline$2$1.accept(ReferencePipeline.java:175)
	at java.util.stream.ReferencePipeline$3$1.accept(ReferencePipeline.java:193)
	at java.util.stream.ForEachOps$ForEachOp$OfRef.accept(ForEachOps.java:184)
	at java.util.stream.ReferencePipeline$3$1.accept(ReferencePipeline.java:193)
	at java.util.stream.ReferencePipeline$3$1.accept(ReferencePipeline.java:193)
	at java.util.stream.ReferencePipeline$3$1.accept(ReferencePipeline.java:193)
	at java.util.stream.ForEachOps$ForEachOp$OfRef.accept(ForEachOps.java:184)
	at java.util.stream.ReferencePipeline$3$1.accept(ReferencePipeline.java:193)
	at java.util.ArrayList$Itr.forEachRemaining(ArrayList.java:899)
	at java.util.Spliterators$IteratorSpliterator.forEachRemaining(Spliterators.java:1801)
	at java.util.stream.ReferencePipeline$Head.forEach(ReferencePipeline.java:580)
	at java.util.stream.ReferencePipeline$7$1.accept(ReferencePipeline.java:270)
	at java.util.stream.ReferencePipeline$3$1.accept(ReferencePipeline.java:193)
	at java.util.Spliterators$ArraySpliterator.forEachRemaining(Spliterators.java:948)
	at java.util.stream.AbstractPipeline.copyInto(AbstractPipeline.java:482)
	at java.util.stream.AbstractPipeline.wrapAndCopyInto(AbstractPipeline.java:472)
	at java.util.stream.ForEachOps$ForEachOp.evaluateSequential(ForEachOps.java:151)
	at java.util.stream.ForEachOps$ForEachOp$OfRef.evaluateSequential(ForEachOps.java:174)
	at java.util.stream.AbstractPipeline.evaluate(AbstractPipeline.java:234)
	at java.util.stream.ReferencePipeline.forEach(ReferencePipeline.java:418)
	at java.util.stream.ReferencePipeline$7$1.accept(ReferencePipeline.java:270)
	at java.util.stream.ReferencePipeline$3$1.accept(ReferencePipeline.java:193)
	at java.util.stream.ReferencePipeline$3$1.accept(ReferencePipeline.java:193)
	at java.util.stream.ReferencePipeline$3$1.accept(ReferencePipeline.java:193)
	at java.util.ArrayList$ArrayListSpliterator.forEachRemaining(ArrayList.java:1382)
	at java.util.stream.AbstractPipeline.copyInto(AbstractPipeline.java:482)
	at java.util.stream.AbstractPipeline.wrapAndCopyInto(AbstractPipeline.java:472)
	at java.util.stream.ForEachOps$ForEachOp.evaluateSequential(ForEachOps.java:151)
	at java.util.stream.ForEachOps$ForEachOp$OfRef.evaluateSequential(ForEachOps.java:174)
	at java.util.stream.AbstractPipeline.evaluate(AbstractPipeline.java:234)
	at java.util.stream.ReferencePipeline.forEach(ReferencePipeline.java:418)
	at java.util.stream.ReferencePipeline$7$1.accept(ReferencePipeline.java:270)
	at java.util.ArrayList$ArrayListSpliterator.forEachRemaining(ArrayList.java:1382)
	at java.util.stream.AbstractPipeline.copyInto(AbstractPipeline.java:482)
	at java.util.stream.AbstractPipeline.wrapAndCopyInto(AbstractPipeline.java:472)
	at java.util.stream.ForEachOps$ForEachOp.evaluateSequential(ForEachOps.java:151)
	at java.util.stream.ForEachOps$ForEachOp$OfRef.evaluateSequential(ForEachOps.java:174)
	at java.util.stream.AbstractPipeline.evaluate(AbstractPipeline.java:234)
	at java.util.stream.ReferencePipeline.forEach(ReferencePipeline.java:418)
	at org.junit.jupiter.engine.descriptor.TestTemplateTestDescriptor.execute(TestTemplateTestDescriptor.java:107)
	at org.junit.jupiter.engine.descriptor.TestTemplateTestDescriptor.execute(TestTemplateTestDescriptor.java:42)
	at org.junit.platform.engine.support.hierarchical.NodeTestTask.lambda$executeRecursively$6(NodeTestTask.java:151)
	at org.junit.platform.engine.support.hierarchical.ThrowableCollector.execute(ThrowableCollector.java:73)
	at org.junit.platform.engine.support.hierarchical.NodeTestTask.lambda$executeRecursively$8(NodeTestTask.java:141)
	at org.junit.platform.engine.support.hierarchical.Node.around(Node.java:137)
	at org.junit.platform.engine.support.hierarchical.NodeTestTask.lambda$executeRecursively$9(NodeTestTask.java:139)
	at org.junit.platform.engine.support.hierarchical.ThrowableCollector.execute(ThrowableCollector.java:73)
	at org.junit.platform.engine.support.hierarchical.NodeTestTask.executeRecursively(NodeTestTask.java:138)
	at org.junit.platform.engine.support.hierarchical.NodeTestTask.execute(NodeTestTask.java:95)
	at org.junit.platform.engine.support.hierarchical.ForkJoinPoolHierarchicalTestExecutorService$ExclusiveTask.compute(ForkJoinPoolHierarchicalTestExecutorService.java:185)
	at org.junit.platform.engine.support.hierarchical.ForkJoinPoolHierarchicalTestExecutorService.executeNonConcurrentTasks(ForkJoinPoolHierarchicalTestExecutorService.java:155)
	at org.junit.platform.engine.support.hierarchical.ForkJoinPoolHierarchicalTestExecutorService.invokeAll(ForkJoinPoolHierarchicalTestExecutorService.java:135)
	at org.junit.platform.engine.support.hierarchical.NodeTestTask.lambda$executeRecursively$6(NodeTestTask.java:155)
	at org.junit.platform.engine.support.hierarchical.ThrowableCollector.execute(ThrowableCollector.java:73)
	at org.junit.platform.engine.support.hierarchical.NodeTestTask.lambda$executeRecursively$8(NodeTestTask.java:141)
	at org.junit.platform.engine.support.hierarchical.Node.around(Node.java:137)
	at org.junit.platform.engine.support.hierarchical.NodeTestTask.lambda$executeRecursively$9(NodeTestTask.java:139)
	at org.junit.platform.engine.support.hierarchical.ThrowableCollector.execute(ThrowableCollector.java:73)
	at org.junit.platform.engine.support.hierarchical.NodeTestTask.executeRecursively(NodeTestTask.java:138)
	at org.junit.platform.engine.support.hierarchical.NodeTestTask.execute(NodeTestTask.java:95)
	at org.junit.platform.engine.support.hierarchical.ForkJoinPoolHierarchicalTestExecutorService$ExclusiveTask.compute(ForkJoinPoolHierarchicalTestExecutorService.java:185)
	at org.junit.platform.engine.support.hierarchical.ForkJoinPoolHierarchicalTestExecutorService.invokeAll(ForkJoinPoolHierarchicalTestExecutorService.java:129)
	at org.junit.platform.engine.support.hierarchical.NodeTestTask.lambda$executeRecursively$6(NodeTestTask.java:155)
	at org.junit.platform.engine.support.hierarchical.ThrowableCollector.execute(ThrowableCollector.java:73)
	at org.junit.platform.engine.support.hierarchical.NodeTestTask.lambda$executeRecursively$8(NodeTestTask.java:141)
	at org.junit.platform.engine.support.hierarchical.Node.around(Node.java:137)
	at org.junit.platform.engine.support.hierarchical.NodeTestTask.lambda$executeRecursively$9(NodeTestTask.java:139)
	at org.junit.platform.engine.support.hierarchical.ThrowableCollector.execute(ThrowableCollector.java:73)
	at org.junit.platform.engine.support.hierarchical.NodeTestTask.executeRecursively(NodeTestTask.java:138)
	at org.junit.platform.engine.support.hierarchical.NodeTestTask.execute(NodeTestTask.java:95)
	at org.junit.platform.engine.support.hierarchical.ForkJoinPoolHierarchicalTestExecutorService$ExclusiveTask.compute(ForkJoinPoolHierarchicalTestExecutorService.java:185)
	at java.util.concurrent.RecursiveAction.exec(RecursiveAction.java:189)
	at java.util.concurrent.ForkJoinTask.doExec(ForkJoinTask.java:289)
	at java.util.concurrent.ForkJoinPool$WorkQueue.runTask(ForkJoinPool.java:1056)
	at java.util.concurrent.ForkJoinPool.runWorker(ForkJoinPool.java:1692)
	at java.util.concurrent.ForkJoinWorkerThread.run(ForkJoinWorkerThread.java:157)
]]></failure>
<system-out><![CDATA[
unique-id: [engine:junit-jupiter]/[class:com.evie.autotest.platform.testcase.example.xUnit0410.TestJunit5Example]/[test-template:test_1724917(com.evie.autotest.util.db.DataMap)]/[test-template-invocation:#3]
display-name: [3] data={12121_title=asdasda, qwe_title=qweq}
]]></system-out>
</testcase>
<testcase name="test_1724917(DataMap)[6]" classname="com.evie.autotest.platform.testcase.example.xUnit0410.TestJunit5Example" time="0.001">
<failure message="校验数据失败！ ==> expected: &lt;true> but was: &lt;false>" type="org.opentest4j.AssertionFailedError"><![CDATA[org.opentest4j.AssertionFailedError: 校验数据失败！ ==> expected: <true> but was: <false>
	at org.junit.jupiter.api.AssertionUtils.fail(AssertionUtils.java:55)
	at org.junit.jupiter.api.AssertTrue.assertTrue(AssertTrue.java:40)
	at org.junit.jupiter.api.Assertions.assertTrue(Assertions.java:210)
	at com.evie.autotest.platform.testcase.example.xUnit0410.TestJunit5Example.test_1724917(TestJunit5Example.java:541)
	at sun.reflect.NativeMethodAccessorImpl.invoke0(Native Method)
	at sun.reflect.NativeMethodAccessorImpl.invoke(NativeMethodAccessorImpl.java:62)
	at sun.reflect.DelegatingMethodAccessorImpl.invoke(DelegatingMethodAccessorImpl.java:43)
	at java.lang.reflect.Method.invoke(Method.java:498)
	at org.junit.platform.commons.util.ReflectionUtils.invokeMethod(ReflectionUtils.java:725)
	at org.junit.jupiter.engine.execution.MethodInvocation.proceed(MethodInvocation.java:60)
	at org.junit.jupiter.engine.execution.InvocationInterceptorChain$ValidatingInvocation.proceed(InvocationInterceptorChain.java:131)
	at org.junit.jupiter.engine.extension.TimeoutExtension.intercept(TimeoutExtension.java:149)
	at org.junit.jupiter.engine.extension.TimeoutExtension.interceptTestableMethod(TimeoutExtension.java:140)
	at org.junit.jupiter.engine.extension.TimeoutExtension.interceptTestTemplateMethod(TimeoutExtension.java:92)
	at org.junit.jupiter.engine.execution.ExecutableInvoker$ReflectiveInterceptorCall.lambda$ofVoidMethod$0(ExecutableInvoker.java:115)
	at org.junit.jupiter.engine.execution.ExecutableInvoker.lambda$invoke$0(ExecutableInvoker.java:105)
	at org.junit.jupiter.engine.execution.InvocationInterceptorChain$InterceptedInvocation.proceed(InvocationInterceptorChain.java:106)
	at org.junit.jupiter.engine.execution.InvocationInterceptorChain.proceed(InvocationInterceptorChain.java:64)
	at org.junit.jupiter.engine.execution.InvocationInterceptorChain.chainAndInvoke(InvocationInterceptorChain.java:45)
	at org.junit.jupiter.engine.execution.InvocationInterceptorChain.invoke(InvocationInterceptorChain.java:37)
	at org.junit.jupiter.engine.execution.ExecutableInvoker.invoke(ExecutableInvoker.java:104)
	at org.junit.jupiter.engine.execution.ExecutableInvoker.invoke(ExecutableInvoker.java:98)
	at org.junit.jupiter.engine.descriptor.TestMethodTestDescriptor.lambda$invokeTestMethod$7(TestMethodTestDescriptor.java:214)
	at org.junit.platform.engine.support.hierarchical.ThrowableCollector.execute(ThrowableCollector.java:73)
	at org.junit.jupiter.engine.descriptor.TestMethodTestDescriptor.invokeTestMethod(TestMethodTestDescriptor.java:210)
	at org.junit.jupiter.engine.descriptor.TestMethodTestDescriptor.execute(TestMethodTestDescriptor.java:135)
	at org.junit.jupiter.engine.descriptor.TestMethodTestDescriptor.execute(TestMethodTestDescriptor.java:66)
	at org.junit.platform.engine.support.hierarchical.NodeTestTask.lambda$executeRecursively$6(NodeTestTask.java:151)
	at org.junit.platform.engine.support.hierarchical.ThrowableCollector.execute(ThrowableCollector.java:73)
	at org.junit.platform.engine.support.hierarchical.NodeTestTask.lambda$executeRecursively$8(NodeTestTask.java:141)
	at org.junit.platform.engine.support.hierarchical.Node.around(Node.java:137)
	at org.junit.platform.engine.support.hierarchical.NodeTestTask.lambda$executeRecursively$9(NodeTestTask.java:139)
	at org.junit.platform.engine.support.hierarchical.ThrowableCollector.execute(ThrowableCollector.java:73)
	at org.junit.platform.engine.support.hierarchical.NodeTestTask.executeRecursively(NodeTestTask.java:138)
	at org.junit.platform.engine.support.hierarchical.NodeTestTask.execute(NodeTestTask.java:95)
	at org.junit.platform.engine.support.hierarchical.ForkJoinPoolHierarchicalTestExecutorService$ExclusiveTask.compute(ForkJoinPoolHierarchicalTestExecutorService.java:185)
	at org.junit.platform.engine.support.hierarchical.ForkJoinPoolHierarchicalTestExecutorService.submit(ForkJoinPoolHierarchicalTestExecutorService.java:118)
	at org.junit.platform.engine.support.hierarchical.NodeTestTask$DefaultDynamicTestExecutor.execute(NodeTestTask.java:226)
	at org.junit.platform.engine.support.hierarchical.NodeTestTask$DefaultDynamicTestExecutor.execute(NodeTestTask.java:204)
	at org.junit.jupiter.engine.descriptor.TestTemplateTestDescriptor.execute(TestTemplateTestDescriptor.java:139)
	at org.junit.jupiter.engine.descriptor.TestTemplateTestDescriptor.lambda$execute$2(TestTemplateTestDescriptor.java:107)
	at java.util.stream.ForEachOps$ForEachOp$OfRef.accept(ForEachOps.java:184)
	at java.util.stream.ReferencePipeline$3$1.accept(ReferencePipeline.java:193)
	at java.util.stream.ReferencePipeline$2$1.accept(ReferencePipeline.java:175)
	at java.util.stream.ReferencePipeline$3$1.accept(ReferencePipeline.java:193)
	at java.util.stream.ForEachOps$ForEachOp$OfRef.accept(ForEachOps.java:184)
	at java.util.stream.ReferencePipeline$3$1.accept(ReferencePipeline.java:193)
	at java.util.stream.ReferencePipeline$3$1.accept(ReferencePipeline.java:193)
	at java.util.stream.ReferencePipeline$3$1.accept(ReferencePipeline.java:193)
	at java.util.stream.ForEachOps$ForEachOp$OfRef.accept(ForEachOps.java:184)
	at java.util.stream.ReferencePipeline$3$1.accept(ReferencePipeline.java:193)
	at java.util.ArrayList$Itr.forEachRemaining(ArrayList.java:899)
	at java.util.Spliterators$IteratorSpliterator.forEachRemaining(Spliterators.java:1801)
	at java.util.stream.ReferencePipeline$Head.forEach(ReferencePipeline.java:580)
	at java.util.stream.ReferencePipeline$7$1.accept(ReferencePipeline.java:270)
	at java.util.stream.ReferencePipeline$3$1.accept(ReferencePipeline.java:193)
	at java.util.Spliterators$ArraySpliterator.forEachRemaining(Spliterators.java:948)
	at java.util.stream.AbstractPipeline.copyInto(AbstractPipeline.java:482)
	at java.util.stream.AbstractPipeline.wrapAndCopyInto(AbstractPipeline.java:472)
	at java.util.stream.ForEachOps$ForEachOp.evaluateSequential(ForEachOps.java:151)
	at java.util.stream.ForEachOps$ForEachOp$OfRef.evaluateSequential(ForEachOps.java:174)
	at java.util.stream.AbstractPipeline.evaluate(AbstractPipeline.java:234)
	at java.util.stream.ReferencePipeline.forEach(ReferencePipeline.java:418)
	at java.util.stream.ReferencePipeline$7$1.accept(ReferencePipeline.java:270)
	at java.util.stream.ReferencePipeline$3$1.accept(ReferencePipeline.java:193)
	at java.util.stream.ReferencePipeline$3$1.accept(ReferencePipeline.java:193)
	at java.util.stream.ReferencePipeline$3$1.accept(ReferencePipeline.java:193)
	at java.util.ArrayList$ArrayListSpliterator.forEachRemaining(ArrayList.java:1382)
	at java.util.stream.AbstractPipeline.copyInto(AbstractPipeline.java:482)
	at java.util.stream.AbstractPipeline.wrapAndCopyInto(AbstractPipeline.java:472)
	at java.util.stream.ForEachOps$ForEachOp.evaluateSequential(ForEachOps.java:151)
	at java.util.stream.ForEachOps$ForEachOp$OfRef.evaluateSequential(ForEachOps.java:174)
	at java.util.stream.AbstractPipeline.evaluate(AbstractPipeline.java:234)
	at java.util.stream.ReferencePipeline.forEach(ReferencePipeline.java:418)
	at java.util.stream.ReferencePipeline$7$1.accept(ReferencePipeline.java:270)
	at java.util.ArrayList$ArrayListSpliterator.forEachRemaining(ArrayList.java:1382)
	at java.util.stream.AbstractPipeline.copyInto(AbstractPipeline.java:482)
	at java.util.stream.AbstractPipeline.wrapAndCopyInto(AbstractPipeline.java:472)
	at java.util.stream.ForEachOps$ForEachOp.evaluateSequential(ForEachOps.java:151)
	at java.util.stream.ForEachOps$ForEachOp$OfRef.evaluateSequential(ForEachOps.java:174)
	at java.util.stream.AbstractPipeline.evaluate(AbstractPipeline.java:234)
	at java.util.stream.ReferencePipeline.forEach(ReferencePipeline.java:418)
	at org.junit.jupiter.engine.descriptor.TestTemplateTestDescriptor.execute(TestTemplateTestDescriptor.java:107)
	at org.junit.jupiter.engine.descriptor.TestTemplateTestDescriptor.execute(TestTemplateTestDescriptor.java:42)
	at org.junit.platform.engine.support.hierarchical.NodeTestTask.lambda$executeRecursively$6(NodeTestTask.java:151)
	at org.junit.platform.engine.support.hierarchical.ThrowableCollector.execute(ThrowableCollector.java:73)
	at org.junit.platform.engine.support.hierarchical.NodeTestTask.lambda$executeRecursively$8(NodeTestTask.java:141)
	at org.junit.platform.engine.support.hierarchical.Node.around(Node.java:137)
	at org.junit.platform.engine.support.hierarchical.NodeTestTask.lambda$executeRecursively$9(NodeTestTask.java:139)
	at org.junit.platform.engine.support.hierarchical.ThrowableCollector.execute(ThrowableCollector.java:73)
	at org.junit.platform.engine.support.hierarchical.NodeTestTask.executeRecursively(NodeTestTask.java:138)
	at org.junit.platform.engine.support.hierarchical.NodeTestTask.execute(NodeTestTask.java:95)
	at org.junit.platform.engine.support.hierarchical.ForkJoinPoolHierarchicalTestExecutorService$ExclusiveTask.compute(ForkJoinPoolHierarchicalTestExecutorService.java:185)
	at org.junit.platform.engine.support.hierarchical.ForkJoinPoolHierarchicalTestExecutorService.executeNonConcurrentTasks(ForkJoinPoolHierarchicalTestExecutorService.java:155)
	at org.junit.platform.engine.support.hierarchical.ForkJoinPoolHierarchicalTestExecutorService.invokeAll(ForkJoinPoolHierarchicalTestExecutorService.java:135)
	at org.junit.platform.engine.support.hierarchical.NodeTestTask.lambda$executeRecursively$6(NodeTestTask.java:155)
	at org.junit.platform.engine.support.hierarchical.ThrowableCollector.execute(ThrowableCollector.java:73)
	at org.junit.platform.engine.support.hierarchical.NodeTestTask.lambda$executeRecursively$8(NodeTestTask.java:141)
	at org.junit.platform.engine.support.hierarchical.Node.around(Node.java:137)
	at org.junit.platform.engine.support.hierarchical.NodeTestTask.lambda$executeRecursively$9(NodeTestTask.java:139)
	at org.junit.platform.engine.support.hierarchical.ThrowableCollector.execute(ThrowableCollector.java:73)
	at org.junit.platform.engine.support.hierarchical.NodeTestTask.executeRecursively(NodeTestTask.java:138)
	at org.junit.platform.engine.support.hierarchical.NodeTestTask.execute(NodeTestTask.java:95)
	at org.junit.platform.engine.support.hierarchical.ForkJoinPoolHierarchicalTestExecutorService$ExclusiveTask.compute(ForkJoinPoolHierarchicalTestExecutorService.java:185)
	at org.junit.platform.engine.support.hierarchical.ForkJoinPoolHierarchicalTestExecutorService.invokeAll(ForkJoinPoolHierarchicalTestExecutorService.java:129)
	at org.junit.platform.engine.support.hierarchical.NodeTestTask.lambda$executeRecursively$6(NodeTestTask.java:155)
	at org.junit.platform.engine.support.hierarchical.ThrowableCollector.execute(ThrowableCollector.java:73)
	at org.junit.platform.engine.support.hierarchical.NodeTestTask.lambda$executeRecursively$8(NodeTestTask.java:141)
	at org.junit.platform.engine.support.hierarchical.Node.around(Node.java:137)
	at org.junit.platform.engine.support.hierarchical.NodeTestTask.lambda$executeRecursively$9(NodeTestTask.java:139)
	at org.junit.platform.engine.support.hierarchical.ThrowableCollector.execute(ThrowableCollector.java:73)
	at org.junit.platform.engine.support.hierarchical.NodeTestTask.executeRecursively(NodeTestTask.java:138)
	at org.junit.platform.engine.support.hierarchical.NodeTestTask.execute(NodeTestTask.java:95)
	at org.junit.platform.engine.support.hierarchical.ForkJoinPoolHierarchicalTestExecutorService$ExclusiveTask.compute(ForkJoinPoolHierarchicalTestExecutorService.java:185)
	at java.util.concurrent.RecursiveAction.exec(RecursiveAction.java:189)
	at java.util.concurrent.ForkJoinTask.doExec(ForkJoinTask.java:289)
	at java.util.concurrent.ForkJoinPool$WorkQueue.runTask(ForkJoinPool.java:1056)
	at java.util.concurrent.ForkJoinPool.runWorker(ForkJoinPool.java:1692)
	at java.util.concurrent.ForkJoinWorkerThread.run(ForkJoinWorkerThread.java:157)
]]></failure>
<system-out><![CDATA[
unique-id: [engine:junit-jupiter]/[class:com.evie.autotest.platform.testcase.example.xUnit0410.TestJunit5Example]/[test-template:test_1724917(com.evie.autotest.util.db.DataMap)]/[test-template-invocation:#6]
display-name: [6] data={12121_title=1212, qwe_title=qweqwe}
]]></system-out>
</testcase>
<testcase name="test_1724917(DataMap)[5]" classname="com.evie.autotest.platform.testcase.example.xUnit0410.TestJunit5Example" time="0.001">
<system-out><![CDATA[
unique-id: [engine:junit-jupiter]/[class:com.evie.autotest.platform.testcase.example.xUnit0410.TestJunit5Example]/[test-template:test_1724917(com.evie.autotest.util.db.DataMap)]/[test-template-invocation:#5]
display-name: [5] data={12121_title=asdasda, qwe_title=qweqw}
]]></system-out>
</testcase>
<testcase name="testWithEnumSourceRegex(TimeUnit)[3]" classname="com.evie.autotest.platform.testcase.example.xUnit0410.TestJunit5Example" time="0.001">
<system-out><![CDATA[
unique-id: [engine:junit-jupiter]/[class:com.evie.autotest.platform.testcase.example.xUnit0410.TestJunit5Example]/[test-template:testWithEnumSourceRegex(java.util.concurrent.TimeUnit)]/[test-template-invocation:#3]
display-name: [3] timeUnit=MILLISECONDS
]]></system-out>
</testcase>
<testcase name="test_1724917(DataMap)[7]" classname="com.evie.autotest.platform.testcase.example.xUnit0410.TestJunit5Example" time="0.001">
<failure message="校验数据失败！ ==> expected: &lt;true> but was: &lt;false>" type="org.opentest4j.AssertionFailedError"><![CDATA[org.opentest4j.AssertionFailedError: 校验数据失败！ ==> expected: <true> but was: <false>
	at org.junit.jupiter.api.AssertionUtils.fail(AssertionUtils.java:55)
	at org.junit.jupiter.api.AssertTrue.assertTrue(AssertTrue.java:40)
	at org.junit.jupiter.api.Assertions.assertTrue(Assertions.java:210)
	at com.evie.autotest.platform.testcase.example.xUnit0410.TestJunit5Example.test_1724917(TestJunit5Example.java:541)
	at sun.reflect.NativeMethodAccessorImpl.invoke0(Native Method)
	at sun.reflect.NativeMethodAccessorImpl.invoke(NativeMethodAccessorImpl.java:62)
	at sun.reflect.DelegatingMethodAccessorImpl.invoke(DelegatingMethodAccessorImpl.java:43)
	at java.lang.reflect.Method.invoke(Method.java:498)
	at org.junit.platform.commons.util.ReflectionUtils.invokeMethod(ReflectionUtils.java:725)
	at org.junit.jupiter.engine.execution.MethodInvocation.proceed(MethodInvocation.java:60)
	at org.junit.jupiter.engine.execution.InvocationInterceptorChain$ValidatingInvocation.proceed(InvocationInterceptorChain.java:131)
	at org.junit.jupiter.engine.extension.TimeoutExtension.intercept(TimeoutExtension.java:149)
	at org.junit.jupiter.engine.extension.TimeoutExtension.interceptTestableMethod(TimeoutExtension.java:140)
	at org.junit.jupiter.engine.extension.TimeoutExtension.interceptTestTemplateMethod(TimeoutExtension.java:92)
	at org.junit.jupiter.engine.execution.ExecutableInvoker$ReflectiveInterceptorCall.lambda$ofVoidMethod$0(ExecutableInvoker.java:115)
	at org.junit.jupiter.engine.execution.ExecutableInvoker.lambda$invoke$0(ExecutableInvoker.java:105)
	at org.junit.jupiter.engine.execution.InvocationInterceptorChain$InterceptedInvocation.proceed(InvocationInterceptorChain.java:106)
	at org.junit.jupiter.engine.execution.InvocationInterceptorChain.proceed(InvocationInterceptorChain.java:64)
	at org.junit.jupiter.engine.execution.InvocationInterceptorChain.chainAndInvoke(InvocationInterceptorChain.java:45)
	at org.junit.jupiter.engine.execution.InvocationInterceptorChain.invoke(InvocationInterceptorChain.java:37)
	at org.junit.jupiter.engine.execution.ExecutableInvoker.invoke(ExecutableInvoker.java:104)
	at org.junit.jupiter.engine.execution.ExecutableInvoker.invoke(ExecutableInvoker.java:98)
	at org.junit.jupiter.engine.descriptor.TestMethodTestDescriptor.lambda$invokeTestMethod$7(TestMethodTestDescriptor.java:214)
	at org.junit.platform.engine.support.hierarchical.ThrowableCollector.execute(ThrowableCollector.java:73)
	at org.junit.jupiter.engine.descriptor.TestMethodTestDescriptor.invokeTestMethod(TestMethodTestDescriptor.java:210)
	at org.junit.jupiter.engine.descriptor.TestMethodTestDescriptor.execute(TestMethodTestDescriptor.java:135)
	at org.junit.jupiter.engine.descriptor.TestMethodTestDescriptor.execute(TestMethodTestDescriptor.java:66)
	at org.junit.platform.engine.support.hierarchical.NodeTestTask.lambda$executeRecursively$6(NodeTestTask.java:151)
	at org.junit.platform.engine.support.hierarchical.ThrowableCollector.execute(ThrowableCollector.java:73)
	at org.junit.platform.engine.support.hierarchical.NodeTestTask.lambda$executeRecursively$8(NodeTestTask.java:141)
	at org.junit.platform.engine.support.hierarchical.Node.around(Node.java:137)
	at org.junit.platform.engine.support.hierarchical.NodeTestTask.lambda$executeRecursively$9(NodeTestTask.java:139)
	at org.junit.platform.engine.support.hierarchical.ThrowableCollector.execute(ThrowableCollector.java:73)
	at org.junit.platform.engine.support.hierarchical.NodeTestTask.executeRecursively(NodeTestTask.java:138)
	at org.junit.platform.engine.support.hierarchical.NodeTestTask.execute(NodeTestTask.java:95)
	at org.junit.platform.engine.support.hierarchical.ForkJoinPoolHierarchicalTestExecutorService$ExclusiveTask.compute(ForkJoinPoolHierarchicalTestExecutorService.java:185)
	at org.junit.platform.engine.support.hierarchical.ForkJoinPoolHierarchicalTestExecutorService.submit(ForkJoinPoolHierarchicalTestExecutorService.java:118)
	at org.junit.platform.engine.support.hierarchical.NodeTestTask$DefaultDynamicTestExecutor.execute(NodeTestTask.java:226)
	at org.junit.platform.engine.support.hierarchical.NodeTestTask$DefaultDynamicTestExecutor.execute(NodeTestTask.java:204)
	at org.junit.jupiter.engine.descriptor.TestTemplateTestDescriptor.execute(TestTemplateTestDescriptor.java:139)
	at org.junit.jupiter.engine.descriptor.TestTemplateTestDescriptor.lambda$execute$2(TestTemplateTestDescriptor.java:107)
	at java.util.stream.ForEachOps$ForEachOp$OfRef.accept(ForEachOps.java:184)
	at java.util.stream.ReferencePipeline$3$1.accept(ReferencePipeline.java:193)
	at java.util.stream.ReferencePipeline$2$1.accept(ReferencePipeline.java:175)
	at java.util.stream.ReferencePipeline$3$1.accept(ReferencePipeline.java:193)
	at java.util.stream.ForEachOps$ForEachOp$OfRef.accept(ForEachOps.java:184)
	at java.util.stream.ReferencePipeline$3$1.accept(ReferencePipeline.java:193)
	at java.util.stream.ReferencePipeline$3$1.accept(ReferencePipeline.java:193)
	at java.util.stream.ReferencePipeline$3$1.accept(ReferencePipeline.java:193)
	at java.util.stream.ForEachOps$ForEachOp$OfRef.accept(ForEachOps.java:184)
	at java.util.stream.ReferencePipeline$3$1.accept(ReferencePipeline.java:193)
	at java.util.ArrayList$Itr.forEachRemaining(ArrayList.java:899)
	at java.util.Spliterators$IteratorSpliterator.forEachRemaining(Spliterators.java:1801)
	at java.util.stream.ReferencePipeline$Head.forEach(ReferencePipeline.java:580)
	at java.util.stream.ReferencePipeline$7$1.accept(ReferencePipeline.java:270)
	at java.util.stream.ReferencePipeline$3$1.accept(ReferencePipeline.java:193)
	at java.util.Spliterators$ArraySpliterator.forEachRemaining(Spliterators.java:948)
	at java.util.stream.AbstractPipeline.copyInto(AbstractPipeline.java:482)
	at java.util.stream.AbstractPipeline.wrapAndCopyInto(AbstractPipeline.java:472)
	at java.util.stream.ForEachOps$ForEachOp.evaluateSequential(ForEachOps.java:151)
	at java.util.stream.ForEachOps$ForEachOp$OfRef.evaluateSequential(ForEachOps.java:174)
	at java.util.stream.AbstractPipeline.evaluate(AbstractPipeline.java:234)
	at java.util.stream.ReferencePipeline.forEach(ReferencePipeline.java:418)
	at java.util.stream.ReferencePipeline$7$1.accept(ReferencePipeline.java:270)
	at java.util.stream.ReferencePipeline$3$1.accept(ReferencePipeline.java:193)
	at java.util.stream.ReferencePipeline$3$1.accept(ReferencePipeline.java:193)
	at java.util.stream.ReferencePipeline$3$1.accept(ReferencePipeline.java:193)
	at java.util.ArrayList$ArrayListSpliterator.forEachRemaining(ArrayList.java:1382)
	at java.util.stream.AbstractPipeline.copyInto(AbstractPipeline.java:482)
	at java.util.stream.AbstractPipeline.wrapAndCopyInto(AbstractPipeline.java:472)
	at java.util.stream.ForEachOps$ForEachOp.evaluateSequential(ForEachOps.java:151)
	at java.util.stream.ForEachOps$ForEachOp$OfRef.evaluateSequential(ForEachOps.java:174)
	at java.util.stream.AbstractPipeline.evaluate(AbstractPipeline.java:234)
	at java.util.stream.ReferencePipeline.forEach(ReferencePipeline.java:418)
	at java.util.stream.ReferencePipeline$7$1.accept(ReferencePipeline.java:270)
	at java.util.ArrayList$ArrayListSpliterator.forEachRemaining(ArrayList.java:1382)
	at java.util.stream.AbstractPipeline.copyInto(AbstractPipeline.java:482)
	at java.util.stream.AbstractPipeline.wrapAndCopyInto(AbstractPipeline.java:472)
	at java.util.stream.ForEachOps$ForEachOp.evaluateSequential(ForEachOps.java:151)
	at java.util.stream.ForEachOps$ForEachOp$OfRef.evaluateSequential(ForEachOps.java:174)
	at java.util.stream.AbstractPipeline.evaluate(AbstractPipeline.java:234)
	at java.util.stream.ReferencePipeline.forEach(ReferencePipeline.java:418)
	at org.junit.jupiter.engine.descriptor.TestTemplateTestDescriptor.execute(TestTemplateTestDescriptor.java:107)
	at org.junit.jupiter.engine.descriptor.TestTemplateTestDescriptor.execute(TestTemplateTestDescriptor.java:42)
	at org.junit.platform.engine.support.hierarchical.NodeTestTask.lambda$executeRecursively$6(NodeTestTask.java:151)
	at org.junit.platform.engine.support.hierarchical.ThrowableCollector.execute(ThrowableCollector.java:73)
	at org.junit.platform.engine.support.hierarchical.NodeTestTask.lambda$executeRecursively$8(NodeTestTask.java:141)
	at org.junit.platform.engine.support.hierarchical.Node.around(Node.java:137)
	at org.junit.platform.engine.support.hierarchical.NodeTestTask.lambda$executeRecursively$9(NodeTestTask.java:139)
	at org.junit.platform.engine.support.hierarchical.ThrowableCollector.execute(ThrowableCollector.java:73)
	at org.junit.platform.engine.support.hierarchical.NodeTestTask.executeRecursively(NodeTestTask.java:138)
	at org.junit.platform.engine.support.hierarchical.NodeTestTask.execute(NodeTestTask.java:95)
	at org.junit.platform.engine.support.hierarchical.ForkJoinPoolHierarchicalTestExecutorService$ExclusiveTask.compute(ForkJoinPoolHierarchicalTestExecutorService.java:185)
	at org.junit.platform.engine.support.hierarchical.ForkJoinPoolHierarchicalTestExecutorService.executeNonConcurrentTasks(ForkJoinPoolHierarchicalTestExecutorService.java:155)
	at org.junit.platform.engine.support.hierarchical.ForkJoinPoolHierarchicalTestExecutorService.invokeAll(ForkJoinPoolHierarchicalTestExecutorService.java:135)
	at org.junit.platform.engine.support.hierarchical.NodeTestTask.lambda$executeRecursively$6(NodeTestTask.java:155)
	at org.junit.platform.engine.support.hierarchical.ThrowableCollector.execute(ThrowableCollector.java:73)
	at org.junit.platform.engine.support.hierarchical.NodeTestTask.lambda$executeRecursively$8(NodeTestTask.java:141)
	at org.junit.platform.engine.support.hierarchical.Node.around(Node.java:137)
	at org.junit.platform.engine.support.hierarchical.NodeTestTask.lambda$executeRecursively$9(NodeTestTask.java:139)
	at org.junit.platform.engine.support.hierarchical.ThrowableCollector.execute(ThrowableCollector.java:73)
	at org.junit.platform.engine.support.hierarchical.NodeTestTask.executeRecursively(NodeTestTask.java:138)
	at org.junit.platform.engine.support.hierarchical.NodeTestTask.execute(NodeTestTask.java:95)
	at org.junit.platform.engine.support.hierarchical.ForkJoinPoolHierarchicalTestExecutorService$ExclusiveTask.compute(ForkJoinPoolHierarchicalTestExecutorService.java:185)
	at org.junit.platform.engine.support.hierarchical.ForkJoinPoolHierarchicalTestExecutorService.invokeAll(ForkJoinPoolHierarchicalTestExecutorService.java:129)
	at org.junit.platform.engine.support.hierarchical.NodeTestTask.lambda$executeRecursively$6(NodeTestTask.java:155)
	at org.junit.platform.engine.support.hierarchical.ThrowableCollector.execute(ThrowableCollector.java:73)
	at org.junit.platform.engine.support.hierarchical.NodeTestTask.lambda$executeRecursively$8(NodeTestTask.java:141)
	at org.junit.platform.engine.support.hierarchical.Node.around(Node.java:137)
	at org.junit.platform.engine.support.hierarchical.NodeTestTask.lambda$executeRecursively$9(NodeTestTask.java:139)
	at org.junit.platform.engine.support.hierarchical.ThrowableCollector.execute(ThrowableCollector.java:73)
	at org.junit.platform.engine.support.hierarchical.NodeTestTask.executeRecursively(NodeTestTask.java:138)
	at org.junit.platform.engine.support.hierarchical.NodeTestTask.execute(NodeTestTask.java:95)
	at org.junit.platform.engine.support.hierarchical.ForkJoinPoolHierarchicalTestExecutorService$ExclusiveTask.compute(ForkJoinPoolHierarchicalTestExecutorService.java:185)
	at java.util.concurrent.RecursiveAction.exec(RecursiveAction.java:189)
	at java.util.concurrent.ForkJoinTask.doExec(ForkJoinTask.java:289)
	at java.util.concurrent.ForkJoinPool$WorkQueue.runTask(ForkJoinPool.java:1056)
	at java.util.concurrent.ForkJoinPool.runWorker(ForkJoinPool.java:1692)
	at java.util.concurrent.ForkJoinWorkerThread.run(ForkJoinWorkerThread.java:157)
]]></failure>
<system-out><![CDATA[
unique-id: [engine:junit-jupiter]/[class:com.evie.autotest.platform.testcase.example.xUnit0410.TestJunit5Example]/[test-template:test_1724917(com.evie.autotest.util.db.DataMap)]/[test-template-invocation:#7]
display-name: [7] data={12121_title=}
]]></system-out>
</testcase>
<testcase name="test_1271982797()[69]" classname="com.evie.autotest.platform.testcase.example.xUnit0410.TestJunit5Example" time="0.001">
<system-out><![CDATA[
unique-id: [engine:junit-jupiter]/[class:com.evie.autotest.platform.testcase.example.xUnit0410.TestJunit5Example]/[test-template:test_1271982797()]/[test-template-invocation:#69]
display-name: repetition 69 of 100
]]></system-out>
</testcase>
<testcase name="test_1271982797()[68]" classname="com.evie.autotest.platform.testcase.example.xUnit0410.TestJunit5Example" time="0">
<system-out><![CDATA[
unique-id: [engine:junit-jupiter]/[class:com.evie.autotest.platform.testcase.example.xUnit0410.TestJunit5Example]/[test-template:test_1271982797()]/[test-template-invocation:#68]
display-name: repetition 68 of 100
]]></system-out>
</testcase>
<testcase name="test_1271982797()[63]" classname="com.evie.autotest.platform.testcase.example.xUnit0410.TestJunit5Example" time="0">
<system-out><![CDATA[
unique-id: [engine:junit-jupiter]/[class:com.evie.autotest.platform.testcase.example.xUnit0410.TestJunit5Example]/[test-template:test_1271982797()]/[test-template-invocation:#63]
display-name: repetition 63 of 100
]]></system-out>
</testcase>
<testcase name="test_1271982797()[62]" classname="com.evie.autotest.platform.testcase.example.xUnit0410.TestJunit5Example" time="0">
<system-out><![CDATA[
unique-id: [engine:junit-jupiter]/[class:com.evie.autotest.platform.testcase.example.xUnit0410.TestJunit5Example]/[test-template:test_1271982797()]/[test-template-invocation:#62]
display-name: repetition 62 of 100
]]></system-out>
</testcase>
<testcase name="test_1271982797()[61]" classname="com.evie.autotest.platform.testcase.example.xUnit0410.TestJunit5Example" time="0">
<system-out><![CDATA[
unique-id: [engine:junit-jupiter]/[class:com.evie.autotest.platform.testcase.example.xUnit0410.TestJunit5Example]/[test-template:test_1271982797()]/[test-template-invocation:#61]
display-name: repetition 61 of 100
]]></system-out>
</testcase>
<testcase name="test_1271982797()[60]" classname="com.evie.autotest.platform.testcase.example.xUnit0410.TestJunit5Example" time="0">
<system-out><![CDATA[
unique-id: [engine:junit-jupiter]/[class:com.evie.autotest.platform.testcase.example.xUnit0410.TestJunit5Example]/[test-template:test_1271982797()]/[test-template-invocation:#60]
display-name: repetition 60 of 100
]]></system-out>
</testcase>
<testcase name="test_1271982797()[67]" classname="com.evie.autotest.platform.testcase.example.xUnit0410.TestJunit5Example" time="0">
<system-out><![CDATA[
unique-id: [engine:junit-jupiter]/[class:com.evie.autotest.platform.testcase.example.xUnit0410.TestJunit5Example]/[test-template:test_1271982797()]/[test-template-invocation:#67]
display-name: repetition 67 of 100
]]></system-out>
</testcase>
<testcase name="test_1271982797()[66]" classname="com.evie.autotest.platform.testcase.example.xUnit0410.TestJunit5Example" time="0">
<system-out><![CDATA[
unique-id: [engine:junit-jupiter]/[class:com.evie.autotest.platform.testcase.example.xUnit0410.TestJunit5Example]/[test-template:test_1271982797()]/[test-template-invocation:#66]
display-name: repetition 66 of 100
]]></system-out>
</testcase>
<testcase name="test_1271982797()[65]" classname="com.evie.autotest.platform.testcase.example.xUnit0410.TestJunit5Example" time="0">
<system-out><![CDATA[
unique-id: [engine:junit-jupiter]/[class:com.evie.autotest.platform.testcase.example.xUnit0410.TestJunit5Example]/[test-template:test_1271982797()]/[test-template-invocation:#65]
display-name: repetition 65 of 100
]]></system-out>
</testcase>
<testcase name="testWithEnumSourceRegex(TimeUnit)[1]" classname="com.evie.autotest.platform.testcase.example.xUnit0410.TestJunit5Example" time="0.001">
<system-out><![CDATA[
unique-id: [engine:junit-jupiter]/[class:com.evie.autotest.platform.testcase.example.xUnit0410.TestJunit5Example]/[test-template:testWithEnumSourceRegex(java.util.concurrent.TimeUnit)]/[test-template-invocation:#1]
display-name: [1] timeUnit=NANOSECONDS
]]></system-out>
</testcase>
<testcase name="test_1271982797()[64]" classname="com.evie.autotest.platform.testcase.example.xUnit0410.TestJunit5Example" time="0.001">
<system-out><![CDATA[
unique-id: [engine:junit-jupiter]/[class:com.evie.autotest.platform.testcase.example.xUnit0410.TestJunit5Example]/[test-template:test_1271982797()]/[test-template-invocation:#64]
display-name: repetition 64 of 100
]]></system-out>
</testcase>
<testcase name="testWithEnumSourceRegex(TimeUnit)[2]" classname="com.evie.autotest.platform.testcase.example.xUnit0410.TestJunit5Example" time="0.001">
<system-out><![CDATA[
unique-id: [engine:junit-jupiter]/[class:com.evie.autotest.platform.testcase.example.xUnit0410.TestJunit5Example]/[test-template:testWithEnumSourceRegex(java.util.concurrent.TimeUnit)]/[test-template-invocation:#2]
display-name: [2] timeUnit=MICROSECONDS
]]></system-out>
</testcase>
<system-out><![CDATA[
unique-id: [engine:junit-jupiter]
display-name: JUnit Jupiter
]]></system-out>
</testsuite>
