<?xml version='1.0' encoding='UTF-8'?>
<testsuite name="JUnit Vintage" tests="0" skipped="0" failures="0" errors="0" time="0.002" hostname="DESKTOP-JJM3BL5" timestamp="2021-12-21T18:47:25">
<properties>
<property name="CONSOLE_LOG_CHARSET" value="UTF-8"/>
<property name="FILE_LOG_CHARSET" value="UTF-8"/>
<property name="PID" value="15188"/>
<property name="awt.toolkit" value="sun.awt.windows.WToolkit"/>
<property name="file.encoding" value="UTF-8"/>
<property name="file.encoding.pkg" value="sun.io"/>
<property name="file.separator" value="\"/>
<property name="java.awt.graphicsenv" value="sun.awt.Win32GraphicsEnvironment"/>
<property name="java.awt.headless" value="true"/>
<property name="java.awt.printerjob" value="sun.awt.windows.WPrinterJob"/>
<property name="java.class.path" value="C:\Program Files\Java\jdk1.8.0_251\jre\lib\charsets.jar;C:\Program Files\Java\jdk1.8.0_251\jre\lib\deploy.jar;C:\Program Files\Java\jdk1.8.0_251\jre\lib\ext\access-bridge-64.jar;C:\Program Files\Java\jdk1.8.0_251\jre\lib\ext\cldrdata.jar;C:\Program Files\Java\jdk1.8.0_251\jre\lib\ext\dnsns.jar;C:\Program Files\Java\jdk1.8.0_251\jre\lib\ext\jaccess.jar;C:\Program Files\Java\jdk1.8.0_251\jre\lib\ext\jfxrt.jar;C:\Program Files\Java\jdk1.8.0_251\jre\lib\ext\localedata.jar;C:\Program Files\Java\jdk1.8.0_251\jre\lib\ext\nashorn.jar;C:\Program Files\Java\jdk1.8.0_251\jre\lib\ext\sunec.jar;C:\Program Files\Java\jdk1.8.0_251\jre\lib\ext\sunjce_provider.jar;C:\Program Files\Java\jdk1.8.0_251\jre\lib\ext\sunmscapi.jar;C:\Program Files\Java\jdk1.8.0_251\jre\lib\ext\sunpkcs11.jar;C:\Program Files\Java\jdk1.8.0_251\jre\lib\ext\zipfs.jar;C:\Program Files\Java\jdk1.8.0_251\jre\lib\javaws.jar;C:\Program Files\Java\jdk1.8.0_251\jre\lib\jce.jar;C:\Program Files\Java\jdk1.8.0_251\jre\lib\jfr.jar;C:\Program Files\Java\jdk1.8.0_251\jre\lib\jfxswt.jar;C:\Program Files\Java\jdk1.8.0_251\jre\lib\jsse.jar;C:\Program Files\Java\jdk1.8.0_251\jre\lib\management-agent.jar;C:\Program Files\Java\jdk1.8.0_251\jre\lib\plugin.jar;C:\Program Files\Java\jdk1.8.0_251\jre\lib\resources.jar;C:\Program Files\Java\jdk1.8.0_251\jre\lib\rt.jar;C:\Program Files\Java\jdk1.8.0_251\lib\tools.jar;C:\Project\autotest-sutdy\target\classes;D:\.m2\repository\org\springframework\boot\spring-boot-starter-web\2.5.5\spring-boot-starter-web-2.5.5.jar;D:\.m2\repository\org\springframework\boot\spring-boot-starter\2.5.5\spring-boot-starter-2.5.5.jar;D:\.m2\repository\org\springframework\boot\spring-boot\2.5.5\spring-boot-2.5.5.jar;D:\.m2\repository\org\springframework\boot\spring-boot-starter-logging\2.5.5\spring-boot-starter-logging-2.5.5.jar;D:\.m2\repository\ch\qos\logback\logback-classic\1.2.6\logback-classic-1.2.6.jar;D:\.m2\repository\ch\qos\logback\logback-core\1.2.6\logback-core-1.2.6.jar;D:\.m2\repository\org\apache\logging\log4j\log4j-to-slf4j\2.14.1\log4j-to-slf4j-2.14.1.jar;D:\.m2\repository\org\apache\logging\log4j\log4j-api\2.14.1\log4j-api-2.14.1.jar;D:\.m2\repository\org\slf4j\jul-to-slf4j\1.7.32\jul-to-slf4j-1.7.32.jar;D:\.m2\repository\jakarta\annotation\jakarta.annotation-api\1.3.5\jakarta.annotation-api-1.3.5.jar;D:\.m2\repository\org\springframework\boot\spring-boot-starter-json\2.5.5\spring-boot-starter-json-2.5.5.jar;D:\.m2\repository\com\fasterxml\jackson\datatype\jackson-datatype-jdk8\2.12.5\jackson-datatype-jdk8-2.12.5.jar;D:\.m2\repository\com\fasterxml\jackson\module\jackson-module-parameter-names\2.12.5\jackson-module-parameter-names-2.12.5.jar;D:\.m2\repository\org\springframework\spring-web\5.3.10\spring-web-5.3.10.jar;D:\.m2\repository\org\springframework\spring-beans\5.3.10\spring-beans-5.3.10.jar;D:\.m2\repository\org\springframework\spring-webmvc\5.3.10\spring-webmvc-5.3.10.jar;D:\.m2\repository\org\springframework\spring-expression\5.3.10\spring-expression-5.3.10.jar;D:\.m2\repository\org\springframework\cloud\spring-cloud-openfeign-core\3.0.1\spring-cloud-openfeign-core-3.0.1.jar;D:\.m2\repository\org\springframework\boot\spring-boot-autoconfigure\2.5.5\spring-boot-autoconfigure-2.5.5.jar;D:\.m2\repository\io\github\openfeign\form\feign-form-spring\3.8.0\feign-form-spring-3.8.0.jar;D:\.m2\repository\io\github\openfeign\form\feign-form\3.8.0\feign-form-3.8.0.jar;D:\.m2\repository\commons-fileupload\commons-fileupload\1.4\commons-fileupload-1.4.jar;D:\.m2\repository\org\springframework\cloud\spring-cloud-starter-openfeign\3.0.4\spring-cloud-starter-openfeign-3.0.4.jar;D:\.m2\repository\org\springframework\cloud\spring-cloud-starter\3.0.4\spring-cloud-starter-3.0.4.jar;D:\.m2\repository\org\springframework\cloud\spring-cloud-context\3.0.4\spring-cloud-context-3.0.4.jar;D:\.m2\repository\org\springframework\security\spring-security-rsa\1.0.10.RELEASE\spring-security-rsa-1.0.10.RELEASE.jar;D:\.m2\repository\org\bouncycastle\bcpkix-jdk15on\1.68\bcpkix-jdk15on-1.68.jar;D:\.m2\repository\org\bouncycastle\bcprov-jdk15on\1.68\bcprov-jdk15on-1.68.jar;D:\.m2\repository\org\springframework\cloud\spring-cloud-commons\3.0.4\spring-cloud-commons-3.0.4.jar;D:\.m2\repository\org\springframework\security\spring-security-crypto\5.5.2\spring-security-crypto-5.5.2.jar;D:\.m2\repository\io\github\openfeign\feign-core\10.12\feign-core-10.12.jar;D:\.m2\repository\io\github\openfeign\feign-slf4j\10.12\feign-slf4j-10.12.jar;D:\.m2\repository\org\springframework\boot\spring-boot-starter-aop\2.5.5\spring-boot-starter-aop-2.5.5.jar;D:\.m2\repository\org\springframework\spring-aop\5.3.10\spring-aop-5.3.10.jar;D:\.m2\repository\org\aspectj\aspectjweaver\1.9.7\aspectjweaver-1.9.7.jar;D:\.m2\repository\org\springframework\boot\spring-boot-starter-undertow\2.5.5\spring-boot-starter-undertow-2.5.5.jar;D:\.m2\repository\io\undertow\undertow-core\2.2.10.Final\undertow-core-2.2.10.Final.jar;D:\.m2\repository\org\jboss\logging\jboss-logging\3.4.2.Final\jboss-logging-3.4.2.Final.jar;D:\.m2\repository\org\jboss\xnio\xnio-api\3.8.4.Final\xnio-api-3.8.4.Final.jar;D:\.m2\repository\org\wildfly\common\wildfly-common\1.5.2.Final\wildfly-common-1.5.2.Final.jar;D:\.m2\repository\org\wildfly\client\wildfly-client-config\1.0.1.Final\wildfly-client-config-1.0.1.Final.jar;D:\.m2\repository\org\jboss\xnio\xnio-nio\3.8.4.Final\xnio-nio-3.8.4.Final.jar;D:\.m2\repository\org\jboss\threads\jboss-threads\3.1.0.Final\jboss-threads-3.1.0.Final.jar;D:\.m2\repository\io\undertow\undertow-servlet\2.2.10.Final\undertow-servlet-2.2.10.Final.jar;D:\.m2\repository\org\jboss\spec\javax\annotation\jboss-annotations-api_1.3_spec\2.0.1.Final\jboss-annotations-api_1.3_spec-2.0.1.Final.jar;D:\.m2\repository\io\undertow\undertow-websockets-jsr\2.2.10.Final\undertow-websockets-jsr-2.2.10.Final.jar;D:\.m2\repository\org\jboss\spec\javax\websocket\jboss-websocket-api_1.1_spec\2.0.0.Final\jboss-websocket-api_1.1_spec-2.0.0.Final.jar;D:\.m2\repository\jakarta\servlet\jakarta.servlet-api\4.0.4\jakarta.servlet-api-4.0.4.jar;D:\.m2\repository\org\apache\tomcat\embed\tomcat-embed-el\9.0.53\tomcat-embed-el-9.0.53.jar;D:\.m2\repository\org\springframework\boot\spring-boot-starter-test\2.5.5\spring-boot-starter-test-2.5.5.jar;D:\.m2\repository\org\springframework\boot\spring-boot-test\2.5.5\spring-boot-test-2.5.5.jar;D:\.m2\repository\org\springframework\boot\spring-boot-test-autoconfigure\2.5.5\spring-boot-test-autoconfigure-2.5.5.jar;D:\.m2\repository\com\jayway\jsonpath\json-path\2.5.0\json-path-2.5.0.jar;D:\.m2\repository\net\minidev\json-smart\2.4.7\json-smart-2.4.7.jar;D:\.m2\repository\net\minidev\accessors-smart\2.4.7\accessors-smart-2.4.7.jar;D:\.m2\repository\jakarta\xml\bind\jakarta.xml.bind-api\2.3.3\jakarta.xml.bind-api-2.3.3.jar;D:\.m2\repository\jakarta\activation\jakarta.activation-api\1.2.2\jakarta.activation-api-1.2.2.jar;D:\.m2\repository\org\assertj\assertj-core\3.19.0\assertj-core-3.19.0.jar;D:\.m2\repository\org\hamcrest\hamcrest\2.2\hamcrest-2.2.jar;D:\.m2\repository\org\mockito\mockito-core\3.9.0\mockito-core-3.9.0.jar;D:\.m2\repository\net\bytebuddy\byte-buddy-agent\1.10.22\byte-buddy-agent-1.10.22.jar;D:\.m2\repository\org\objenesis\objenesis\3.2\objenesis-3.2.jar;D:\.m2\repository\org\skyscreamer\jsonassert\1.5.0\jsonassert-1.5.0.jar;D:\.m2\repository\com\vaadin\external\google\android-json\0.0.20131108.vaadin1\android-json-0.0.20131108.vaadin1.jar;D:\.m2\repository\org\springframework\spring-core\5.3.10\spring-core-5.3.10.jar;D:\.m2\repository\org\springframework\spring-jcl\5.3.10\spring-jcl-5.3.10.jar;D:\.m2\repository\org\springframework\spring-test\5.3.10\spring-test-5.3.10.jar;D:\.m2\repository\org\xmlunit\xmlunit-core\2.8.2\xmlunit-core-2.8.2.jar;D:\.m2\repository\io\springfox\springfox-boot-starter\3.0.0\springfox-boot-starter-3.0.0.jar;D:\.m2\repository\io\springfox\springfox-oas\3.0.0\springfox-oas-3.0.0.jar;D:\.m2\repository\io\swagger\core\v3\swagger-annotations\2.1.2\swagger-annotations-2.1.2.jar;D:\.m2\repository\io\swagger\core\v3\swagger-models\2.1.2\swagger-models-2.1.2.jar;D:\.m2\repository\io\springfox\springfox-spi\3.0.0\springfox-spi-3.0.0.jar;D:\.m2\repository\io\springfox\springfox-schema\3.0.0\springfox-schema-3.0.0.jar;D:\.m2\repository\io\springfox\springfox-core\3.0.0\springfox-core-3.0.0.jar;D:\.m2\repository\io\springfox\springfox-spring-web\3.0.0\springfox-spring-web-3.0.0.jar;D:\.m2\repository\io\github\classgraph\classgraph\4.8.83\classgraph-4.8.83.jar;D:\.m2\repository\io\springfox\springfox-spring-webmvc\3.0.0\springfox-spring-webmvc-3.0.0.jar;D:\.m2\repository\io\springfox\springfox-spring-webflux\3.0.0\springfox-spring-webflux-3.0.0.jar;D:\.m2\repository\io\springfox\springfox-swagger-common\3.0.0\springfox-swagger-common-3.0.0.jar;D:\.m2\repository\org\mapstruct\mapstruct\1.3.1.Final\mapstruct-1.3.1.Final.jar;D:\.m2\repository\io\springfox\springfox-data-rest\3.0.0\springfox-data-rest-3.0.0.jar;D:\.m2\repository\io\springfox\springfox-bean-validators\3.0.0\springfox-bean-validators-3.0.0.jar;D:\.m2\repository\io\springfox\springfox-swagger2\3.0.0\springfox-swagger2-3.0.0.jar;D:\.m2\repository\io\swagger\swagger-annotations\1.5.20\swagger-annotations-1.5.20.jar;D:\.m2\repository\io\swagger\swagger-models\1.5.20\swagger-models-1.5.20.jar;D:\.m2\repository\io\springfox\springfox-swagger-ui\3.0.0\springfox-swagger-ui-3.0.0.jar;D:\.m2\repository\com\fasterxml\classmate\1.5.1\classmate-1.5.1.jar;D:\.m2\repository\org\slf4j\slf4j-api\1.7.32\slf4j-api-1.7.32.jar;D:\.m2\repository\org\springframework\plugin\spring-plugin-core\2.0.0.RELEASE\spring-plugin-core-2.0.0.RELEASE.jar;D:\.m2\repository\org\springframework\plugin\spring-plugin-metadata\2.0.0.RELEASE\spring-plugin-metadata-2.0.0.RELEASE.jar;D:\.m2\repository\com\squareup\okhttp3\okhttp\3.14.9\okhttp-3.14.9.jar;D:\.m2\repository\com\squareup\okio\okio\1.17.2\okio-1.17.2.jar;D:\.m2\repository\org\junit\jupiter\junit-jupiter\5.8.1\junit-jupiter-5.8.1.jar;D:\.m2\repository\org\junit\jupiter\junit-jupiter-api\5.8.1\junit-jupiter-api-5.8.1.jar;D:\.m2\repository\org\opentest4j\opentest4j\1.2.0\opentest4j-1.2.0.jar;D:\.m2\repository\org\junit\jupiter\junit-jupiter-params\5.8.1\junit-jupiter-params-5.8.1.jar;D:\.m2\repository\org\junit\jupiter\junit-jupiter-engine\5.8.1\junit-jupiter-engine-5.8.1.jar;D:\.m2\repository\org\junit\vintage\junit-vintage-engine\5.8.1\junit-vintage-engine-5.8.1.jar;D:\.m2\repository\org\junit\platform\junit-platform-engine\1.8.1\junit-platform-engine-1.8.1.jar;D:\.m2\repository\junit\junit\4.13.2\junit-4.13.2.jar;D:\.m2\repository\org\hamcrest\hamcrest-core\2.2\hamcrest-core-2.2.jar;D:\.m2\repository\org\apiguardian\apiguardian-api\1.1.2\apiguardian-api-1.1.2.jar;D:\.m2\repository\org\junit\platform\junit-platform-runner\1.8.2\junit-platform-runner-1.8.2.jar;D:\.m2\repository\org\junit\platform\junit-platform-launcher\1.8.1\junit-platform-launcher-1.8.1.jar;D:\.m2\repository\org\junit\platform\junit-platform-suite-commons\1.8.1\junit-platform-suite-commons-1.8.1.jar;D:\.m2\repository\org\junit\platform\junit-platform-suite-api\1.8.2\junit-platform-suite-api-1.8.2.jar;D:\.m2\repository\org\junit\platform\junit-platform-commons\1.8.1\junit-platform-commons-1.8.1.jar;D:\.m2\repository\org\junit\platform\junit-platform-reporting\1.8.2\junit-platform-reporting-1.8.2.jar;D:\.m2\repository\com\fasterxml\jackson\core\jackson-databind\2.12.5\jackson-databind-2.12.5.jar;D:\.m2\repository\com\fasterxml\jackson\core\jackson-core\2.12.5\jackson-core-2.12.5.jar;D:\.m2\repository\com\fasterxml\jackson\core\jackson-annotations\2.12.5\jackson-annotations-2.12.5.jar;D:\.m2\repository\com\fasterxml\jackson\datatype\jackson-datatype-jsr310\2.12.5\jackson-datatype-jsr310-2.12.5.jar;D:\.m2\repository\com\fasterxml\jackson\module\jackson-module-paranamer\2.12.5\jackson-module-paranamer-2.12.5.jar;D:\.m2\repository\com\thoughtworks\paranamer\paranamer\2.8\paranamer-2.8.jar;D:\.m2\repository\com\fasterxml\jackson\dataformat\jackson-dataformat-csv\2.12.5\jackson-dataformat-csv-2.12.5.jar;D:\.m2\repository\com\fasterxml\jackson\dataformat\jackson-dataformat-xml\2.12.5\jackson-dataformat-xml-2.12.5.jar;D:\.m2\repository\com\fasterxml\jackson\module\jackson-module-jaxb-annotations\2.12.5\jackson-module-jaxb-annotations-2.12.5.jar;D:\.m2\repository\org\codehaus\woodstox\stax2-api\4.2.1\stax2-api-4.2.1.jar;D:\.m2\repository\com\fasterxml\woodstox\woodstox-core\6.2.4\woodstox-core-6.2.4.jar;D:\.m2\repository\org\yaml\snakeyaml\1.28\snakeyaml-1.28.jar;D:\.m2\repository\com\alibaba\fastjson\1.2.76\fastjson-1.2.76.jar;D:\.m2\repository\com\massisframework\j-text-utils\0.3.4\j-text-utils-0.3.4.jar;D:\.m2\repository\commons-lang\commons-lang\2.6\commons-lang-2.6.jar;D:\.m2\repository\au\com\bytecode\opencsv\2.4\opencsv-2.4.jar;D:\.m2\repository\org\openjdk\jmh\jmh-core\1.29\jmh-core-1.29.jar;D:\.m2\repository\net\sf\jopt-simple\jopt-simple\4.6\jopt-simple-4.6.jar;D:\.m2\repository\org\apache\commons\commons-math3\3.2\commons-math3-3.2.jar;D:\.m2\repository\org\openjdk\jmh\jmh-generator-annprocess\1.29\jmh-generator-annprocess-1.29.jar;D:\.m2\repository\cn\hutool\hutool-all\5.6.5\hutool-all-5.6.5.jar;D:\.m2\repository\io\appium\java-client\7.5.1\java-client-7.5.1.jar;D:\.m2\repository\org\seleniumhq\selenium\selenium-support\3.141.59\selenium-support-3.141.59.jar;D:\.m2\repository\org\seleniumhq\selenium\selenium-api\3.141.59\selenium-api-3.141.59.jar;D:\.m2\repository\org\apache\httpcomponents\httpclient\4.5.13\httpclient-4.5.13.jar;D:\.m2\repository\org\apache\httpcomponents\httpcore\4.4.14\httpcore-4.4.14.jar;D:\.m2\repository\commons-codec\commons-codec\1.15\commons-codec-1.15.jar;D:\.m2\repository\cglib\cglib\3.3.0\cglib-3.3.0.jar;D:\.m2\repository\org\ow2\asm\asm\7.1\asm-7.1.jar;D:\.m2\repository\commons-validator\commons-validator\1.7\commons-validator-1.7.jar;D:\.m2\repository\commons-beanutils\commons-beanutils\1.9.4\commons-beanutils-1.9.4.jar;D:\.m2\repository\commons-digester\commons-digester\2.1\commons-digester-2.1.jar;D:\.m2\repository\commons-logging\commons-logging\1.2\commons-logging-1.2.jar;D:\.m2\repository\commons-collections\commons-collections\3.2.2\commons-collections-3.2.2.jar;D:\.m2\repository\org\apache\commons\commons-lang3\3.12.0\commons-lang3-3.12.0.jar;D:\.m2\repository\commons-io\commons-io\2.8.0\commons-io-2.8.0.jar;D:\.m2\repository\org\springframework\spring-context\5.3.10\spring-context-5.3.10.jar;D:\.m2\repository\com\microsoft\playwright\playwright\1.11.0\playwright-1.11.0.jar;D:\.m2\repository\org\java-websocket\Java-WebSocket\1.5.1\Java-WebSocket-1.5.1.jar;D:\.m2\repository\com\microsoft\playwright\driver\1.11.0\driver-1.11.0.jar;D:\.m2\repository\com\microsoft\playwright\driver-bundle\1.11.0\driver-bundle-1.11.0.jar;D:\.m2\repository\com\github\spullara\mustache\java\compiler\0.9.7\compiler-0.9.7.jar;D:\.m2\repository\org\seleniumhq\selenium\selenium-java\3.141.59\selenium-java-3.141.59.jar;D:\.m2\repository\org\seleniumhq\selenium\selenium-chrome-driver\3.141.59\selenium-chrome-driver-3.141.59.jar;D:\.m2\repository\org\seleniumhq\selenium\selenium-edge-driver\3.141.59\selenium-edge-driver-3.141.59.jar;D:\.m2\repository\org\seleniumhq\selenium\selenium-firefox-driver\3.141.59\selenium-firefox-driver-3.141.59.jar;D:\.m2\repository\org\seleniumhq\selenium\selenium-ie-driver\3.141.59\selenium-ie-driver-3.141.59.jar;D:\.m2\repository\org\seleniumhq\selenium\selenium-opera-driver\3.141.59\selenium-opera-driver-3.141.59.jar;D:\.m2\repository\org\seleniumhq\selenium\selenium-remote-driver\3.141.59\selenium-remote-driver-3.141.59.jar;D:\.m2\repository\org\seleniumhq\selenium\selenium-safari-driver\3.141.59\selenium-safari-driver-3.141.59.jar;D:\.m2\repository\net\bytebuddy\byte-buddy\1.10.22\byte-buddy-1.10.22.jar;D:\.m2\repository\org\apache\commons\commons-exec\1.3\commons-exec-1.3.jar;D:\.m2\repository\com\google\guava\guava\30.1.1-jre\guava-30.1.1-jre.jar;D:\.m2\repository\com\google\guava\failureaccess\1.0.1\failureaccess-1.0.1.jar;D:\.m2\repository\com\google\guava\listenablefuture\9999.0-empty-to-avoid-conflict-with-guava\listenablefuture-9999.0-empty-to-avoid-conflict-with-guava.jar;D:\.m2\repository\com\google\code\findbugs\jsr305\3.0.2\jsr305-3.0.2.jar;D:\.m2\repository\org\checkerframework\checker-qual\3.8.0\checker-qual-3.8.0.jar;D:\.m2\repository\com\google\errorprone\error_prone_annotations\2.5.1\error_prone_annotations-2.5.1.jar;D:\.m2\repository\com\google\j2objc\j2objc-annotations\1.3\j2objc-annotations-1.3.jar;D:\.m2\repository\com\google\code\gson\gson\2.8.8\gson-2.8.8.jar;D:\.m2\repository\org\projectlombok\lombok\1.18.20\lombok-1.18.20.jar;C:\Program Files\JetBrains\IntelliJ IDEA Community Edition 2021.1\lib\idea_rt.jar"/>
<property name="java.class.version" value="52.0"/>
<property name="java.endorsed.dirs" value="C:\Program Files\Java\jdk1.8.0_251\jre\lib\endorsed"/>
<property name="java.ext.dirs" value="C:\Program Files\Java\jdk1.8.0_251\jre\lib\ext;C:\Windows\Sun\Java\lib\ext"/>
<property name="java.home" value="C:\Program Files\Java\jdk1.8.0_251\jre"/>
<property name="java.io.tmpdir" value="C:\Users\renyiwei\AppData\Local\Temp\"/>
<property name="java.library.path" value="C:\Program Files\Java\jdk1.8.0_251\bin;C:\Windows\Sun\Java\bin;C:\Windows\system32;C:\Windows;C:\Python39\Scripts\;C:\Python39\;C:\Program Files (x86)\Common Files\Oracle\Java\javapath;C:\Windows\system32;C:\Windows;C:\Windows\System32\Wbem;C:\Windows\System32\WindowsPowerShell\v1.0\;C:\Windows\System32\OpenSSH\;C:\Program Files\Java\jdk1.8.0_251\bin;C:\Program Files\maven\apache-maven-3.6.3-bin\apache-maven-3.6.3\bin;C:\Program Files\maven\apache-maven-3.6.3-bin\apache-maven-3.6.3\bin;C:\Users\任一伟\AppData\Local\Programs\Python\Python37\Scripts\;C:;Users\任一伟\AppData\Local\Programs\Python\Python37\;C:;Anaconda;C:\Anaconda\Scripts;C:\ProgramData\chocolatey\bin;C:\Program Files (x86)\Gow\bin;C:\Program Files\Git\cmd;C:\Program Files\nodejs\;C:\Program Files\dotnet\;C:\Program Files\Docker\Docker\resources\bin;C:\ProgramData\DockerDesktop\version-bin;C:\Users\任一伟\AppData\Local\Programs\Python\Python37\Scripts\;C:\Users\任一伟\AppData\Local\Programs\Python\Python37\;C:\Users\renyiwei\AppData\Local\Microsoft\WindowsApps;C:\Program Files\JetBrains\IntelliJ IDEA Community Edition 2021.1\bin;;C:\Program Files\JetBrains\PyCharm Community Edition 2020.3.2\bin;;C:\Users\renyiwei\AppData\Roaming\npm;C:\Users\renyiwei\AppData\Local\Programs\Microsoft VS Code\bin;."/>
<property name="java.runtime.name" value="Java(TM) SE Runtime Environment"/>
<property name="java.runtime.version" value="1.8.0_251-b08"/>
<property name="java.specification.name" value="Java Platform API Specification"/>
<property name="java.specification.vendor" value="Oracle Corporation"/>
<property name="java.specification.version" value="1.8"/>
<property name="java.vendor" value="Oracle Corporation"/>
<property name="java.vendor.url" value="http://java.oracle.com/"/>
<property name="java.vendor.url.bug" value="http://bugreport.sun.com/bugreport/"/>
<property name="java.version" value="1.8.0_251"/>
<property name="java.vm.info" value="mixed mode"/>
<property name="java.vm.name" value="Java HotSpot(TM) 64-Bit Server VM"/>
<property name="java.vm.specification.name" value="Java Virtual Machine Specification"/>
<property name="java.vm.specification.vendor" value="Oracle Corporation"/>
<property name="java.vm.specification.version" value="1.8"/>
<property name="java.vm.vendor" value="Oracle Corporation"/>
<property name="java.vm.version" value="25.251-b08"/>
<property name="line.separator" value="&#xd;&#xa;"/>
<property name="os.arch" value="amd64"/>
<property name="os.name" value="Windows 10"/>
<property name="os.version" value="10.0"/>
<property name="path.separator" value=";"/>
<property name="spring.beaninfo.ignore" value="true"/>
<property name="sun.arch.data.model" value="64"/>
<property name="sun.boot.class.path" value="C:\Program Files\Java\jdk1.8.0_251\jre\lib\resources.jar;C:\Program Files\Java\jdk1.8.0_251\jre\lib\rt.jar;C:\Program Files\Java\jdk1.8.0_251\jre\lib\sunrsasign.jar;C:\Program Files\Java\jdk1.8.0_251\jre\lib\jsse.jar;C:\Program Files\Java\jdk1.8.0_251\jre\lib\jce.jar;C:\Program Files\Java\jdk1.8.0_251\jre\lib\charsets.jar;C:\Program Files\Java\jdk1.8.0_251\jre\lib\jfr.jar;C:\Program Files\Java\jdk1.8.0_251\jre\classes"/>
<property name="sun.boot.library.path" value="C:\Program Files\Java\jdk1.8.0_251\jre\bin"/>
<property name="sun.cpu.endian" value="little"/>
<property name="sun.cpu.isalist" value="amd64"/>
<property name="sun.desktop" value="windows"/>
<property name="sun.io.unicode.encoding" value="UnicodeLittle"/>
<property name="sun.java.command" value="com.evie.autotest.AutotestApplication"/>
<property name="sun.java.launcher" value="SUN_STANDARD"/>
<property name="sun.jnu.encoding" value="GBK"/>
<property name="sun.management.compiler" value="HotSpot 64-Bit Tiered Compilers"/>
<property name="sun.nio.ch.bugLevel" value=""/>
<property name="sun.os.patch.level" value=""/>
<property name="user.country" value="CN"/>
<property name="user.dir" value="C:\Project\autotest-sutdy"/>
<property name="user.home" value="C:\Users\renyiwei"/>
<property name="user.language" value="zh"/>
<property name="user.name" value="renyiwei"/>
<property name="user.script" value=""/>
<property name="user.timezone" value="Asia/Shanghai"/>
<property name="user.variant" value=""/>
</properties>
<system-out><![CDATA[
unique-id: [engine:junit-vintage]
display-name: JUnit Vintage
]]></system-out>
</testsuite>
